HEAD is now at 081932d2 Add const to boolean operators
WARNING at the command-line "--args":1:249: Build argument has no effect.
is_debug=true use_partition_alloc_as_malloc=true use_allocator_shim=true shim_supports_sized_dealloc=true enable_backup_ref_ptr_support=true enable_backup_ref_ptr_slow_checks=true enable_dangling_raw_ptr_checks=true enable_ios_corruption_hardening=true raw_ptr_zero_on_construct=true raw_ptr_zero_on_move=true raw_ptr_zero_on_destruct=true
                                                                                                                                                                                                                                                        ^---
The variable "enable_ios_corruption_hardening" was set as a build argument
but never appeared in a declare_args() block in any buildfile.

To view all possible args, run "gn args --list <out_dir>"

The build continued as if that argument was unspecified.

Done. Made 15 targets from 8 files in 4ms
ninja: Entering directory `out/debug'
[1/24] CXX ../../src/partition_alloc/gwp_asan_support.cc
[2/24] CXX ../../src/partition_alloc/partition_alloc.cc
[3/24] CXX ../../src/partition_alloc/in_slot_metadata.cc
[4/24] CXX ../../src/partition_alloc/internal_allocator.cc
[5/24] CXX ../../src/partition_alloc/memory_reclaimer.cc
[6/24] CXX ../../src/partition_alloc/partition_bucket.cc
[7/24] CXX ../../src/partition_alloc/partition_dcheck_helper.cc
[8/24] CXX ../../src/partition_alloc/partition_page.cc
[9/24] CXX ../../src/partition_alloc/scheduler_loop_quarantine_support.cc
[10/24] CXX ../../src/partition_alloc/partition_root.cc
[11/24] CXX ../../src/partition_alloc/scheduler_loop_quarantine.cc
[12/24] CXX ../../src/partition_alloc/stack/stack.cc
[13/24] CXX ../../src/partition_alloc/thread_cache.cc
[14/24] LINK (static) liballocator_core.a
[15/24] CXX ../../src/partition_alloc/shim/allocator_shim_dispatch_to_noop_on_free.cc
[16/24] CXX ../../src/partition_alloc/shim/allocator_shim.cc
[17/24] CXX ../../src/partition_alloc/shim/allocator_shim_default_dispatch_to_partition_alloc_with_advanced_checks.cc
[18/24] CXX ../../src/partition_alloc/pointers/instance_tracer.cc
[19/24] CXX ../../src/partition_alloc/shim/allocator_shim_default_dispatch_to_partition_alloc.cc
[20/24] LINK (static) liballocator_shim.a
[21/24] CXX ../../src/partition_alloc/pointers/raw_ptr_backup_ref_impl.cc
[22/24] LINK (static) libraw_ptr.a
[23/24] CXX ../../src/partition_alloc/extended_api.cc
[24/24] CXX ../../src/partition_alloc/partition_alloc_base/threading/platform_thread_posix_for_testing.cc
