HEAD is now at 329ff99d Remove base::MakeClampedNum()
WARNING at the command-line "--args":1:249: Build argument has no effect.
is_debug=true use_partition_alloc_as_malloc=true use_allocator_shim=true shim_supports_sized_dealloc=true enable_backup_ref_ptr_support=true enable_backup_ref_ptr_slow_checks=true enable_dangling_raw_ptr_checks=true enable_ios_corruption_hardening=true raw_ptr_zero_on_construct=true raw_ptr_zero_on_move=true raw_ptr_zero_on_destruct=true
                                                                                                                                                                                                                                                        ^---
The variable "enable_ios_corruption_hardening" was set as a build argument
but never appeared in a declare_args() block in any buildfile.

To view all possible args, run "gn args --list <out_dir>"

The build continued as if that argument was unspecified.

Done. Made 15 targets from 8 files in 4ms
ninja: Entering directory `out/debug'
[1/44] CXX ../../src/partition_alloc/partition_alloc_base/time/time_conversion_posix.cc
[2/44] CXX ../../src/partition_alloc/partition_alloc_base/time/time_override.cc
[3/44] CXX ../../src/partition_alloc/partition_alloc_base/threading/platform_thread.cc
[4/44] CXX ../../src/partition_alloc/partition_alloc_base/debug/stack_trace.cc
[5/44] CXX ../../src/partition_alloc/partition_alloc_base/threading/platform_thread_posix.cc
[6/44] CXX ../../src/partition_alloc/partition_alloc_base/time/time.cc
[7/44] CXX ../../src/partition_alloc/partition_alloc_base/time/time_now_posix.cc
[8/44] LINK (static) liballocator_base.a
[9/44] CXX ../../src/partition_alloc/address_pool_manager.cc
[10/44] CXX ../../src/partition_alloc/address_pool_manager_bitmap.cc
[11/44] CXX ../../src/partition_alloc/gwp_asan_support.cc
[12/44] CXX ../../src/partition_alloc/in_slot_metadata.cc
[13/44] CXX ../../src/partition_alloc/page_allocator.cc
[14/44] CXX ../../src/partition_alloc/internal_allocator.cc
[15/44] CXX ../../src/partition_alloc/memory_reclaimer.cc
[16/44] CXX ../../src/partition_alloc/partition_address_space.cc
[17/44] CXX ../../src/partition_alloc/partition_alloc_hooks.cc
[18/44] CXX ../../src/partition_alloc/partition_alloc.cc
[19/44] CXX ../../src/partition_alloc/partition_freelist_entry.cc
[20/44] CXX ../../src/partition_alloc/partition_dcheck_helper.cc
[21/44] CXX ../../src/partition_alloc/partition_bucket.cc
[22/44] CXX ../../src/partition_alloc/partition_page.cc
[23/44] CXX ../../src/partition_alloc/random.cc
[24/44] CXX ../../src/partition_alloc/reservation_offset_table.cc
[25/44] CXX ../../src/partition_alloc/partition_root.cc
[26/44] CXX ../../src/partition_alloc/spinning_mutex.cc
[27/44] CXX ../../src/partition_alloc/scheduler_loop_quarantine_support.cc
[28/44] CXX ../../src/partition_alloc/scheduler_loop_quarantine.cc
[29/44] CXX ../../src/partition_alloc/slot_start.cc
[30/44] CXX ../../src/partition_alloc/thread_isolation/thread_isolation.cc
[31/44] CXX ../../src/partition_alloc/stack/stack.cc
[32/44] CXX ../../src/partition_alloc/thread_cache.cc
[33/44] LINK (static) liballocator_core.a
[34/44] CXX ../../src/partition_alloc/shim/allocator_shim_dispatch_to_noop_on_free.cc
[35/44] CXX ../../src/partition_alloc/shim/allocator_shim.cc
[36/44] CXX ../../src/partition_alloc/shim/allocator_shim_default_dispatch_to_partition_alloc.cc
[37/44] CXX ../../src/partition_alloc/pointers/instance_tracer.cc
[38/44] CXX ../../src/partition_alloc/shim/allocator_shim_default_dispatch_to_partition_alloc_with_advanced_checks.cc
[39/44] LINK (static) liballocator_shim.a
[40/44] CXX ../../src/partition_alloc/pointers/raw_ptr_backup_ref_impl.cc
[41/44] LINK (static) libraw_ptr.a
[42/44] CXX ../../src/partition_alloc/partition_alloc_base/threading/platform_thread_linux_for_testing.cc
[43/44] CXX ../../src/partition_alloc/extended_api.cc
[44/44] CXX ../../src/partition_alloc/partition_alloc_base/threading/platform_thread_posix_for_testing.cc
