HEAD is now at 3c6388b2 Convert to UNSAFE_TODO in partition_alloc in partition_alloc_base_1
WARNING at the command-line "--args":1:249: Build argument has no effect.
is_debug=true use_partition_alloc_as_malloc=true use_allocator_shim=true shim_supports_sized_dealloc=true enable_backup_ref_ptr_support=true enable_backup_ref_ptr_slow_checks=true enable_dangling_raw_ptr_checks=true enable_ios_corruption_hardening=true raw_ptr_zero_on_construct=true raw_ptr_zero_on_move=true raw_ptr_zero_on_destruct=true
                                                                                                                                                                                                                                                        ^---
The variable "enable_ios_corruption_hardening" was set as a build argument
but never appeared in a declare_args() block in any buildfile.

To view all possible args, run "gn args --list <out_dir>"

The build continued as if that argument was unspecified.

Done. Made 15 targets from 8 files in 4ms
ninja: Entering directory `out/debug'
[1/71] CXX ../../src/partition_alloc/partition_alloc_base/check.cc
[2/71] CXX ../../src/partition_alloc/partition_alloc_base/debug/alias.cc
[3/71] CXX ../../src/partition_alloc/partition_alloc_base/logging.cc
[4/71] CXX ../../src/partition_alloc/partition_alloc_base/rand_util.cc
[5/71] CXX ../../src/partition_alloc/partition_alloc_base/log_message.cc
[6/71] CXX ../../src/partition_alloc/partition_alloc_base/strings/string_util.cc
[7/71] CXX ../../src/partition_alloc/partition_alloc_base/strings/cstring_builder.cc
[8/71] CXX ../../src/partition_alloc/partition_alloc_base/cpu.cc
[9/71] CXX ../../src/partition_alloc/partition_alloc_base/memory/ref_counted.cc
[10/71] CXX ../../src/partition_alloc/partition_alloc_base/debug/stack_trace.cc
[11/71] CXX ../../src/partition_alloc/partition_alloc_base/strings/safe_sprintf.cc
[12/71] CXX ../../src/partition_alloc/partition_alloc_base/files/file_util_posix.cc
[13/71] CXX ../../src/partition_alloc/partition_alloc_base/debug/stack_trace_posix.cc
[14/71] CXX ../../src/partition_alloc/partition_alloc_base/strings/stringprintf.cc
[15/71] CXX ../../src/partition_alloc/partition_alloc_base/time/time_override.cc
[16/71] CXX ../../src/partition_alloc/partition_alloc_base/debug/stack_trace_linux.cc
[17/71] CXX ../../src/partition_alloc/partition_alloc_base/rand_util_posix.cc
[18/71] CXX ../../src/partition_alloc/partition_alloc_base/threading/platform_thread.cc
[19/71] CXX ../../src/partition_alloc/partition_alloc_base/time/time_conversion_posix.cc
[20/71] CXX ../../src/partition_alloc/address_space_randomization.cc
[21/71] CXX ../../src/partition_alloc/partition_alloc_base/time/time.cc
[22/71] CXX ../../src/partition_alloc/dangling_raw_ptr_checks.cc
[23/71] CXX ../../src/partition_alloc/partition_alloc_base/threading/platform_thread_posix.cc
[24/71] CXX ../../src/partition_alloc/partition_alloc_base/time/time_now_posix.cc
[25/71] LINK (static) liballocator_base.a
[26/71] CXX ../../src/partition_alloc/compressed_pointer.cc
[27/71] CXX ../../src/partition_alloc/address_pool_manager_bitmap.cc
[28/71] CXX ../../src/partition_alloc/address_pool_manager.cc
[29/71] CXX ../../src/partition_alloc/oom.cc
[30/71] CXX ../../src/partition_alloc/oom_callback.cc
[31/71] CXX ../../src/partition_alloc/in_slot_metadata.cc
[32/71] CXX ../../src/partition_alloc/internal_allocator.cc
[33/71] CXX ../../src/partition_alloc/gwp_asan_support.cc
[34/71] CXX ../../src/partition_alloc/page_allocator.cc
[35/71] CXX ../../src/partition_alloc/partition_cookie.cc
[36/71] CXX ../../src/partition_alloc/memory_reclaimer.cc
[37/71] CXX ../../src/partition_alloc/partition_address_space.cc
[38/71] CXX ../../src/partition_alloc/partition_oom.cc
[39/71] CXX ../../src/partition_alloc/partition_alloc_hooks.cc
[40/71] CXX ../../src/partition_alloc/partition_freelist_entry.cc
[41/71] CXX ../../src/partition_alloc/partition_alloc.cc
[42/71] CXX ../../src/partition_alloc/partition_stats.cc
[43/71] CXX ../../src/partition_alloc/partition_page.cc
[44/71] CXX ../../src/partition_alloc/partition_dcheck_helper.cc
[45/71] CXX ../../src/partition_alloc/partition_bucket.cc
[46/71] CXX ../../src/partition_alloc/random.cc
[47/71] CXX ../../src/partition_alloc/reservation_offset_table.cc
[48/71] CXX ../../src/partition_alloc/partition_root.cc
[49/71] CXX ../../src/partition_alloc/tagging.cc
[50/71] CXX ../../src/partition_alloc/slot_start.cc
[51/71] CXX ../../src/partition_alloc/thread_isolation/pkey.cc
[52/71] CXX ../../src/partition_alloc/scheduler_loop_quarantine_support.cc
[53/71] CXX ../../src/partition_alloc/spinning_mutex.cc
[54/71] CXX ../../src/partition_alloc/scheduler_loop_quarantine.cc
[55/71] CXX ../../src/partition_alloc/page_allocator_internals_posix.cc
[56/71] CXX ../../src/partition_alloc/thread_isolation/thread_isolation.cc
[57/71] CXX ../../src/partition_alloc/thread_cache.cc
[58/71] CXX ../../src/partition_alloc/stack/stack.cc
[59/71] LINK (static) liballocator_core.a
[60/71] CXX ../../src/partition_alloc/shim/allocator_shim.cc
[61/71] CXX ../../src/partition_alloc/shim/allocator_shim_dispatch_to_noop_on_free.cc
[62/71] CXX ../../src/partition_alloc/shim/allocator_shim_default_dispatch_to_partition_alloc.cc
[63/71] CXX ../../src/partition_alloc/shim/allocator_shim_default_dispatch_to_partition_alloc_with_advanced_checks.cc
[64/71] LINK (static) liballocator_shim.a
[65/71] CXX ../../src/partition_alloc/pointers/instance_tracer.cc
[66/71] CXX ../../src/partition_alloc/pointers/raw_ptr_counting_impl_for_test.cc
[67/71] CXX ../../src/partition_alloc/pointers/raw_ptr_backup_ref_impl.cc
[68/71] LINK (static) libraw_ptr.a
[69/71] CXX ../../src/partition_alloc/extended_api.cc
[70/71] CXX ../../src/partition_alloc/partition_alloc_base/threading/platform_thread_linux_for_testing.cc
[71/71] CXX ../../src/partition_alloc/partition_alloc_base/threading/platform_thread_posix_for_testing.cc
