Note: switching to '672834421883ed82745701ef948e27175b0a21cf'.

You are in 'detached HEAD' state. You can look around, make experimental
changes and commit them, and you can discard any commits you make in this
state without impacting any branches by switching back to a branch.

If you want to create a new branch to retain commits you create, you may
do so (now or later) by using -c with the switch command. Example:

  git switch -c <new-branch-name>

Or undo this operation with:

  git switch -

Turn off this advice by setting config variable advice.detachedHead to false

HEAD is now at 67283442 win: Add missing <limits> include
WARNING at the command-line "--args":1:249: Build argument has no effect.
is_debug=true use_partition_alloc_as_malloc=true use_allocator_shim=true shim_supports_sized_dealloc=true enable_backup_ref_ptr_support=true enable_backup_ref_ptr_slow_checks=true enable_dangling_raw_ptr_checks=true enable_ios_corruption_hardening=true raw_ptr_zero_on_construct=true raw_ptr_zero_on_move=true raw_ptr_zero_on_destruct=true
                                                                                                                                                                                                                                                        ^---
The variable "enable_ios_corruption_hardening" was set as a build argument
but never appeared in a declare_args() block in any buildfile.

To view all possible args, run "gn args --list <out_dir>"

The build continued as if that argument was unspecified.

Done. Made 14 targets from 8 files in 12ms
ninja: Entering directory `out/debug'
[1/69] CXX ../../src/partition_alloc/partition_alloc_base/debug/alias.cc
[2/69] CXX ../../src/partition_alloc/partition_alloc_base/strings/string_util.cc
[3/69] CXX ../../src/partition_alloc/allocation_guard.cc
[4/69] CXX ../../src/partition_alloc/partition_alloc_base/debug/stack_trace_linux.cc
[5/69] CXX ../../src/partition_alloc/partition_alloc_base/memory/page_size_posix.cc
[6/69] CXX ../../src/partition_alloc/partition_alloc_base/check.cc
[7/69] CXX ../../src/partition_alloc/partition_alloc_base/process/process_handle_posix.cc
[8/69] CXX ../../src/partition_alloc/oom.cc
[9/69] CXX ../../src/partition_alloc/partition_oom.cc
[10/69] CXX ../../src/partition_alloc/address_space_randomization.cc
[11/69] CXX ../../src/partition_alloc/dangling_raw_ptr_checks.cc
[12/69] CXX ../../src/partition_alloc/oom_callback.cc
[13/69] CXX ../../src/partition_alloc/partition_alloc_base/files/file_util_posix.cc
[14/69] CXX ../../src/partition_alloc/page_allocator_internals_posix.cc
[15/69] CXX ../../src/partition_alloc/thread_isolation/pkey.cc
[16/69] CXX ../../src/partition_alloc/tagging.cc
[17/69] CXX ../../src/partition_alloc/partition_alloc_base/debug/stack_trace_posix.cc
[18/69] CXX ../../src/partition_alloc/partition_alloc_base/logging.cc
[19/69] CXX ../../src/partition_alloc/partition_alloc_base/strings/safe_sprintf.cc
[20/69] CXX ../../src/partition_alloc/partition_stats.cc
[21/69] CXX ../../src/partition_alloc/compressed_pointer.cc
[22/69] CXX ../../src/partition_alloc/spinning_mutex.cc
[23/69] CXX ../../src/partition_alloc/partition_alloc_base/rand_util.cc
[24/69] CXX ../../src/partition_alloc/partition_alloc_base/strings/stringprintf.cc
[25/69] CXX ../../src/partition_alloc/partition_alloc_base/posix/safe_strerror.cc
[26/69] CXX ../../src/partition_alloc/partition_alloc_base/strings/cstring_builder.cc
[27/69] CXX ../../src/partition_alloc/partition_alloc_base/log_message.cc
[28/69] CXX ../../src/partition_alloc/shim/allocator_shim_dispatch_to_noop_on_free.cc
[29/69] CXX ../../src/partition_alloc/partition_alloc_base/memory/ref_counted.cc
[30/69] CXX ../../src/partition_alloc/partition_alloc_base/rand_util_posix.cc
[31/69] CXX ../../src/partition_alloc/partition_alloc_base/cpu.cc
[32/69] CXX ../../src/partition_alloc/partition_alloc_base/debug/stack_trace.cc
[33/69] CXX ../../src/partition_alloc/partition_alloc_base/threading/platform_thread.cc
[34/69] CXX ../../src/partition_alloc/partition_alloc_base/time/time_conversion_posix.cc
[35/69] CXX ../../src/partition_alloc/partition_alloc_base/time/time_override.cc
[36/69] CXX ../../src/partition_alloc/partition_alloc_base/threading/platform_thread_linux_for_testing.cc
[37/69] CXX ../../src/partition_alloc/partition_alloc_base/threading/platform_thread_posix.cc
[38/69] CXX ../../src/partition_alloc/partition_alloc_base/time/time_now_posix.cc
[39/69] CXX ../../src/partition_alloc/partition_alloc_base/time/time.cc
[40/69] CXX ../../src/partition_alloc/random.cc
[41/69] CXX ../../src/partition_alloc/address_pool_manager_bitmap.cc
[42/69] CXX ../../src/partition_alloc/page_allocator.cc
[43/69] CXX ../../src/partition_alloc/partition_address_space.cc
FAILED: obj/src/partition_alloc/liballocator_core.partition_address_space.o 
clang++ -MD -MF obj/src/partition_alloc/liballocator_core.partition_address_space.o.d -DIS_PARTITION_ALLOC_IMPL -I../../src -Igen/src -Wno-return-type -Wno-invalid-offsetof -fstrict-aliasing -fPIC -fvisibility=hidden -Wexit-time-destructors -fno-stack-protector -std=c++17 -fvisibility-inlines-hidden -fno-exceptions -fno-rtti -c ../../src/partition_alloc/partition_address_space.cc -o obj/src/partition_alloc/liballocator_core.partition_address_space.o
../../src/partition_alloc/partition_address_space.cc:539:5: error: use of undeclared identifier 'memcpy'; did you mean 'wmemcpy'?
  539 |     memcpy(reinterpret_cast<void*>(writable_metadata),
      |     ^~~~~~
      |     wmemcpy
/usr/include/wchar.h:287:17: note: 'wmemcpy' declared here
  287 | extern wchar_t *wmemcpy (wchar_t *__restrict __s1,
      |                 ^
../../src/partition_alloc/partition_address_space.cc:539:12: error: cannot initialize a parameter of type 'wchar_t *' with an rvalue of type 'void *'
  539 |     memcpy(reinterpret_cast<void*>(writable_metadata),
      |            ^~~~~~~~~~~~~~~~~~~~~~~~~~~~~~~~~~~~~~~~~~
/usr/include/wchar.h:287:46: note: passing argument to parameter '__s1' here
  287 | extern wchar_t *wmemcpy (wchar_t *__restrict __s1,
      |                                              ^
../../src/partition_alloc/partition_address_space.cc:594:3: error: use of undeclared identifier 'memset'; did you mean 'wmemset'?
  594 |   memset(ptr, 0, SystemPageSize());
      |   ^~~~~~
      |   wmemset
/usr/include/wchar.h:296:17: note: 'wmemset' declared here
  296 | extern wchar_t *wmemset (wchar_t *__s, wchar_t __c, size_t __n) __THROW;
      |                 ^
../../src/partition_alloc/partition_address_space.cc:594:10: error: cannot initialize a parameter of type 'wchar_t *' with an lvalue of type 'void *'
  594 |   memset(ptr, 0, SystemPageSize());
      |          ^~~
/usr/include/wchar.h:296:35: note: passing argument to parameter '__s' here
  296 | extern wchar_t *wmemset (wchar_t *__s, wchar_t __c, size_t __n) __THROW;
      |                                   ^
4 errors generated.
[44/69] CXX ../../src/partition_alloc/address_pool_manager.cc
[45/69] CXX ../../src/partition_alloc/partition_alloc_hooks.cc
[46/69] CXX ../../src/partition_alloc/partition_freelist_entry.cc
[47/69] LINK (static) liballocator_base.a
[48/69] CXX ../../src/partition_alloc/thread_isolation/thread_isolation.cc
[49/69] CXX ../../src/partition_alloc/reservation_offset_table.cc
[50/69] CXX ../../src/partition_alloc/partition_dcheck_helper.cc
In file included from ../../src/partition_alloc/partition_dcheck_helper.cc:11:
../../src/partition_alloc/partition_page.h:90:78: warning: default member initializer for bit-field is a C++20 extension [-Wc++20-extensions]
   90 |   MaybeConstT<kind, uint32_t> num_allocated_slots : kMaxSlotsPerSlotSpanBits =
      |                                                                              ^
../../src/partition_alloc/partition_page.h:93:34: warning: default member initializer for bit-field is a C++20 extension [-Wc++20-extensions]
   93 |       : kMaxSlotsPerSlotSpanBits = 0u;
      |                                  ^
../../src/partition_alloc/partition_page.h:97:47: warning: default member initializer for bit-field is a C++20 extension [-Wc++20-extensions]
   97 |   MaybeConstT<kind, uint32_t> marked_full : 1 = 0u;
      |                                               ^
../../src/partition_alloc/partition_page.h:100:42: warning: default member initializer for bit-field is a C++20 extension [-Wc++20-extensions]
  100 |   const uint32_t can_store_raw_size_ : 1 = 0u;
      |                                          ^
../../src/partition_alloc/partition_page.h:101:55: warning: default member initializer for bit-field is a C++20 extension [-Wc++20-extensions]
  101 |   MaybeConstT<kind, uint16_t> freelist_is_sorted_ : 1 = 1u;
      |                                                       ^
../../src/partition_alloc/partition_page.h:104:51: warning: default member initializer for bit-field is a C++20 extension [-Wc++20-extensions]
  104 |   MaybeConstT<kind, uint16_t> in_empty_cache_ : 1 = 0u;
      |                                                   ^
../../src/partition_alloc/partition_page.h:109:71: warning: default member initializer for bit-field is a C++20 extension [-Wc++20-extensions]
  109 |       : internal::base::bits::BitWidth(kMaxEmptySlotSpanRingSize - 1) = 0u;
      |                                                                       ^
7 warnings generated.
[51/69] CXX ../../src/partition_alloc/gwp_asan_support.cc
In file included from ../../src/partition_alloc/gwp_asan_support.cc:17:
../../src/partition_alloc/partition_page.h:90:78: warning: default member initializer for bit-field is a C++20 extension [-Wc++20-extensions]
   90 |   MaybeConstT<kind, uint32_t> num_allocated_slots : kMaxSlotsPerSlotSpanBits =
      |                                                                              ^
../../src/partition_alloc/partition_page.h:93:34: warning: default member initializer for bit-field is a C++20 extension [-Wc++20-extensions]
   93 |       : kMaxSlotsPerSlotSpanBits = 0u;
      |                                  ^
../../src/partition_alloc/partition_page.h:97:47: warning: default member initializer for bit-field is a C++20 extension [-Wc++20-extensions]
   97 |   MaybeConstT<kind, uint32_t> marked_full : 1 = 0u;
      |                                               ^
../../src/partition_alloc/partition_page.h:100:42: warning: default member initializer for bit-field is a C++20 extension [-Wc++20-extensions]
  100 |   const uint32_t can_store_raw_size_ : 1 = 0u;
      |                                          ^
../../src/partition_alloc/partition_page.h:101:55: warning: default member initializer for bit-field is a C++20 extension [-Wc++20-extensions]
  101 |   MaybeConstT<kind, uint16_t> freelist_is_sorted_ : 1 = 1u;
      |                                                       ^
../../src/partition_alloc/partition_page.h:104:51: warning: default member initializer for bit-field is a C++20 extension [-Wc++20-extensions]
  104 |   MaybeConstT<kind, uint16_t> in_empty_cache_ : 1 = 0u;
      |                                                   ^
../../src/partition_alloc/partition_page.h:109:71: warning: default member initializer for bit-field is a C++20 extension [-Wc++20-extensions]
  109 |       : internal::base::bits::BitWidth(kMaxEmptySlotSpanRingSize - 1) = 0u;
      |                                                                       ^
7 warnings generated.
[52/69] CXX ../../src/partition_alloc/partition_alloc.cc
In file included from ../../src/partition_alloc/partition_alloc.cc:5:
In file included from ../../src/partition_alloc/partition_alloc.h:12:
In file included from ../../src/partition_alloc/partition_root.h:69:
In file included from ../../src/partition_alloc/partition_direct_map_extent.h:11:
../../src/partition_alloc/partition_page.h:90:78: warning: default member initializer for bit-field is a C++20 extension [-Wc++20-extensions]
   90 |   MaybeConstT<kind, uint32_t> num_allocated_slots : kMaxSlotsPerSlotSpanBits =
      |                                                                              ^
../../src/partition_alloc/partition_page.h:93:34: warning: default member initializer for bit-field is a C++20 extension [-Wc++20-extensions]
   93 |       : kMaxSlotsPerSlotSpanBits = 0u;
      |                                  ^
../../src/partition_alloc/partition_page.h:97:47: warning: default member initializer for bit-field is a C++20 extension [-Wc++20-extensions]
   97 |   MaybeConstT<kind, uint32_t> marked_full : 1 = 0u;
      |                                               ^
../../src/partition_alloc/partition_page.h:100:42: warning: default member initializer for bit-field is a C++20 extension [-Wc++20-extensions]
  100 |   const uint32_t can_store_raw_size_ : 1 = 0u;
      |                                          ^
../../src/partition_alloc/partition_page.h:101:55: warning: default member initializer for bit-field is a C++20 extension [-Wc++20-extensions]
  101 |   MaybeConstT<kind, uint16_t> freelist_is_sorted_ : 1 = 1u;
      |                                                       ^
../../src/partition_alloc/partition_page.h:104:51: warning: default member initializer for bit-field is a C++20 extension [-Wc++20-extensions]
  104 |   MaybeConstT<kind, uint16_t> in_empty_cache_ : 1 = 0u;
      |                                                   ^
../../src/partition_alloc/partition_page.h:109:71: warning: default member initializer for bit-field is a C++20 extension [-Wc++20-extensions]
  109 |       : internal::base::bits::BitWidth(kMaxEmptySlotSpanRingSize - 1) = 0u;
      |                                                                       ^
7 warnings generated.
[53/69] CXX ../../src/partition_alloc/internal_allocator.cc
In file included from ../../src/partition_alloc/internal_allocator.cc:5:
In file included from ../../src/partition_alloc/internal_allocator.h:13:
In file included from ../../src/partition_alloc/partition_root.h:69:
In file included from ../../src/partition_alloc/partition_direct_map_extent.h:11:
../../src/partition_alloc/partition_page.h:90:78: warning: default member initializer for bit-field is a C++20 extension [-Wc++20-extensions]
   90 |   MaybeConstT<kind, uint32_t> num_allocated_slots : kMaxSlotsPerSlotSpanBits =
      |                                                                              ^
../../src/partition_alloc/partition_page.h:93:34: warning: default member initializer for bit-field is a C++20 extension [-Wc++20-extensions]
   93 |       : kMaxSlotsPerSlotSpanBits = 0u;
      |                                  ^
../../src/partition_alloc/partition_page.h:97:47: warning: default member initializer for bit-field is a C++20 extension [-Wc++20-extensions]
   97 |   MaybeConstT<kind, uint32_t> marked_full : 1 = 0u;
      |                                               ^
../../src/partition_alloc/partition_page.h:100:42: warning: default member initializer for bit-field is a C++20 extension [-Wc++20-extensions]
  100 |   const uint32_t can_store_raw_size_ : 1 = 0u;
      |                                          ^
../../src/partition_alloc/partition_page.h:101:55: warning: default member initializer for bit-field is a C++20 extension [-Wc++20-extensions]
  101 |   MaybeConstT<kind, uint16_t> freelist_is_sorted_ : 1 = 1u;
      |                                                       ^
../../src/partition_alloc/partition_page.h:104:51: warning: default member initializer for bit-field is a C++20 extension [-Wc++20-extensions]
  104 |   MaybeConstT<kind, uint16_t> in_empty_cache_ : 1 = 0u;
      |                                                   ^
../../src/partition_alloc/partition_page.h:109:71: warning: default member initializer for bit-field is a C++20 extension [-Wc++20-extensions]
  109 |       : internal::base::bits::BitWidth(kMaxEmptySlotSpanRingSize - 1) = 0u;
      |                                                                       ^
7 warnings generated.
[54/69] CXX ../../src/partition_alloc/partition_page.cc
In file included from ../../src/partition_alloc/partition_page.cc:5:
../../src/partition_alloc/partition_page.h:90:78: warning: default member initializer for bit-field is a C++20 extension [-Wc++20-extensions]
   90 |   MaybeConstT<kind, uint32_t> num_allocated_slots : kMaxSlotsPerSlotSpanBits =
      |                                                                              ^
../../src/partition_alloc/partition_page.h:93:34: warning: default member initializer for bit-field is a C++20 extension [-Wc++20-extensions]
   93 |       : kMaxSlotsPerSlotSpanBits = 0u;
      |                                  ^
../../src/partition_alloc/partition_page.h:97:47: warning: default member initializer for bit-field is a C++20 extension [-Wc++20-extensions]
   97 |   MaybeConstT<kind, uint32_t> marked_full : 1 = 0u;
      |                                               ^
../../src/partition_alloc/partition_page.h:100:42: warning: default member initializer for bit-field is a C++20 extension [-Wc++20-extensions]
  100 |   const uint32_t can_store_raw_size_ : 1 = 0u;
      |                                          ^
../../src/partition_alloc/partition_page.h:101:55: warning: default member initializer for bit-field is a C++20 extension [-Wc++20-extensions]
  101 |   MaybeConstT<kind, uint16_t> freelist_is_sorted_ : 1 = 1u;
      |                                                       ^
../../src/partition_alloc/partition_page.h:104:51: warning: default member initializer for bit-field is a C++20 extension [-Wc++20-extensions]
  104 |   MaybeConstT<kind, uint16_t> in_empty_cache_ : 1 = 0u;
      |                                                   ^
../../src/partition_alloc/partition_page.h:109:71: warning: default member initializer for bit-field is a C++20 extension [-Wc++20-extensions]
  109 |       : internal::base::bits::BitWidth(kMaxEmptySlotSpanRingSize - 1) = 0u;
      |                                                                       ^
7 warnings generated.
[55/69] CXX ../../src/partition_alloc/pointers/raw_ptr_backup_ref_impl.cc
In file included from ../../src/partition_alloc/pointers/raw_ptr_backup_ref_impl.cc:12:
In file included from ../../src/partition_alloc/partition_alloc.h:12:
In file included from ../../src/partition_alloc/partition_root.h:69:
In file included from ../../src/partition_alloc/partition_direct_map_extent.h:11:
../../src/partition_alloc/partition_page.h:90:78: warning: default member initializer for bit-field is a C++20 extension [-Wc++20-extensions]
   90 |   MaybeConstT<kind, uint32_t> num_allocated_slots : kMaxSlotsPerSlotSpanBits =
      |                                                                              ^
../../src/partition_alloc/partition_page.h:93:34: warning: default member initializer for bit-field is a C++20 extension [-Wc++20-extensions]
   93 |       : kMaxSlotsPerSlotSpanBits = 0u;
      |                                  ^
../../src/partition_alloc/partition_page.h:97:47: warning: default member initializer for bit-field is a C++20 extension [-Wc++20-extensions]
   97 |   MaybeConstT<kind, uint32_t> marked_full : 1 = 0u;
      |                                               ^
../../src/partition_alloc/partition_page.h:100:42: warning: default member initializer for bit-field is a C++20 extension [-Wc++20-extensions]
  100 |   const uint32_t can_store_raw_size_ : 1 = 0u;
      |                                          ^
../../src/partition_alloc/partition_page.h:101:55: warning: default member initializer for bit-field is a C++20 extension [-Wc++20-extensions]
  101 |   MaybeConstT<kind, uint16_t> freelist_is_sorted_ : 1 = 1u;
      |                                                       ^
../../src/partition_alloc/partition_page.h:104:51: warning: default member initializer for bit-field is a C++20 extension [-Wc++20-extensions]
  104 |   MaybeConstT<kind, uint16_t> in_empty_cache_ : 1 = 0u;
      |                                                   ^
../../src/partition_alloc/partition_page.h:109:71: warning: default member initializer for bit-field is a C++20 extension [-Wc++20-extensions]
  109 |       : internal::base::bits::BitWidth(kMaxEmptySlotSpanRingSize - 1) = 0u;
      |                                                                       ^
7 warnings generated.
[56/69] CXX ../../src/partition_alloc/memory_reclaimer.cc
In file included from ../../src/partition_alloc/memory_reclaimer.cc:8:
In file included from ../../src/partition_alloc/partition_alloc.h:12:
In file included from ../../src/partition_alloc/partition_root.h:69:
In file included from ../../src/partition_alloc/partition_direct_map_extent.h:11:
../../src/partition_alloc/partition_page.h:90:78: warning: default member initializer for bit-field is a C++20 extension [-Wc++20-extensions]
   90 |   MaybeConstT<kind, uint32_t> num_allocated_slots : kMaxSlotsPerSlotSpanBits =
      |                                                                              ^
../../src/partition_alloc/partition_page.h:93:34: warning: default member initializer for bit-field is a C++20 extension [-Wc++20-extensions]
   93 |       : kMaxSlotsPerSlotSpanBits = 0u;
      |                                  ^
../../src/partition_alloc/partition_page.h:97:47: warning: default member initializer for bit-field is a C++20 extension [-Wc++20-extensions]
   97 |   MaybeConstT<kind, uint32_t> marked_full : 1 = 0u;
      |                                               ^
../../src/partition_alloc/partition_page.h:100:42: warning: default member initializer for bit-field is a C++20 extension [-Wc++20-extensions]
  100 |   const uint32_t can_store_raw_size_ : 1 = 0u;
      |                                          ^
../../src/partition_alloc/partition_page.h:101:55: warning: default member initializer for bit-field is a C++20 extension [-Wc++20-extensions]
  101 |   MaybeConstT<kind, uint16_t> freelist_is_sorted_ : 1 = 1u;
      |                                                       ^
../../src/partition_alloc/partition_page.h:104:51: warning: default member initializer for bit-field is a C++20 extension [-Wc++20-extensions]
  104 |   MaybeConstT<kind, uint16_t> in_empty_cache_ : 1 = 0u;
      |                                                   ^
../../src/partition_alloc/partition_page.h:109:71: warning: default member initializer for bit-field is a C++20 extension [-Wc++20-extensions]
  109 |       : internal::base::bits::BitWidth(kMaxEmptySlotSpanRingSize - 1) = 0u;
      |                                                                       ^
7 warnings generated.
[57/69] CXX ../../src/partition_alloc/pointers/instance_tracer.cc
In file included from ../../src/partition_alloc/pointers/instance_tracer.cc:15:
In file included from ../../src/partition_alloc/partition_root.h:69:
In file included from ../../src/partition_alloc/partition_direct_map_extent.h:11:
../../src/partition_alloc/partition_page.h:90:78: warning: default member initializer for bit-field is a C++20 extension [-Wc++20-extensions]
   90 |   MaybeConstT<kind, uint32_t> num_allocated_slots : kMaxSlotsPerSlotSpanBits =
      |                                                                              ^
../../src/partition_alloc/partition_page.h:93:34: warning: default member initializer for bit-field is a C++20 extension [-Wc++20-extensions]
   93 |       : kMaxSlotsPerSlotSpanBits = 0u;
      |                                  ^
../../src/partition_alloc/partition_page.h:97:47: warning: default member initializer for bit-field is a C++20 extension [-Wc++20-extensions]
   97 |   MaybeConstT<kind, uint32_t> marked_full : 1 = 0u;
      |                                               ^
../../src/partition_alloc/partition_page.h:100:42: warning: default member initializer for bit-field is a C++20 extension [-Wc++20-extensions]
  100 |   const uint32_t can_store_raw_size_ : 1 = 0u;
      |                                          ^
../../src/partition_alloc/partition_page.h:101:55: warning: default member initializer for bit-field is a C++20 extension [-Wc++20-extensions]
  101 |   MaybeConstT<kind, uint16_t> freelist_is_sorted_ : 1 = 1u;
      |                                                       ^
../../src/partition_alloc/partition_page.h:104:51: warning: default member initializer for bit-field is a C++20 extension [-Wc++20-extensions]
  104 |   MaybeConstT<kind, uint16_t> in_empty_cache_ : 1 = 0u;
      |                                                   ^
../../src/partition_alloc/partition_page.h:109:71: warning: default member initializer for bit-field is a C++20 extension [-Wc++20-extensions]
  109 |       : internal::base::bits::BitWidth(kMaxEmptySlotSpanRingSize - 1) = 0u;
      |                                                                       ^
7 warnings generated.
[58/69] CXX ../../src/partition_alloc/extended_api.cc
In file included from ../../src/partition_alloc/extended_api.cc:5:
In file included from ../../src/partition_alloc/extended_api.h:9:
In file included from ../../src/partition_alloc/partition_root.h:69:
In file included from ../../src/partition_alloc/partition_direct_map_extent.h:11:
../../src/partition_alloc/partition_page.h:90:78: warning: default member initializer for bit-field is a C++20 extension [-Wc++20-extensions]
   90 |   MaybeConstT<kind, uint32_t> num_allocated_slots : kMaxSlotsPerSlotSpanBits =
      |                                                                              ^
../../src/partition_alloc/partition_page.h:93:34: warning: default member initializer for bit-field is a C++20 extension [-Wc++20-extensions]
   93 |       : kMaxSlotsPerSlotSpanBits = 0u;
      |                                  ^
../../src/partition_alloc/partition_page.h:97:47: warning: default member initializer for bit-field is a C++20 extension [-Wc++20-extensions]
   97 |   MaybeConstT<kind, uint32_t> marked_full : 1 = 0u;
      |                                               ^
../../src/partition_alloc/partition_page.h:100:42: warning: default member initializer for bit-field is a C++20 extension [-Wc++20-extensions]
  100 |   const uint32_t can_store_raw_size_ : 1 = 0u;
      |                                          ^
../../src/partition_alloc/partition_page.h:101:55: warning: default member initializer for bit-field is a C++20 extension [-Wc++20-extensions]
  101 |   MaybeConstT<kind, uint16_t> freelist_is_sorted_ : 1 = 1u;
      |                                                       ^
../../src/partition_alloc/partition_page.h:104:51: warning: default member initializer for bit-field is a C++20 extension [-Wc++20-extensions]
  104 |   MaybeConstT<kind, uint16_t> in_empty_cache_ : 1 = 0u;
      |                                                   ^
../../src/partition_alloc/partition_page.h:109:71: warning: default member initializer for bit-field is a C++20 extension [-Wc++20-extensions]
  109 |       : internal::base::bits::BitWidth(kMaxEmptySlotSpanRingSize - 1) = 0u;
      |                                                                       ^
7 warnings generated.
[59/69] CXX ../../src/partition_alloc/lightweight_quarantine.cc
In file included from ../../src/partition_alloc/lightweight_quarantine.cc:7:
In file included from ../../src/partition_alloc/internal_allocator.h:13:
In file included from ../../src/partition_alloc/partition_root.h:69:
In file included from ../../src/partition_alloc/partition_direct_map_extent.h:11:
../../src/partition_alloc/partition_page.h:90:78: warning: default member initializer for bit-field is a C++20 extension [-Wc++20-extensions]
   90 |   MaybeConstT<kind, uint32_t> num_allocated_slots : kMaxSlotsPerSlotSpanBits =
      |                                                                              ^
../../src/partition_alloc/partition_page.h:93:34: warning: default member initializer for bit-field is a C++20 extension [-Wc++20-extensions]
   93 |       : kMaxSlotsPerSlotSpanBits = 0u;
      |                                  ^
../../src/partition_alloc/partition_page.h:97:47: warning: default member initializer for bit-field is a C++20 extension [-Wc++20-extensions]
   97 |   MaybeConstT<kind, uint32_t> marked_full : 1 = 0u;
      |                                               ^
../../src/partition_alloc/partition_page.h:100:42: warning: default member initializer for bit-field is a C++20 extension [-Wc++20-extensions]
  100 |   const uint32_t can_store_raw_size_ : 1 = 0u;
      |                                          ^
../../src/partition_alloc/partition_page.h:101:55: warning: default member initializer for bit-field is a C++20 extension [-Wc++20-extensions]
  101 |   MaybeConstT<kind, uint16_t> freelist_is_sorted_ : 1 = 1u;
      |                                                       ^
../../src/partition_alloc/partition_page.h:104:51: warning: default member initializer for bit-field is a C++20 extension [-Wc++20-extensions]
  104 |   MaybeConstT<kind, uint16_t> in_empty_cache_ : 1 = 0u;
      |                                                   ^
../../src/partition_alloc/partition_page.h:109:71: warning: default member initializer for bit-field is a C++20 extension [-Wc++20-extensions]
  109 |       : internal::base::bits::BitWidth(kMaxEmptySlotSpanRingSize - 1) = 0u;
      |                                                                       ^
7 warnings generated.
[60/69] CXX ../../src/partition_alloc/partition_bucket.cc
In file included from ../../src/partition_alloc/partition_bucket.cc:20:
In file included from ../../src/partition_alloc/partition_alloc.h:12:
In file included from ../../src/partition_alloc/partition_root.h:69:
In file included from ../../src/partition_alloc/partition_direct_map_extent.h:11:
../../src/partition_alloc/partition_page.h:90:78: warning: default member initializer for bit-field is a C++20 extension [-Wc++20-extensions]
   90 |   MaybeConstT<kind, uint32_t> num_allocated_slots : kMaxSlotsPerSlotSpanBits =
      |                                                                              ^
../../src/partition_alloc/partition_page.h:93:34: warning: default member initializer for bit-field is a C++20 extension [-Wc++20-extensions]
   93 |       : kMaxSlotsPerSlotSpanBits = 0u;
      |                                  ^
../../src/partition_alloc/partition_page.h:97:47: warning: default member initializer for bit-field is a C++20 extension [-Wc++20-extensions]
   97 |   MaybeConstT<kind, uint32_t> marked_full : 1 = 0u;
      |                                               ^
../../src/partition_alloc/partition_page.h:100:42: warning: default member initializer for bit-field is a C++20 extension [-Wc++20-extensions]
  100 |   const uint32_t can_store_raw_size_ : 1 = 0u;
      |                                          ^
../../src/partition_alloc/partition_page.h:101:55: warning: default member initializer for bit-field is a C++20 extension [-Wc++20-extensions]
  101 |   MaybeConstT<kind, uint16_t> freelist_is_sorted_ : 1 = 1u;
      |                                                       ^
../../src/partition_alloc/partition_page.h:104:51: warning: default member initializer for bit-field is a C++20 extension [-Wc++20-extensions]
  104 |   MaybeConstT<kind, uint16_t> in_empty_cache_ : 1 = 0u;
      |                                                   ^
../../src/partition_alloc/partition_page.h:109:71: warning: default member initializer for bit-field is a C++20 extension [-Wc++20-extensions]
  109 |       : internal::base::bits::BitWidth(kMaxEmptySlotSpanRingSize - 1) = 0u;
      |                                                                       ^
7 warnings generated.
[61/69] CXX ../../src/partition_alloc/shim/allocator_shim.cc
In file included from ../../src/partition_alloc/shim/allocator_shim.cc:13:
In file included from ../../src/partition_alloc/shim/allocator_shim_default_dispatch_to_partition_alloc.h:11:
In file included from ../../src/partition_alloc/partition_alloc.h:12:
In file included from ../../src/partition_alloc/partition_root.h:69:
In file included from ../../src/partition_alloc/partition_direct_map_extent.h:11:
../../src/partition_alloc/partition_page.h:90:78: warning: default member initializer for bit-field is a C++20 extension [-Wc++20-extensions]
   90 |   MaybeConstT<kind, uint32_t> num_allocated_slots : kMaxSlotsPerSlotSpanBits =
      |                                                                              ^
../../src/partition_alloc/partition_page.h:93:34: warning: default member initializer for bit-field is a C++20 extension [-Wc++20-extensions]
   93 |       : kMaxSlotsPerSlotSpanBits = 0u;
      |                                  ^
../../src/partition_alloc/partition_page.h:97:47: warning: default member initializer for bit-field is a C++20 extension [-Wc++20-extensions]
   97 |   MaybeConstT<kind, uint32_t> marked_full : 1 = 0u;
      |                                               ^
../../src/partition_alloc/partition_page.h:100:42: warning: default member initializer for bit-field is a C++20 extension [-Wc++20-extensions]
  100 |   const uint32_t can_store_raw_size_ : 1 = 0u;
      |                                          ^
../../src/partition_alloc/partition_page.h:101:55: warning: default member initializer for bit-field is a C++20 extension [-Wc++20-extensions]
  101 |   MaybeConstT<kind, uint16_t> freelist_is_sorted_ : 1 = 1u;
      |                                                       ^
../../src/partition_alloc/partition_page.h:104:51: warning: default member initializer for bit-field is a C++20 extension [-Wc++20-extensions]
  104 |   MaybeConstT<kind, uint16_t> in_empty_cache_ : 1 = 0u;
      |                                                   ^
../../src/partition_alloc/partition_page.h:109:71: warning: default member initializer for bit-field is a C++20 extension [-Wc++20-extensions]
  109 |       : internal::base::bits::BitWidth(kMaxEmptySlotSpanRingSize - 1) = 0u;
      |                                                                       ^
7 warnings generated.
[62/69] CXX ../../src/partition_alloc/partition_alloc_base/threading/platform_thread_posix_for_testing.cc
In file included from ../../src/partition_alloc/partition_alloc_base/threading/platform_thread_posix_for_testing.cc:30:
In file included from ../../src/partition_alloc/stack/stack.h:14:
In file included from ../../src/partition_alloc/internal_allocator.h:13:
In file included from ../../src/partition_alloc/partition_root.h:69:
In file included from ../../src/partition_alloc/partition_direct_map_extent.h:11:
../../src/partition_alloc/partition_page.h:90:78: warning: default member initializer for bit-field is a C++20 extension [-Wc++20-extensions]
   90 |   MaybeConstT<kind, uint32_t> num_allocated_slots : kMaxSlotsPerSlotSpanBits =
      |                                                                              ^
../../src/partition_alloc/partition_page.h:93:34: warning: default member initializer for bit-field is a C++20 extension [-Wc++20-extensions]
   93 |       : kMaxSlotsPerSlotSpanBits = 0u;
      |                                  ^
../../src/partition_alloc/partition_page.h:97:47: warning: default member initializer for bit-field is a C++20 extension [-Wc++20-extensions]
   97 |   MaybeConstT<kind, uint32_t> marked_full : 1 = 0u;
      |                                               ^
../../src/partition_alloc/partition_page.h:100:42: warning: default member initializer for bit-field is a C++20 extension [-Wc++20-extensions]
  100 |   const uint32_t can_store_raw_size_ : 1 = 0u;
      |                                          ^
../../src/partition_alloc/partition_page.h:101:55: warning: default member initializer for bit-field is a C++20 extension [-Wc++20-extensions]
  101 |   MaybeConstT<kind, uint16_t> freelist_is_sorted_ : 1 = 1u;
      |                                                       ^
../../src/partition_alloc/partition_page.h:104:51: warning: default member initializer for bit-field is a C++20 extension [-Wc++20-extensions]
  104 |   MaybeConstT<kind, uint16_t> in_empty_cache_ : 1 = 0u;
      |                                                   ^
../../src/partition_alloc/partition_page.h:109:71: warning: default member initializer for bit-field is a C++20 extension [-Wc++20-extensions]
  109 |       : internal::base::bits::BitWidth(kMaxEmptySlotSpanRingSize - 1) = 0u;
      |                                                                       ^
7 warnings generated.
[63/69] CXX ../../src/partition_alloc/thread_cache.cc
In file included from ../../src/partition_alloc/thread_cache.cc:15:
In file included from ../../src/partition_alloc/internal_allocator.h:13:
In file included from ../../src/partition_alloc/partition_root.h:69:
In file included from ../../src/partition_alloc/partition_direct_map_extent.h:11:
../../src/partition_alloc/partition_page.h:90:78: warning: default member initializer for bit-field is a C++20 extension [-Wc++20-extensions]
   90 |   MaybeConstT<kind, uint32_t> num_allocated_slots : kMaxSlotsPerSlotSpanBits =
      |                                                                              ^
../../src/partition_alloc/partition_page.h:93:34: warning: default member initializer for bit-field is a C++20 extension [-Wc++20-extensions]
   93 |       : kMaxSlotsPerSlotSpanBits = 0u;
      |                                  ^
../../src/partition_alloc/partition_page.h:97:47: warning: default member initializer for bit-field is a C++20 extension [-Wc++20-extensions]
   97 |   MaybeConstT<kind, uint32_t> marked_full : 1 = 0u;
      |                                               ^
../../src/partition_alloc/partition_page.h:100:42: warning: default member initializer for bit-field is a C++20 extension [-Wc++20-extensions]
  100 |   const uint32_t can_store_raw_size_ : 1 = 0u;
      |                                          ^
../../src/partition_alloc/partition_page.h:101:55: warning: default member initializer for bit-field is a C++20 extension [-Wc++20-extensions]
  101 |   MaybeConstT<kind, uint16_t> freelist_is_sorted_ : 1 = 1u;
      |                                                       ^
../../src/partition_alloc/partition_page.h:104:51: warning: default member initializer for bit-field is a C++20 extension [-Wc++20-extensions]
  104 |   MaybeConstT<kind, uint16_t> in_empty_cache_ : 1 = 0u;
      |                                                   ^
../../src/partition_alloc/partition_page.h:109:71: warning: default member initializer for bit-field is a C++20 extension [-Wc++20-extensions]
  109 |       : internal::base::bits::BitWidth(kMaxEmptySlotSpanRingSize - 1) = 0u;
      |                                                                       ^
7 warnings generated.
[64/69] CXX ../../src/partition_alloc/partition_root.cc
In file included from ../../src/partition_alloc/partition_root.cc:5:
In file included from ../../src/partition_alloc/partition_root.h:69:
In file included from ../../src/partition_alloc/partition_direct_map_extent.h:11:
../../src/partition_alloc/partition_page.h:90:78: warning: default member initializer for bit-field is a C++20 extension [-Wc++20-extensions]
   90 |   MaybeConstT<kind, uint32_t> num_allocated_slots : kMaxSlotsPerSlotSpanBits =
      |                                                                              ^
../../src/partition_alloc/partition_page.h:93:34: warning: default member initializer for bit-field is a C++20 extension [-Wc++20-extensions]
   93 |       : kMaxSlotsPerSlotSpanBits = 0u;
      |                                  ^
../../src/partition_alloc/partition_page.h:97:47: warning: default member initializer for bit-field is a C++20 extension [-Wc++20-extensions]
   97 |   MaybeConstT<kind, uint32_t> marked_full : 1 = 0u;
      |                                               ^
../../src/partition_alloc/partition_page.h:100:42: warning: default member initializer for bit-field is a C++20 extension [-Wc++20-extensions]
  100 |   const uint32_t can_store_raw_size_ : 1 = 0u;
      |                                          ^
../../src/partition_alloc/partition_page.h:101:55: warning: default member initializer for bit-field is a C++20 extension [-Wc++20-extensions]
  101 |   MaybeConstT<kind, uint16_t> freelist_is_sorted_ : 1 = 1u;
      |                                                       ^
../../src/partition_alloc/partition_page.h:104:51: warning: default member initializer for bit-field is a C++20 extension [-Wc++20-extensions]
  104 |   MaybeConstT<kind, uint16_t> in_empty_cache_ : 1 = 0u;
      |                                                   ^
../../src/partition_alloc/partition_page.h:109:71: warning: default member initializer for bit-field is a C++20 extension [-Wc++20-extensions]
  109 |       : internal::base::bits::BitWidth(kMaxEmptySlotSpanRingSize - 1) = 0u;
      |                                                                       ^
7 warnings generated.
[65/69] CXX ../../src/partition_alloc/stack/stack.cc
In file included from ../../src/partition_alloc/stack/stack.cc:5:
In file included from ../../src/partition_alloc/stack/stack.h:14:
In file included from ../../src/partition_alloc/internal_allocator.h:13:
In file included from ../../src/partition_alloc/partition_root.h:69:
In file included from ../../src/partition_alloc/partition_direct_map_extent.h:11:
../../src/partition_alloc/partition_page.h:90:78: warning: default member initializer for bit-field is a C++20 extension [-Wc++20-extensions]
   90 |   MaybeConstT<kind, uint32_t> num_allocated_slots : kMaxSlotsPerSlotSpanBits =
      |                                                                              ^
../../src/partition_alloc/partition_page.h:93:34: warning: default member initializer for bit-field is a C++20 extension [-Wc++20-extensions]
   93 |       : kMaxSlotsPerSlotSpanBits = 0u;
      |                                  ^
../../src/partition_alloc/partition_page.h:97:47: warning: default member initializer for bit-field is a C++20 extension [-Wc++20-extensions]
   97 |   MaybeConstT<kind, uint32_t> marked_full : 1 = 0u;
      |                                               ^
../../src/partition_alloc/partition_page.h:100:42: warning: default member initializer for bit-field is a C++20 extension [-Wc++20-extensions]
  100 |   const uint32_t can_store_raw_size_ : 1 = 0u;
      |                                          ^
../../src/partition_alloc/partition_page.h:101:55: warning: default member initializer for bit-field is a C++20 extension [-Wc++20-extensions]
  101 |   MaybeConstT<kind, uint16_t> freelist_is_sorted_ : 1 = 1u;
      |                                                       ^
../../src/partition_alloc/partition_page.h:104:51: warning: default member initializer for bit-field is a C++20 extension [-Wc++20-extensions]
  104 |   MaybeConstT<kind, uint16_t> in_empty_cache_ : 1 = 0u;
      |                                                   ^
../../src/partition_alloc/partition_page.h:109:71: warning: default member initializer for bit-field is a C++20 extension [-Wc++20-extensions]
  109 |       : internal::base::bits::BitWidth(kMaxEmptySlotSpanRingSize - 1) = 0u;
      |                                                                       ^
7 warnings generated.
[66/69] CXX ../../src/partition_alloc/shim/allocator_shim_default_dispatch_to_partition_alloc.cc
In file included from ../../src/partition_alloc/shim/allocator_shim_default_dispatch_to_partition_alloc.cc:5:
In file included from ../../src/partition_alloc/shim/allocator_shim_default_dispatch_to_partition_alloc.h:11:
In file included from ../../src/partition_alloc/partition_alloc.h:12:
In file included from ../../src/partition_alloc/partition_root.h:69:
In file included from ../../src/partition_alloc/partition_direct_map_extent.h:11:
../../src/partition_alloc/partition_page.h:90:78: warning: default member initializer for bit-field is a C++20 extension [-Wc++20-extensions]
   90 |   MaybeConstT<kind, uint32_t> num_allocated_slots : kMaxSlotsPerSlotSpanBits =
      |                                                                              ^
../../src/partition_alloc/partition_page.h:93:34: warning: default member initializer for bit-field is a C++20 extension [-Wc++20-extensions]
   93 |       : kMaxSlotsPerSlotSpanBits = 0u;
      |                                  ^
../../src/partition_alloc/partition_page.h:97:47: warning: default member initializer for bit-field is a C++20 extension [-Wc++20-extensions]
   97 |   MaybeConstT<kind, uint32_t> marked_full : 1 = 0u;
      |                                               ^
../../src/partition_alloc/partition_page.h:100:42: warning: default member initializer for bit-field is a C++20 extension [-Wc++20-extensions]
  100 |   const uint32_t can_store_raw_size_ : 1 = 0u;
      |                                          ^
../../src/partition_alloc/partition_page.h:101:55: warning: default member initializer for bit-field is a C++20 extension [-Wc++20-extensions]
  101 |   MaybeConstT<kind, uint16_t> freelist_is_sorted_ : 1 = 1u;
      |                                                       ^
../../src/partition_alloc/partition_page.h:104:51: warning: default member initializer for bit-field is a C++20 extension [-Wc++20-extensions]
  104 |   MaybeConstT<kind, uint16_t> in_empty_cache_ : 1 = 0u;
      |                                                   ^
../../src/partition_alloc/partition_page.h:109:71: warning: default member initializer for bit-field is a C++20 extension [-Wc++20-extensions]
  109 |       : internal::base::bits::BitWidth(kMaxEmptySlotSpanRingSize - 1) = 0u;
      |                                                                       ^
7 warnings generated.
ninja: build stopped: subcommand failed.
