Note: switching to '75b1cb38a7826527337da4ba4b3b6926bba29675'.

You are in 'detached HEAD' state. You can look around, make experimental
changes and commit them, and you can discard any commits you make in this
state without impacting any branches by switching back to a branch.

If you want to create a new branch to retain commits you create, you may
do so (now or later) by using -c with the switch command. Example:

  git switch -c <new-branch-name>

Or undo this operation with:

  git switch -

Turn off this advice by setting config variable advice.detachedHead to false

HEAD is now at 75b1cb38 [PA] Move Metadata outside of GigaCage (2/5)
Done. Made 15 targets from 8 files in 22ms
ninja: Entering directory `out/debug'
[1/42] CXX ../../src/partition_alloc/allocation_guard.cc
[2/42] CXX ../../src/partition_alloc/oom.cc
[3/42] CXX ../../src/partition_alloc/partition_oom.cc
[4/42] CXX ../../src/partition_alloc/tagging.cc
[5/42] CXX ../../src/partition_alloc/compressed_pointer.cc
[6/42] CXX ../../src/partition_alloc/partition_cookie.cc
[7/42] CXX ../../src/partition_alloc/partition_freelist_entry.cc
[8/42] CXX ../../src/partition_alloc/partition_stats.cc
[9/42] CXX ../../src/partition_alloc/thread_isolation/thread_isolation.cc
[10/42] CXX ../../src/partition_alloc/reservation_offset_table.cc
[11/42] CXX ../../src/partition_alloc/page_allocator.cc
[12/42] CXX ../../src/partition_alloc/random.cc
[13/42] CXX ../../src/partition_alloc/pointers/raw_ptr_counting_impl_for_test.cc
[14/42] CXX ../../src/partition_alloc/partition_alloc_hooks.cc
[15/42] CXX ../../src/partition_alloc/partition_address_space.cc
[16/42] CXX ../../src/partition_alloc/address_pool_manager_bitmap.cc
[17/42] CXX ../../src/partition_alloc/in_slot_metadata.cc
[18/42] CXX ../../src/partition_alloc/spinning_mutex.cc
[19/42] CXX ../../src/partition_alloc/address_pool_manager.cc
[20/42] CXX ../../src/partition_alloc/scheduler_loop_quarantine_support.cc
[21/42] CXX ../../src/partition_alloc/extended_api.cc
[22/42] CXX ../../src/partition_alloc/pointers/instance_tracer.cc
[23/42] CXX ../../src/partition_alloc/internal_allocator.cc
[24/42] CXX ../../src/partition_alloc/memory_reclaimer.cc
[25/42] CXX ../../src/partition_alloc/shim/allocator_shim_dispatch_to_noop_on_free.cc
[26/42] CXX ../../src/partition_alloc/partition_dcheck_helper.cc
[27/42] CXX ../../src/partition_alloc/gwp_asan_support.cc
[28/42] CXX ../../src/partition_alloc/thread_cache.cc
[29/42] CXX ../../src/partition_alloc/shim/allocator_shim.cc
[30/42] CXX ../../src/partition_alloc/pointers/raw_ptr_backup_ref_impl.cc
[31/42] CXX ../../src/partition_alloc/shim/allocator_shim_default_dispatch_to_partition_alloc_with_advanced_checks.cc
[32/42] CXX ../../src/partition_alloc/partition_page.cc
[33/42] CXX ../../src/partition_alloc/partition_alloc.cc
[34/42] CXX ../../src/partition_alloc/partition_bucket.cc
[35/42] CXX ../../src/partition_alloc/scheduler_loop_quarantine.cc
[36/42] CXX ../../src/partition_alloc/shim/allocator_shim_default_dispatch_to_partition_alloc.cc
[37/42] CXX ../../src/partition_alloc/partition_alloc_base/threading/platform_thread_posix_for_testing.cc
[38/42] CXX ../../src/partition_alloc/stack/stack.cc
[39/42] CXX ../../src/partition_alloc/partition_root.cc
[40/42] LINK (static) liballocator_core.a
[41/42] LINK (static) liballocator_shim.a
[42/42] LINK (static) libraw_ptr.a
