Note: switching to 'a25ec884fd1dd0d9f50f7baf1883982e8db46b41'.

You are in 'detached HEAD' state. You can look around, make experimental
changes and commit them, and you can discard any commits you make in this
state without impacting any branches by switching back to a branch.

If you want to create a new branch to retain commits you create, you may
do so (now or later) by using -c with the switch command. Example:

  git switch -c <new-branch-name>

Or undo this operation with:

  git switch -

Turn off this advice by setting config variable advice.detachedHead to false

HEAD is now at a25ec884 Propagate UNSAFETY through partition alloc raw pointers
Done. Made 15 targets from 8 files in 4ms
ninja: Entering directory `out/debug'
[1/70] CXX ../../src/partition_alloc/partition_alloc_base/debug/alias.cc
[2/70] CXX ../../src/partition_alloc/partition_alloc_base/check.cc
[3/70] CXX ../../src/partition_alloc/partition_alloc_base/logging.cc
[4/70] CXX ../../src/partition_alloc/partition_alloc_base/rand_util.cc
[5/70] CXX ../../src/partition_alloc/partition_alloc_base/strings/string_util.cc
[6/70] CXX ../../src/partition_alloc/partition_alloc_base/strings/safe_sprintf.cc
[7/70] CXX ../../src/partition_alloc/partition_alloc_base/log_message.cc
[8/70] CXX ../../src/partition_alloc/partition_alloc_base/strings/cstring_builder.cc
[9/70] CXX ../../src/partition_alloc/partition_alloc_base/debug/stack_trace.cc
[10/70] CXX ../../src/partition_alloc/partition_alloc_base/strings/stringprintf.cc
[11/70] CXX ../../src/partition_alloc/partition_alloc_base/memory/ref_counted.cc
[12/70] CXX ../../src/partition_alloc/partition_alloc_base/files/file_util_posix.cc
[13/70] CXX ../../src/partition_alloc/partition_alloc_base/debug/stack_trace_posix.cc
[14/70] CXX ../../src/partition_alloc/partition_alloc_base/process/process_handle_posix.cc
[15/70] CXX ../../src/partition_alloc/partition_alloc_base/threading/platform_thread.cc
[16/70] CXX ../../src/partition_alloc/partition_alloc_base/time/time_override.cc
[17/70] CXX ../../src/partition_alloc/partition_alloc_base/time/time_conversion_posix.cc
[18/70] CXX ../../src/partition_alloc/partition_alloc_base/rand_util_posix.cc
[19/70] CXX ../../src/partition_alloc/address_space_randomization.cc
[20/70] CXX ../../src/partition_alloc/partition_alloc_base/time/time.cc
[21/70] CXX ../../src/partition_alloc/allocator_config.cc
[22/70] CXX ../../src/partition_alloc/dangling_raw_ptr_checks.cc
[23/70] CXX ../../src/partition_alloc/partition_alloc_base/threading/platform_thread_posix.cc
[24/70] CXX ../../src/partition_alloc/compressed_pointer.cc
[25/70] CXX ../../src/partition_alloc/partition_alloc_base/time/time_now_posix.cc
[26/70] LINK (static) liballocator_base.a
[27/70] CXX ../../src/partition_alloc/address_pool_manager_bitmap.cc
[28/70] CXX ../../src/partition_alloc/oom.cc
[29/70] CXX ../../src/partition_alloc/oom_callback.cc
[30/70] CXX ../../src/partition_alloc/address_pool_manager.cc
[31/70] CXX ../../src/partition_alloc/gwp_asan_support.cc
[32/70] CXX ../../src/partition_alloc/in_slot_metadata.cc
[33/70] CXX ../../src/partition_alloc/memory_reclaimer.cc
[34/70] CXX ../../src/partition_alloc/internal_allocator.cc
[35/70] CXX ../../src/partition_alloc/partition_address_space.cc
[36/70] CXX ../../src/partition_alloc/page_allocator.cc
[37/70] CXX ../../src/partition_alloc/partition_cookie.cc
[38/70] CXX ../../src/partition_alloc/partition_oom.cc
[39/70] CXX ../../src/partition_alloc/partition_freelist_entry.cc
[40/70] CXX ../../src/partition_alloc/partition_alloc.cc
[41/70] CXX ../../src/partition_alloc/partition_alloc_hooks.cc
[42/70] CXX ../../src/partition_alloc/partition_stats.cc
[43/70] CXX ../../src/partition_alloc/partition_bucket.cc
[44/70] CXX ../../src/partition_alloc/partition_dcheck_helper.cc
[45/70] CXX ../../src/partition_alloc/random.cc
[46/70] CXX ../../src/partition_alloc/partition_page.cc
[47/70] CXX ../../src/partition_alloc/reservation_offset_table.cc
[48/70] CXX ../../src/partition_alloc/tagging.cc
[49/70] CXX ../../src/partition_alloc/partition_root.cc
[50/70] CXX ../../src/partition_alloc/thread_isolation/pkey.cc
[51/70] CXX ../../src/partition_alloc/spinning_mutex.cc
[52/70] CXX ../../src/partition_alloc/page_allocator_internals_posix.cc
[53/70] CXX ../../src/partition_alloc/scheduler_loop_quarantine.cc
[54/70] CXX ../../src/partition_alloc/scheduler_loop_quarantine_support.cc
[55/70] CXX ../../src/partition_alloc/thread_isolation/thread_isolation.cc
[56/70] CXX ../../src/partition_alloc/thread_cache.cc
[57/70] CXX ../../src/partition_alloc/stack/stack.cc
[58/70] LINK (static) liballocator_core.a
[59/70] CXX ../../src/partition_alloc/shim/allocator_shim_dispatch_to_noop_on_free.cc
[60/70] CXX ../../src/partition_alloc/shim/allocator_shim.cc
[61/70] CXX ../../src/partition_alloc/shim/allocator_shim_default_dispatch_to_partition_alloc_with_advanced_checks.cc
[62/70] CXX ../../src/partition_alloc/shim/allocator_shim_default_dispatch_to_partition_alloc.cc
[63/70] LINK (static) liballocator_shim.a
[64/70] CXX ../../src/partition_alloc/pointers/raw_ptr_backup_ref_impl.cc
[65/70] CXX ../../src/partition_alloc/pointers/instance_tracer.cc
[66/70] LINK (static) libraw_ptr.a
[67/70] CXX ../../src/partition_alloc/pointers/raw_ptr_counting_impl_for_test.cc
[68/70] CXX ../../src/partition_alloc/extended_api.cc
[69/70] CXX ../../src/partition_alloc/partition_alloc_base/threading/platform_thread_linux_for_testing.cc
[70/70] CXX ../../src/partition_alloc/partition_alloc_base/threading/platform_thread_posix_for_testing.cc
