WARNING at the command-line "--args":1:249: Build argument has no effect.
is_debug=true use_partition_alloc_as_malloc=true use_allocator_shim=true shim_supports_sized_dealloc=true enable_backup_ref_ptr_support=true enable_backup_ref_ptr_slow_checks=true enable_dangling_raw_ptr_checks=true enable_ios_corruption_hardening=true raw_ptr_zero_on_construct=true raw_ptr_zero_on_move=true raw_ptr_zero_on_destruct=true
                                                                                                                                                                                                                                                        ^---
The variable "enable_ios_corruption_hardening" was set as a build argument
but never appeared in a declare_args() block in any buildfile.

To view all possible args, run "gn args --list <out_dir>"

The build continued as if that argument was unspecified.

Done. Made 14 targets from 8 files in 4ms
ninja: Entering directory `out/debug'
[1/70] ACTION //src/partition_alloc:buildflags(//gn/toolchain:clang)
[2/70] CXX ../../src/partition_alloc/partition_alloc_base/debug/alias.cc
[3/70] CXX ../../src/partition_alloc/partition_alloc_base/memory/page_size_posix.cc
[4/70] CXX ../../src/partition_alloc/partition_alloc_base/check.cc
[5/70] CXX ../../src/partition_alloc/partition_alloc_base/strings/string_util.cc
[6/70] CXX ../../src/partition_alloc/partition_alloc_base/files/file_util_posix.cc
[7/70] CXX ../../src/partition_alloc/partition_alloc_base/process/process_handle_posix.cc
[8/70] CXX ../../src/partition_alloc/partition_alloc_base/debug/stack_trace_linux.cc
[9/70] CXX ../../src/partition_alloc/partition_alloc_base/logging.cc
[10/70] CXX ../../src/partition_alloc/partition_alloc_base/debug/stack_trace_posix.cc
[11/70] CXX ../../src/partition_alloc/partition_alloc_base/strings/safe_sprintf.cc
[12/70] CXX ../../src/partition_alloc/partition_alloc_base/rand_util.cc
[13/70] CXX ../../src/partition_alloc/partition_alloc_base/log_message.cc
[14/70] CXX ../../src/partition_alloc/address_space_randomization.cc
[15/70] CXX ../../src/partition_alloc/allocation_guard.cc
[16/70] CXX ../../src/partition_alloc/partition_alloc_base/strings/stringprintf.cc
[17/70] CXX ../../src/partition_alloc/partition_alloc_base/strings/cstring_builder.cc
[18/70] CXX ../../src/partition_alloc/partition_alloc_base/posix/safe_strerror.cc
[19/70] CXX ../../src/partition_alloc/dangling_raw_ptr_checks.cc
[20/70] CXX ../../src/partition_alloc/partition_alloc_base/memory/ref_counted.cc
[21/70] CXX ../../src/partition_alloc/partition_alloc_base/cpu.cc
[22/70] CXX ../../src/partition_alloc/partition_alloc_base/rand_util_posix.cc
[23/70] CXX ../../src/partition_alloc/oom.cc
[24/70] CXX ../../src/partition_alloc/oom_callback.cc
[25/70] CXX ../../src/partition_alloc/compressed_pointer.cc
[26/70] CXX ../../src/partition_alloc/partition_alloc_base/debug/stack_trace.cc
[27/70] CXX ../../src/partition_alloc/partition_alloc_base/threading/platform_thread.cc
[28/70] CXX ../../src/partition_alloc/partition_alloc_base/time/time_override.cc
[29/70] CXX ../../src/partition_alloc/partition_alloc_base/time/time_conversion_posix.cc
[30/70] CXX ../../src/partition_alloc/partition_alloc_base/time/time_now_posix.cc
[31/70] CXX ../../src/partition_alloc/partition_alloc_base/time/time.cc
[32/70] CXX ../../src/partition_alloc/partition_oom.cc
[33/70] CXX ../../src/partition_alloc/partition_alloc_base/threading/platform_thread_posix.cc
[34/70] CXX ../../src/partition_alloc/address_pool_manager_bitmap.cc
[35/70] LINK (static) liballocator_base.a
[36/70] CXX ../../src/partition_alloc/address_pool_manager.cc
[37/70] CXX ../../src/partition_alloc/partition_stats.cc
[38/70] CXX ../../src/partition_alloc/tagging.cc
[39/70] CXX ../../src/partition_alloc/partition_alloc_hooks.cc
[40/70] CXX ../../src/partition_alloc/page_allocator.cc
[41/70] CXX ../../src/partition_alloc/partition_address_space.cc
[42/70] CXX ../../src/partition_alloc/spinning_mutex.cc
[43/70] CXX ../../src/partition_alloc/page_allocator_internals_posix.cc
[44/70] CXX ../../src/partition_alloc/thread_isolation/pkey.cc
[45/70] CXX ../../src/partition_alloc/lightweight_quarantine.cc
[46/70] CXX ../../src/partition_alloc/internal_allocator.cc
[47/70] CXX ../../src/partition_alloc/gwp_asan_support.cc
[48/70] CXX ../../src/partition_alloc/partition_alloc.cc
[49/70] CXX ../../src/partition_alloc/partition_freelist_entry.cc
[50/70] CXX ../../src/partition_alloc/random.cc
[51/70] CXX ../../src/partition_alloc/memory_reclaimer.cc
[52/70] CXX ../../src/partition_alloc/shim/allocator_shim_dispatch_to_noop_on_free.cc
[53/70] CXX ../../src/partition_alloc/partition_dcheck_helper.cc
[54/70] CXX ../../src/partition_alloc/partition_page.cc
[55/70] CXX ../../src/partition_alloc/reservation_offset_table.cc
[56/70] CXX ../../src/partition_alloc/partition_root.cc
[57/70] CXX ../../src/partition_alloc/partition_bucket.cc
[58/70] CXX ../../src/partition_alloc/thread_isolation/thread_isolation.cc
[59/70] CXX ../../src/partition_alloc/partition_alloc_base/threading/platform_thread_linux_for_testing.cc
[60/70] CXX ../../src/partition_alloc/stack/stack.cc
[61/70] CXX ../../src/partition_alloc/thread_cache.cc
[62/70] LINK (static) liballocator_core.a
[63/70] CXX ../../src/partition_alloc/pointers/raw_ptr_backup_ref_impl.cc
[64/70] CXX ../../src/partition_alloc/pointers/instance_tracer.cc
[65/70] CXX ../../src/partition_alloc/shim/allocator_shim.cc
[66/70] CXX ../../src/partition_alloc/partition_alloc_base/threading/platform_thread_posix_for_testing.cc
[67/70] CXX ../../src/partition_alloc/extended_api.cc
[68/70] CXX ../../src/partition_alloc/shim/allocator_shim_default_dispatch_to_partition_alloc.cc
[69/70] LINK (static) liballocator_shim.a
[70/70] LINK (static) libraw_ptr.a
