HEAD is now at bb5a3e33 Fix some PA_UNSAFE_TODOs in //base/allocator/partition_allocator
WARNING at the command-line "--args":1:249: Build argument has no effect.
is_debug=true use_partition_alloc_as_malloc=true use_allocator_shim=true shim_supports_sized_dealloc=true enable_backup_ref_ptr_support=true enable_backup_ref_ptr_slow_checks=true enable_dangling_raw_ptr_checks=true enable_ios_corruption_hardening=true raw_ptr_zero_on_construct=true raw_ptr_zero_on_move=true raw_ptr_zero_on_destruct=true
                                                                                                                                                                                                                                                        ^---
The variable "enable_ios_corruption_hardening" was set as a build argument
but never appeared in a declare_args() block in any buildfile.

To view all possible args, run "gn args --list <out_dir>"

The build continued as if that argument was unspecified.

Done. Made 15 targets from 8 files in 5ms
ninja: Entering directory `out/debug'
[1/77] ACTION //src/partition_alloc:buildflags(//gn/toolchain:clang)
[2/77] CXX ../../src/partition_alloc/partition_alloc_base/debug/alias.cc
[3/77] CXX ../../src/partition_alloc/partition_alloc_base/check.cc
[4/77] CXX ../../src/partition_alloc/partition_alloc_base/rand_util.cc
[5/77] CXX ../../src/partition_alloc/partition_alloc_base/logging.cc
[6/77] CXX ../../src/partition_alloc/partition_alloc_base/log_message.cc
[7/77] CXX ../../src/partition_alloc/partition_alloc_base/strings/string_util.cc
[8/77] CXX ../../src/partition_alloc/partition_alloc_base/cpu.cc
[9/77] CXX ../../src/partition_alloc/partition_alloc_base/memory/ref_counted.cc
[10/77] CXX ../../src/partition_alloc/partition_alloc_base/strings/cstring_builder.cc
[11/77] CXX ../../src/partition_alloc/partition_alloc_base/debug/stack_trace.cc
[12/77] CXX ../../src/partition_alloc/partition_alloc_base/strings/safe_sprintf.cc
[13/77] CXX ../../src/partition_alloc/partition_alloc_base/debug/stack_trace_posix.cc
[14/77] CXX ../../src/partition_alloc/partition_alloc_base/memory/page_size_posix.cc
[15/77] CXX ../../src/partition_alloc/partition_alloc_base/strings/stringprintf.cc
[16/77] CXX ../../src/partition_alloc/partition_alloc_base/files/file_util_posix.cc
[17/77] CXX ../../src/partition_alloc/partition_alloc_base/process/process_handle_posix.cc
[18/77] CXX ../../src/partition_alloc/partition_alloc_base/time/time_override.cc
[19/77] CXX ../../src/partition_alloc/partition_alloc_base/threading/platform_thread.cc
[20/77] CXX ../../src/partition_alloc/partition_alloc_base/debug/stack_trace_linux.cc
[21/77] CXX ../../src/partition_alloc/partition_alloc_base/posix/safe_strerror.cc
[22/77] CXX ../../src/partition_alloc/partition_alloc_base/rand_util_posix.cc
[23/77] CXX ../../src/partition_alloc/partition_alloc_base/time/time.cc
[24/77] CXX ../../src/partition_alloc/partition_alloc_base/time/time_conversion_posix.cc
[25/77] CXX ../../src/partition_alloc/allocation_guard.cc
[26/77] CXX ../../src/partition_alloc/address_space_randomization.cc
[27/77] CXX ../../src/partition_alloc/allocator_config.cc
[28/77] CXX ../../src/partition_alloc/dangling_raw_ptr_checks.cc
[29/77] CXX ../../src/partition_alloc/partition_alloc_base/threading/platform_thread_posix.cc
[30/77] CXX ../../src/partition_alloc/partition_alloc_base/time/time_now_posix.cc
[31/77] LINK (static) liballocator_base.a
[32/77] CXX ../../src/partition_alloc/compressed_pointer.cc
[33/77] CXX ../../src/partition_alloc/address_pool_manager.cc
[34/77] CXX ../../src/partition_alloc/oom.cc
[35/77] CXX ../../src/partition_alloc/address_pool_manager_bitmap.cc
[36/77] CXX ../../src/partition_alloc/oom_callback.cc
[37/77] CXX ../../src/partition_alloc/gwp_asan_support.cc
[38/77] CXX ../../src/partition_alloc/in_slot_metadata.cc
[39/77] CXX ../../src/partition_alloc/internal_allocator.cc
[40/77] CXX ../../src/partition_alloc/memory_reclaimer.cc
[41/77] CXX ../../src/partition_alloc/page_allocator.cc
[42/77] CXX ../../src/partition_alloc/partition_cookie.cc
[43/77] CXX ../../src/partition_alloc/partition_address_space.cc
[44/77] CXX ../../src/partition_alloc/partition_oom.cc
[45/77] CXX ../../src/partition_alloc/partition_alloc_hooks.cc
[46/77] CXX ../../src/partition_alloc/partition_alloc.cc
[47/77] CXX ../../src/partition_alloc/partition_freelist_entry.cc
[48/77] CXX ../../src/partition_alloc/partition_stats.cc
[49/77] CXX ../../src/partition_alloc/partition_dcheck_helper.cc
[50/77] CXX ../../src/partition_alloc/partition_bucket.cc
[51/77] CXX ../../src/partition_alloc/partition_page.cc
[52/77] CXX ../../src/partition_alloc/random.cc
[53/77] CXX ../../src/partition_alloc/reservation_offset_table.cc
[54/77] CXX ../../src/partition_alloc/partition_root.cc
[55/77] CXX ../../src/partition_alloc/tagging.cc
[56/77] CXX ../../src/partition_alloc/scheduler_loop_quarantine_support.cc
[57/77] CXX ../../src/partition_alloc/spinning_mutex.cc
[58/77] CXX ../../src/partition_alloc/thread_isolation/pkey.cc
[59/77] CXX ../../src/partition_alloc/scheduler_loop_quarantine.cc
[60/77] CXX ../../src/partition_alloc/stack/asm/x64/push_registers_asm.cc
[61/77] CXX ../../src/partition_alloc/page_allocator_internals_posix.cc
[62/77] CXX ../../src/partition_alloc/slot_start.cc
[63/77] CXX ../../src/partition_alloc/thread_cache.cc
[64/77] CXX ../../src/partition_alloc/stack/stack.cc
[65/77] CXX ../../src/partition_alloc/thread_isolation/thread_isolation.cc
[66/77] LINK (static) liballocator_core.a
[67/77] CXX ../../src/partition_alloc/shim/allocator_shim_dispatch_to_noop_on_free.cc
[68/77] CXX ../../src/partition_alloc/shim/allocator_shim.cc
[69/77] CXX ../../src/partition_alloc/shim/allocator_shim_default_dispatch_to_partition_alloc.cc
[70/77] LINK (static) liballocator_shim.a
[71/77] CXX ../../src/partition_alloc/pointers/raw_ptr_counting_impl_for_test.cc
[72/77] CXX ../../src/partition_alloc/pointers/instance_tracer.cc
[73/77] CXX ../../src/partition_alloc/pointers/raw_ptr_backup_ref_impl.cc
[74/77] LINK (static) libraw_ptr.a
[75/77] CXX ../../src/partition_alloc/extended_api.cc
[76/77] CXX ../../src/partition_alloc/partition_alloc_base/threading/platform_thread_linux_for_testing.cc
[77/77] CXX ../../src/partition_alloc/partition_alloc_base/threading/platform_thread_posix_for_testing.cc
