HEAD is now at e1b3bee8 Add transparent version of std::equal_to<> and std::hash<> for raw_ptr
WARNING at the command-line "--args":1:249: Build argument has no effect.
is_debug=true use_partition_alloc_as_malloc=true use_allocator_shim=true shim_supports_sized_dealloc=true enable_backup_ref_ptr_support=true enable_backup_ref_ptr_slow_checks=true enable_dangling_raw_ptr_checks=true enable_ios_corruption_hardening=true raw_ptr_zero_on_construct=true raw_ptr_zero_on_move=true raw_ptr_zero_on_destruct=true
                                                                                                                                                                                                                                                        ^---
The variable "enable_ios_corruption_hardening" was set as a build argument
but never appeared in a declare_args() block in any buildfile.

To view all possible args, run "gn args --list <out_dir>"

The build continued as if that argument was unspecified.

Done. Made 15 targets from 8 files in 4ms
ninja: Entering directory `out/debug'
[1/35] CXX ../../src/partition_alloc/compressed_pointer.cc
[2/35] CXX ../../src/partition_alloc/address_pool_manager.cc
[3/35] CXX ../../src/partition_alloc/address_pool_manager_bitmap.cc
[4/35] CXX ../../src/partition_alloc/in_slot_metadata.cc
[5/35] CXX ../../src/partition_alloc/gwp_asan_support.cc
[6/35] CXX ../../src/partition_alloc/internal_allocator.cc
[7/35] CXX ../../src/partition_alloc/memory_reclaimer.cc
[8/35] CXX ../../src/partition_alloc/partition_address_space.cc
[9/35] CXX ../../src/partition_alloc/partition_alloc_hooks.cc
[10/35] CXX ../../src/partition_alloc/partition_alloc.cc
[11/35] CXX ../../src/partition_alloc/partition_stats.cc
[12/35] CXX ../../src/partition_alloc/partition_dcheck_helper.cc
[13/35] CXX ../../src/partition_alloc/partition_bucket.cc
[14/35] CXX ../../src/partition_alloc/partition_freelist_entry.cc
[15/35] CXX ../../src/partition_alloc/partition_page.cc
[16/35] CXX ../../src/partition_alloc/reservation_offset_table.cc
[17/35] CXX ../../src/partition_alloc/partition_root.cc
[18/35] CXX ../../src/partition_alloc/scheduler_loop_quarantine_support.cc
[19/35] CXX ../../src/partition_alloc/slot_start.cc
[20/35] CXX ../../src/partition_alloc/scheduler_loop_quarantine.cc
[21/35] CXX ../../src/partition_alloc/thread_isolation/thread_isolation.cc
[22/35] CXX ../../src/partition_alloc/stack/stack.cc
[23/35] CXX ../../src/partition_alloc/thread_cache.cc
[24/35] LINK (static) liballocator_core.a
[25/35] CXX ../../src/partition_alloc/shim/allocator_shim_dispatch_to_noop_on_free.cc
[26/35] CXX ../../src/partition_alloc/shim/allocator_shim.cc
[27/35] CXX ../../src/partition_alloc/shim/allocator_shim_default_dispatch_to_partition_alloc.cc
[28/35] CXX ../../src/partition_alloc/shim/allocator_shim_default_dispatch_to_partition_alloc_with_advanced_checks.cc
[29/35] LINK (static) liballocator_shim.a
[30/35] CXX ../../src/partition_alloc/pointers/raw_ptr_counting_impl_for_test.cc
[31/35] CXX ../../src/partition_alloc/pointers/raw_ptr_backup_ref_impl.cc
[32/35] CXX ../../src/partition_alloc/pointers/instance_tracer.cc
[33/35] LINK (static) libraw_ptr.a
[34/35] CXX ../../src/partition_alloc/extended_api.cc
[35/35] CXX ../../src/partition_alloc/partition_alloc_base/threading/platform_thread_posix_for_testing.cc
