HEAD is now at 0ab14762 partition_alloc: support cpp17
WARNING at the command-line "--args":1:250: Build argument has no effect.
is_debug=false use_partition_alloc_as_malloc=true use_allocator_shim=true shim_supports_sized_dealloc=true enable_backup_ref_ptr_support=true enable_backup_ref_ptr_slow_checks=true enable_dangling_raw_ptr_checks=true enable_ios_corruption_hardening=true raw_ptr_zero_on_construct=true raw_ptr_zero_on_move=true raw_ptr_zero_on_destruct=true
                                                                                                                                                                                                                                                         ^---
The variable "enable_ios_corruption_hardening" was set as a build argument
but never appeared in a declare_args() block in any buildfile.

To view all possible args, run "gn args --list <out_dir>"

The build continued as if that argument was unspecified.

Done. Made 12 targets from 8 files in 12ms
ninja: Entering directory `out/release'
[1/69] ACTION //src/partition_alloc:buildflags(//gn/toolchain:clang)
[2/69] CXX ../../src/partition_alloc/partition_alloc_base/debug/alias.cc
[3/69] CXX ../../src/partition_alloc/partition_alloc_base/memory/page_size_posix.cc
[4/69] CXX ../../src/partition_alloc/allocation_guard.cc
[5/69] CXX ../../src/partition_alloc/partition_alloc_base/strings/string_util.cc
[6/69] CXX ../../src/partition_alloc/partition_alloc_base/debug/stack_trace_linux.cc
[7/69] CXX ../../src/partition_alloc/partition_alloc_base/process/process_handle_posix.cc
[8/69] CXX ../../src/partition_alloc/oom.cc
[9/69] CXX ../../src/partition_alloc/stack/asm/x64/push_registers_asm.cc
[10/69] CXX ../../src/partition_alloc/partition_alloc_base/check.cc
[11/69] CXX ../../src/partition_alloc/partition_oom.cc
[12/69] CXX ../../src/partition_alloc/dangling_raw_ptr_checks.cc
[13/69] CXX ../../src/partition_alloc/page_allocator_internals_posix.cc
[14/69] CXX ../../src/partition_alloc/oom_callback.cc
[15/69] CXX ../../src/partition_alloc/address_space_randomization.cc
[16/69] CXX ../../src/partition_alloc/partition_alloc_base/files/file_util_posix.cc
[17/69] CXX ../../src/partition_alloc/tagging.cc
[18/69] CXX ../../src/partition_alloc/thread_isolation/pkey.cc
[19/69] CXX ../../src/partition_alloc/partition_alloc_base/logging.cc
[20/69] CXX ../../src/partition_alloc/compressed_pointer.cc
[21/69] CXX ../../src/partition_alloc/partition_stats.cc
[22/69] CXX ../../src/partition_alloc/partition_alloc_base/debug/stack_trace_posix.cc
[23/69] CXX ../../src/partition_alloc/spinning_mutex.cc
[24/69] CXX ../../src/partition_alloc/partition_alloc_base/strings/safe_sprintf.cc
[25/69] CXX ../../src/partition_alloc/partition_alloc_base/rand_util.cc
[26/69] CXX ../../src/partition_alloc/partition_alloc_base/posix/safe_strerror.cc
[27/69] CXX ../../src/partition_alloc/partition_alloc_base/strings/stringprintf.cc
[28/69] CXX ../../src/partition_alloc/partition_alloc_base/log_message.cc
[29/69] CXX ../../src/partition_alloc/partition_alloc_base/strings/cstring_builder.cc
[30/69] CXX ../../src/partition_alloc/shim/allocator_shim_dispatch_to_noop_on_free.cc
[31/69] CXX ../../src/partition_alloc/partition_alloc_base/memory/ref_counted.cc
[32/69] CXX ../../src/partition_alloc/partition_alloc_base/cpu.cc
[33/69] CXX ../../src/partition_alloc/partition_alloc_base/rand_util_posix.cc
[34/69] CXX ../../src/partition_alloc/partition_alloc_base/time/time_conversion_posix.cc
[35/69] CXX ../../src/partition_alloc/partition_alloc_base/time/time_override.cc
[36/69] CXX ../../src/partition_alloc/partition_alloc_base/threading/platform_thread.cc
[37/69] CXX ../../src/partition_alloc/partition_alloc_base/debug/stack_trace.cc
[38/69] CXX ../../src/partition_alloc/partition_alloc_base/time/time_now_posix.cc
[39/69] CXX ../../src/partition_alloc/partition_alloc_base/threading/platform_thread_posix.cc
[40/69] CXX ../../src/partition_alloc/random.cc
[41/69] CXX ../../src/partition_alloc/address_pool_manager_bitmap.cc
[42/69] CXX ../../src/partition_alloc/thread_isolation/thread_isolation.cc
[43/69] CXX ../../src/partition_alloc/partition_alloc_hooks.cc
[44/69] CXX ../../src/partition_alloc/partition_alloc_base/time/time.cc
[45/69] CXX ../../src/partition_alloc/partition_address_space.cc
[46/69] CXX ../../src/partition_alloc/partition_freelist_entry.cc
[47/69] CXX ../../src/partition_alloc/address_pool_manager.cc
[48/69] CXX ../../src/partition_alloc/reservation_offset_table.cc
[49/69] LINK (static) liballocator_base.a
[50/69] CXX ../../src/partition_alloc/page_allocator.cc
[51/69] CXX ../../src/partition_alloc/partition_dcheck_helper.cc
[52/69] CXX ../../src/partition_alloc/partition_alloc.cc
[53/69] CXX ../../src/partition_alloc/gwp_asan_support.cc
[54/69] CXX ../../src/partition_alloc/pointers/instance_tracer.cc
[55/69] CXX ../../src/partition_alloc/memory_reclaimer.cc
[56/69] CXX ../../src/partition_alloc/shim/allocator_shim.cc
[57/69] CXX ../../src/partition_alloc/partition_page.cc
[58/69] CXX ../../src/partition_alloc/internal_allocator.cc
[59/69] CXX ../../src/partition_alloc/lightweight_quarantine.cc
[60/69] CXX ../../src/partition_alloc/shim/nonscannable_allocator.cc
[61/69] CXX ../../src/partition_alloc/stack/stack.cc
[62/69] CXX ../../src/partition_alloc/thread_cache.cc
[63/69] CXX ../../src/partition_alloc/partition_bucket.cc
[64/69] CXX ../../src/partition_alloc/pointers/raw_ptr_backup_ref_impl.cc
[65/69] CXX ../../src/partition_alloc/partition_root.cc
[66/69] LINK (static) liballocator_core.a
[67/69] CXX ../../src/partition_alloc/shim/allocator_shim_default_dispatch_to_partition_alloc.cc
[68/69] LINK (static) liballocator_shim.a
[69/69] LINK (static) libraw_ptr.a
