HEAD is now at 1e3b00f0 [PA] Move Metadata outside of GigaCage (4/6)
Done. Made 15 targets from 8 files in 23ms
ninja: Entering directory `out/release'
[1/73] ACTION //src/partition_alloc:buildflags(//gn/toolchain:clang)
[2/73] CXX ../../src/partition_alloc/partition_alloc_base/debug/alias.cc
[3/73] CXX ../../src/partition_alloc/partition_alloc_base/process/process_handle_posix.cc
[4/73] CXX ../../src/partition_alloc/partition_alloc_base/debug/stack_trace_linux.cc
[5/73] CXX ../../src/partition_alloc/address_space_randomization.cc
[6/73] CXX ../../src/partition_alloc/allocation_guard.cc
[7/73] CXX ../../src/partition_alloc/oom.cc
[8/73] CXX ../../src/partition_alloc/partition_oom.cc
[9/73] CXX ../../src/partition_alloc/partition_alloc_base/check.cc
[10/73] CXX ../../src/partition_alloc/oom_callback.cc
[11/73] CXX ../../src/partition_alloc/tagging.cc
[12/73] CXX ../../src/partition_alloc/partition_alloc_base/files/file_util_posix.cc
[13/73] CXX ../../src/partition_alloc/thread_isolation/pkey.cc
[14/73] CXX ../../src/partition_alloc/dangling_raw_ptr_checks.cc
[15/73] CXX ../../src/partition_alloc/page_allocator_internals_posix.cc
[16/73] CXX ../../src/partition_alloc/partition_alloc_base/logging.cc
[17/73] CXX ../../src/partition_alloc/compressed_pointer.cc
[18/73] CXX ../../src/partition_alloc/partition_alloc_base/debug/stack_trace_posix.cc
[19/73] CXX ../../src/partition_alloc/partition_alloc_base/strings/safe_sprintf.cc
[20/73] CXX ../../src/partition_alloc/partition_stats.cc
[21/73] CXX ../../src/partition_alloc/partition_alloc_base/memory/ref_counted.cc
[22/73] CXX ../../src/partition_alloc/partition_alloc_base/posix/safe_strerror.cc
[23/73] CXX ../../src/partition_alloc/partition_alloc_base/strings/cstring_builder.cc
[24/73] CXX ../../src/partition_alloc/partition_alloc_base/rand_util.cc
[25/73] CXX ../../src/partition_alloc/partition_alloc_base/time/time_conversion_posix.cc
[26/73] CXX ../../src/partition_alloc/partition_freelist_entry.cc
[27/73] CXX ../../src/partition_alloc/partition_alloc_base/log_message.cc
[28/73] CXX ../../src/partition_alloc/partition_alloc_base/strings/stringprintf.cc
[29/73] CXX ../../src/partition_alloc/partition_cookie.cc
[30/73] CXX ../../src/partition_alloc/partition_alloc_base/threading/platform_thread.cc
[31/73] CXX ../../src/partition_alloc/partition_alloc_base/rand_util_posix.cc
[32/73] CXX ../../src/partition_alloc/partition_alloc_base/debug/stack_trace.cc
[33/73] CXX ../../src/partition_alloc/partition_alloc_base/threading/platform_thread_linux_for_testing.cc
[34/73] CXX ../../src/partition_alloc/partition_alloc_base/time/time_override.cc
[35/73] CXX ../../src/partition_alloc/partition_alloc_base/threading/platform_thread_posix.cc
[36/73] CXX ../../src/partition_alloc/partition_alloc_base/cpu.cc
[37/73] CXX ../../src/partition_alloc/partition_alloc_base/time/time_now_posix.cc
[38/73] CXX ../../src/partition_alloc/random.cc
[39/73] CXX ../../src/partition_alloc/thread_isolation/thread_isolation.cc
[40/73] CXX ../../src/partition_alloc/address_pool_manager.cc
[41/73] CXX ../../src/partition_alloc/spinning_mutex.cc
[42/73] CXX ../../src/partition_alloc/address_pool_manager_bitmap.cc
[43/73] CXX ../../src/partition_alloc/partition_alloc_hooks.cc
[44/73] CXX ../../src/partition_alloc/page_allocator.cc
[45/73] CXX ../../src/partition_alloc/pointers/raw_ptr_counting_impl_for_test.cc
[46/73] CXX ../../src/partition_alloc/pointers/instance_tracer.cc
[47/73] CXX ../../src/partition_alloc/partition_dcheck_helper.cc
[48/73] CXX ../../src/partition_alloc/memory_reclaimer.cc
[49/73] CXX ../../src/partition_alloc/partition_alloc.cc
[50/73] CXX ../../src/partition_alloc/shim/allocator_shim_dispatch_to_noop_on_free.cc
[51/73] CXX ../../src/partition_alloc/extended_api.cc
[52/73] CXX ../../src/partition_alloc/gwp_asan_support.cc
[53/73] CXX ../../src/partition_alloc/shim/allocator_shim_default_dispatch_to_partition_alloc_with_advanced_checks.cc
[54/73] CXX ../../src/partition_alloc/in_slot_metadata.cc
[55/73] CXX ../../src/partition_alloc/partition_alloc_base/time/time.cc
[56/73] CXX ../../src/partition_alloc/partition_alloc_base/threading/platform_thread_posix_for_testing.cc
[57/73] LINK (static) liballocator_base.a
[58/73] CXX ../../src/partition_alloc/reservation_offset_table.cc
[59/73] CXX ../../src/partition_alloc/partition_address_space.cc
[60/73] CXX ../../src/partition_alloc/scheduler_loop_quarantine_support.cc
[61/73] CXX ../../src/partition_alloc/partition_page.cc
[62/73] CXX ../../src/partition_alloc/shim/allocator_shim.cc
[63/73] CXX ../../src/partition_alloc/thread_cache.cc
[64/73] CXX ../../src/partition_alloc/partition_bucket.cc
[65/73] CXX ../../src/partition_alloc/stack/stack.cc
[66/73] CXX ../../src/partition_alloc/internal_allocator.cc
[67/73] CXX ../../src/partition_alloc/pointers/raw_ptr_backup_ref_impl.cc
[68/73] CXX ../../src/partition_alloc/scheduler_loop_quarantine.cc
[69/73] CXX ../../src/partition_alloc/partition_root.cc
[70/73] LINK (static) liballocator_core.a
[71/73] CXX ../../src/partition_alloc/shim/allocator_shim_default_dispatch_to_partition_alloc.cc
[72/73] LINK (static) liballocator_shim.a
[73/73] LINK (static) libraw_ptr.a
