HEAD is now at 218e32d7 Remove file-wide unsafe buffer pragamas in partition alloc.
Done. Made 15 targets from 8 files in 4ms
ninja: Entering directory `out/release'
[1/69] CXX ../../src/partition_alloc/partition_alloc_base/debug/alias.cc
[2/69] CXX ../../src/partition_alloc/partition_alloc_base/check.cc
[3/69] CXX ../../src/partition_alloc/partition_alloc_base/logging.cc
[4/69] CXX ../../src/partition_alloc/partition_alloc_base/strings/string_util.cc
[5/69] CXX ../../src/partition_alloc/partition_alloc_base/log_message.cc
[6/69] CXX ../../src/partition_alloc/partition_alloc_base/rand_util.cc
[7/69] CXX ../../src/partition_alloc/partition_alloc_base/memory/ref_counted.cc
[8/69] CXX ../../src/partition_alloc/partition_alloc_base/strings/cstring_builder.cc
[9/69] CXX ../../src/partition_alloc/partition_alloc_base/strings/stringprintf.cc
[10/69] CXX ../../src/partition_alloc/partition_alloc_base/debug/stack_trace.cc
[11/69] CXX ../../src/partition_alloc/partition_alloc_base/process/process_handle_posix.cc
[12/69] CXX ../../src/partition_alloc/partition_alloc_base/files/file_util_posix.cc
[13/69] CXX ../../src/partition_alloc/partition_alloc_base/debug/stack_trace_posix.cc
[14/69] CXX ../../src/partition_alloc/partition_alloc_base/threading/platform_thread.cc
[15/69] CXX ../../src/partition_alloc/partition_alloc_base/time/time_override.cc
[16/69] CXX ../../src/partition_alloc/partition_alloc_base/rand_util_posix.cc
[17/69] CXX ../../src/partition_alloc/partition_alloc_base/time/time_conversion_posix.cc
[18/69] CXX ../../src/partition_alloc/partition_alloc_base/time/time.cc
[19/69] CXX ../../src/partition_alloc/address_space_randomization.cc
[20/69] CXX ../../src/partition_alloc/allocator_config.cc
[21/69] CXX ../../src/partition_alloc/partition_alloc_base/threading/platform_thread_posix.cc
[22/69] CXX ../../src/partition_alloc/partition_alloc_base/time/time_now_posix.cc
[23/69] CXX ../../src/partition_alloc/dangling_raw_ptr_checks.cc
[24/69] LINK (static) liballocator_base.a
[25/69] CXX ../../src/partition_alloc/compressed_pointer.cc
[26/69] CXX ../../src/partition_alloc/address_pool_manager.cc
[27/69] CXX ../../src/partition_alloc/oom.cc
[28/69] CXX ../../src/partition_alloc/oom_callback.cc
[29/69] CXX ../../src/partition_alloc/address_pool_manager_bitmap.cc
[30/69] CXX ../../src/partition_alloc/in_slot_metadata.cc
[31/69] CXX ../../src/partition_alloc/gwp_asan_support.cc
[32/69] CXX ../../src/partition_alloc/memory_reclaimer.cc
[33/69] CXX ../../src/partition_alloc/partition_address_space.cc
[34/69] CXX ../../src/partition_alloc/page_allocator.cc
[35/69] CXX ../../src/partition_alloc/partition_cookie.cc
[36/69] CXX ../../src/partition_alloc/internal_allocator.cc
[37/69] CXX ../../src/partition_alloc/partition_freelist_entry.cc
[38/69] CXX ../../src/partition_alloc/partition_oom.cc
[39/69] CXX ../../src/partition_alloc/partition_alloc_hooks.cc
[40/69] CXX ../../src/partition_alloc/partition_alloc.cc
[41/69] CXX ../../src/partition_alloc/partition_stats.cc
[42/69] CXX ../../src/partition_alloc/partition_dcheck_helper.cc
[43/69] CXX ../../src/partition_alloc/random.cc
[44/69] CXX ../../src/partition_alloc/partition_bucket.cc
[45/69] CXX ../../src/partition_alloc/partition_page.cc
[46/69] CXX ../../src/partition_alloc/reservation_offset_table.cc
[47/69] CXX ../../src/partition_alloc/tagging.cc
[48/69] CXX ../../src/partition_alloc/spinning_mutex.cc
[49/69] CXX ../../src/partition_alloc/thread_isolation/pkey.cc
[50/69] CXX ../../src/partition_alloc/scheduler_loop_quarantine_support.cc
[51/69] CXX ../../src/partition_alloc/page_allocator_internals_posix.cc
[52/69] CXX ../../src/partition_alloc/thread_isolation/thread_isolation.cc
[53/69] CXX ../../src/partition_alloc/stack/stack.cc
[54/69] CXX ../../src/partition_alloc/thread_cache.cc
[55/69] CXX ../../src/partition_alloc/scheduler_loop_quarantine.cc
[56/69] CXX ../../src/partition_alloc/shim/allocator_shim.cc
[57/69] CXX ../../src/partition_alloc/partition_root.cc
[58/69] LINK (static) liballocator_core.a
[59/69] CXX ../../src/partition_alloc/shim/allocator_shim_dispatch_to_noop_on_free.cc
[60/69] CXX ../../src/partition_alloc/shim/allocator_shim_default_dispatch_to_partition_alloc_with_advanced_checks.cc
[61/69] CXX ../../src/partition_alloc/pointers/instance_tracer.cc
[62/69] CXX ../../src/partition_alloc/pointers/raw_ptr_counting_impl_for_test.cc
[63/69] CXX ../../src/partition_alloc/extended_api.cc
[64/69] CXX ../../src/partition_alloc/partition_alloc_base/threading/platform_thread_linux_for_testing.cc
[65/69] CXX ../../src/partition_alloc/partition_alloc_base/threading/platform_thread_posix_for_testing.cc
[66/69] CXX ../../src/partition_alloc/pointers/raw_ptr_backup_ref_impl.cc
[67/69] CXX ../../src/partition_alloc/shim/allocator_shim_default_dispatch_to_partition_alloc.cc
[68/69] LINK (static) liballocator_shim.a
[69/69] LINK (static) libraw_ptr.a
