HEAD is now at 344fbfe3 Use _WIN32 instead of WIN32 in component_export.h
WARNING at the command-line "--args":1:250: Build argument has no effect.
is_debug=false use_partition_alloc_as_malloc=true use_allocator_shim=true shim_supports_sized_dealloc=true enable_backup_ref_ptr_support=true enable_backup_ref_ptr_slow_checks=true enable_dangling_raw_ptr_checks=true enable_ios_corruption_hardening=true raw_ptr_zero_on_construct=true raw_ptr_zero_on_move=true raw_ptr_zero_on_destruct=true
                                                                                                                                                                                                                                                         ^---
The variable "enable_ios_corruption_hardening" was set as a build argument
but never appeared in a declare_args() block in any buildfile.

To view all possible args, run "gn args --list <out_dir>"

The build continued as if that argument was unspecified.

Done. Made 15 targets from 8 files in 4ms
ninja: Entering directory `out/release'
[1/78] CXX ../../src/partition_alloc/partition_alloc_base/debug/alias.cc
[2/78] CXX ../../src/partition_alloc/partition_alloc_base/check.cc
[3/78] CXX ../../src/partition_alloc/partition_alloc_base/rand_util.cc
[4/78] CXX ../../src/partition_alloc/partition_alloc_base/logging.cc
[5/78] CXX ../../src/partition_alloc/partition_alloc_base/strings/safe_sprintf.cc
[6/78] CXX ../../src/partition_alloc/partition_alloc_base/strings/cstring_builder.cc
[7/78] CXX ../../src/partition_alloc/partition_alloc_base/strings/string_util.cc
[8/78] CXX ../../src/partition_alloc/partition_alloc_base/log_message.cc
[9/78] CXX ../../src/partition_alloc/partition_alloc_base/cpu.cc
[10/78] CXX ../../src/partition_alloc/partition_alloc_base/memory/ref_counted.cc
[11/78] CXX ../../src/partition_alloc/partition_alloc_base/debug/stack_trace.cc
[12/78] CXX ../../src/partition_alloc/partition_alloc_base/strings/stringprintf.cc
[13/78] CXX ../../src/partition_alloc/partition_alloc_base/memory/page_size_posix.cc
[14/78] CXX ../../src/partition_alloc/partition_alloc_base/debug/stack_trace_posix.cc
[15/78] CXX ../../src/partition_alloc/partition_alloc_base/process/process_handle_posix.cc
[16/78] CXX ../../src/partition_alloc/partition_alloc_base/files/file_util_posix.cc
[17/78] CXX ../../src/partition_alloc/partition_alloc_base/threading/platform_thread.cc
[18/78] CXX ../../src/partition_alloc/partition_alloc_base/time/time_override.cc
[19/78] CXX ../../src/partition_alloc/partition_alloc_base/debug/stack_trace_linux.cc
[20/78] CXX ../../src/partition_alloc/partition_alloc_base/posix/safe_strerror.cc
[21/78] CXX ../../src/partition_alloc/partition_alloc_base/rand_util_posix.cc
[22/78] CXX ../../src/partition_alloc/partition_alloc_base/time/time.cc
[23/78] CXX ../../src/partition_alloc/address_space_randomization.cc
[24/78] CXX ../../src/partition_alloc/partition_alloc_base/time/time_conversion_posix.cc
[25/78] CXX ../../src/partition_alloc/allocation_guard.cc
[26/78] CXX ../../src/partition_alloc/partition_alloc_base/time/time_now_posix.cc
[27/78] CXX ../../src/partition_alloc/allocator_config.cc
[28/78] CXX ../../src/partition_alloc/partition_alloc_base/threading/platform_thread_posix.cc
[29/78] LINK (static) liballocator_base.a
[30/78] CXX ../../src/partition_alloc/dangling_raw_ptr_checks.cc
[31/78] CXX ../../src/partition_alloc/compressed_pointer.cc
[32/78] CXX ../../src/partition_alloc/address_pool_manager.cc
[33/78] CXX ../../src/partition_alloc/address_pool_manager_bitmap.cc
[34/78] CXX ../../src/partition_alloc/oom.cc
[35/78] CXX ../../src/partition_alloc/oom_callback.cc
[36/78] CXX ../../src/partition_alloc/in_slot_metadata.cc
[37/78] CXX ../../src/partition_alloc/bounds_checks.cc
[38/78] CXX ../../src/partition_alloc/gwp_asan_support.cc
[39/78] CXX ../../src/partition_alloc/internal_allocator.cc
[40/78] CXX ../../src/partition_alloc/page_allocator.cc
[41/78] CXX ../../src/partition_alloc/memory_reclaimer.cc
[42/78] CXX ../../src/partition_alloc/partition_cookie.cc
[43/78] CXX ../../src/partition_alloc/partition_address_space.cc
[44/78] CXX ../../src/partition_alloc/partition_oom.cc
[45/78] CXX ../../src/partition_alloc/partition_alloc.cc
[46/78] CXX ../../src/partition_alloc/partition_alloc_hooks.cc
[47/78] CXX ../../src/partition_alloc/partition_freelist_entry.cc
[48/78] CXX ../../src/partition_alloc/partition_stats.cc
[49/78] CXX ../../src/partition_alloc/partition_dcheck_helper.cc
[50/78] CXX ../../src/partition_alloc/partition_bucket.cc
[51/78] CXX ../../src/partition_alloc/random.cc
[52/78] CXX ../../src/partition_alloc/reservation_offset_table.cc
[53/78] CXX ../../src/partition_alloc/partition_page.cc
[54/78] CXX ../../src/partition_alloc/scheduler_loop_quarantine_support.cc
[55/78] CXX ../../src/partition_alloc/scheduler_loop_quarantine.cc
[56/78] CXX ../../src/partition_alloc/tagging.cc
[57/78] CXX ../../src/partition_alloc/slot_start.cc
[58/78] CXX ../../src/partition_alloc/slot_address_and_size.cc
[59/78] CXX ../../src/partition_alloc/spinning_mutex.cc
[60/78] CXX ../../src/partition_alloc/page_allocator_internals_posix.cc
[61/78] CXX ../../src/partition_alloc/thread_isolation/pkey.cc
[62/78] CXX ../../src/partition_alloc/thread_isolation/thread_isolation.cc
[63/78] CXX ../../src/partition_alloc/stack/stack.cc
[64/78] CXX ../../src/partition_alloc/thread_cache.cc
FAILED: [code=1] obj/src/partition_alloc/liballocator_core.thread_cache.o 
clang++ -MD -MF obj/src/partition_alloc/liballocator_core.thread_cache.o.d -DNDEBUG -DIS_PARTITION_ALLOC_IMPL -I../../src -Igen/src -fstrict-aliasing -fPIC -fvisibility=hidden -Werror -O3 -Wexit-time-destructors -std=c++20 -fvisibility-inlines-hidden -fno-exceptions -fno-rtti -c ../../src/partition_alloc/thread_cache.cc -o obj/src/partition_alloc/liballocator_core.thread_cache.o
In file included from ../../src/partition_alloc/thread_cache.cc:19:
../../src/partition_alloc/partition_alloc_base/containers/span.h:1871:10: error: no matching conversion for functional-style cast from 'span<const char>' to 'std::string_view' (aka 'basic_string_view<char>')
 1871 |   return std::string_view(s);
      |          ^~~~~~~~~~~~~~~~~~~
/usr/bin/../lib/gcc/x86_64-linux-gnu/14/../../../../include/c++/14/string_view:136:17: note: candidate constructor not viable: no known conversion from 'span<const char>' to 'const basic_string_view<char>' for 1st argument
  136 |       constexpr basic_string_view(const basic_string_view&) noexcept = default;
      |                 ^                 ~~~~~~~~~~~~~~~~~~~~~~~~
/usr/bin/../lib/gcc/x86_64-linux-gnu/14/../../../../include/c++/14/string_view:140:7: note: candidate constructor not viable: no known conversion from 'span<const char>' to 'const char *' for 1st argument
  140 |       basic_string_view(const _CharT* __str) noexcept
      |       ^                 ~~~~~~~~~~~~~~~~~~~
/usr/bin/../lib/gcc/x86_64-linux-gnu/14/../../../../include/c++/14/string_view:132:7: note: candidate constructor not viable: requires 0 arguments, but 1 was provided
  132 |       basic_string_view() noexcept
      |       ^
/usr/bin/../lib/gcc/x86_64-linux-gnu/14/../../../../include/c++/14/string_view:146:7: note: candidate constructor not viable: requires 2 arguments, but 1 was provided
  146 |       basic_string_view(const _CharT* __str, size_type __len) noexcept
      |       ^                 ~~~~~~~~~~~~~~~~~~~~~~~~~~~~~~~~~~~~
/usr/bin/../lib/gcc/x86_64-linux-gnu/14/../../../../include/c++/14/string_view:155:2: note: candidate constructor template not viable: requires 2 arguments, but 1 was provided
  155 |         basic_string_view(_It __first, _End __last)
      |         ^                 ~~~~~~~~~~~~~~~~~~~~~~~~
In file included from ../../src/partition_alloc/thread_cache.cc:19:
../../src/partition_alloc/partition_alloc_base/containers/span.h:1877:10: error: no matching conversion for functional-style cast from 'span<const char16_t>' to 'std::u16string_view' (aka 'basic_string_view<char16_t>')
 1877 |   return std::u16string_view(s);
      |          ^~~~~~~~~~~~~~~~~~~~~~
/usr/bin/../lib/gcc/x86_64-linux-gnu/14/../../../../include/c++/14/string_view:136:17: note: candidate constructor not viable: no known conversion from 'span<const char16_t>' to 'const basic_string_view<char16_t>' for 1st argument
  136 |       constexpr basic_string_view(const basic_string_view&) noexcept = default;
      |                 ^                 ~~~~~~~~~~~~~~~~~~~~~~~~
/usr/bin/../lib/gcc/x86_64-linux-gnu/14/../../../../include/c++/14/string_view:140:7: note: candidate constructor not viable: no known conversion from 'span<const char16_t>' to 'const char16_t *' for 1st argument
  140 |       basic_string_view(const _CharT* __str) noexcept
      |       ^                 ~~~~~~~~~~~~~~~~~~~
/usr/bin/../lib/gcc/x86_64-linux-gnu/14/../../../../include/c++/14/string_view:132:7: note: candidate constructor not viable: requires 0 arguments, but 1 was provided
  132 |       basic_string_view() noexcept
      |       ^
/usr/bin/../lib/gcc/x86_64-linux-gnu/14/../../../../include/c++/14/string_view:146:7: note: candidate constructor not viable: requires 2 arguments, but 1 was provided
  146 |       basic_string_view(const _CharT* __str, size_type __len) noexcept
      |       ^                 ~~~~~~~~~~~~~~~~~~~~~~~~~~~~~~~~~~~~
/usr/bin/../lib/gcc/x86_64-linux-gnu/14/../../../../include/c++/14/string_view:155:2: note: candidate constructor template not viable: requires 2 arguments, but 1 was provided
  155 |         basic_string_view(_It __first, _End __last)
      |         ^                 ~~~~~~~~~~~~~~~~~~~~~~~~
In file included from ../../src/partition_alloc/thread_cache.cc:19:
../../src/partition_alloc/partition_alloc_base/containers/span.h:1880:10: error: no matching conversion for functional-style cast from 'span<const wchar_t>' to 'std::wstring_view' (aka 'basic_string_view<wchar_t>')
 1880 |   return std::wstring_view(s);
      |          ^~~~~~~~~~~~~~~~~~~~
/usr/bin/../lib/gcc/x86_64-linux-gnu/14/../../../../include/c++/14/string_view:136:17: note: candidate constructor not viable: no known conversion from 'span<const wchar_t>' to 'const basic_string_view<wchar_t>' for 1st argument
  136 |       constexpr basic_string_view(const basic_string_view&) noexcept = default;
      |                 ^                 ~~~~~~~~~~~~~~~~~~~~~~~~
/usr/bin/../lib/gcc/x86_64-linux-gnu/14/../../../../include/c++/14/string_view:140:7: note: candidate constructor not viable: no known conversion from 'span<const wchar_t>' to 'const wchar_t *' for 1st argument
  140 |       basic_string_view(const _CharT* __str) noexcept
      |       ^                 ~~~~~~~~~~~~~~~~~~~
/usr/bin/../lib/gcc/x86_64-linux-gnu/14/../../../../include/c++/14/string_view:132:7: note: candidate constructor not viable: requires 0 arguments, but 1 was provided
  132 |       basic_string_view() noexcept
      |       ^
/usr/bin/../lib/gcc/x86_64-linux-gnu/14/../../../../include/c++/14/string_view:146:7: note: candidate constructor not viable: requires 2 arguments, but 1 was provided
  146 |       basic_string_view(const _CharT* __str, size_type __len) noexcept
      |       ^                 ~~~~~~~~~~~~~~~~~~~~~~~~~~~~~~~~~~~~
/usr/bin/../lib/gcc/x86_64-linux-gnu/14/../../../../include/c++/14/string_view:155:2: note: candidate constructor template not viable: requires 2 arguments, but 1 was provided
  155 |         basic_string_view(_It __first, _End __last)
      |         ^                 ~~~~~~~~~~~~~~~~~~~~~~~~
3 errors generated.
[65/78] CXX ../../src/partition_alloc/shim/allocator_shim_dispatch_to_noop_on_free.cc
[66/78] CXX ../../src/partition_alloc/shim/allocator_shim.cc
[67/78] CXX ../../src/partition_alloc/shim/allocator_shim_default_dispatch_to_partition_alloc.cc
[68/78] CXX ../../src/partition_alloc/pointers/instance_tracer.cc
[69/78] CXX ../../src/partition_alloc/partition_root.cc
ninja: build stopped: subcommand failed.
