WARNING at the command-line "--args":1:103: Build argument has no effect.
is_debug=false use_partition_alloc_as_malloc=true use_allocator_shim=true shim_supports_sized_dealloc=true enable_backup_ref_ptr_support=true enable_backup_ref_ptr_slow_checks=true enable_dangling_raw_ptr_checks=true enable_ios_corruption_hardening=true raw_ptr_zero_on_construct=true raw_ptr_zero_on_move=true raw_ptr_zero_on_destruct=true
                                                                                                      ^---
The variable "shim_supports_sized_dealloc" was set as a build argument
but never appeared in a declare_args() block in any buildfile.

To view all possible args, run "gn args --list <out_dir>"

The build continued as if that argument was unspecified.

Done. Made 14 targets from 8 files in 5ms
ninja: Entering directory `out/release'
[1/71] CXX ../../src/partition_alloc/partition_alloc_base/debug/alias.cc
[2/71] CXX ../../src/partition_alloc/partition_alloc_base/memory/page_size_posix.cc
[3/71] CXX ../../src/partition_alloc/partition_alloc_base/strings/string_util.cc
[4/71] CXX ../../src/partition_alloc/partition_alloc_base/files/file_util_posix.cc
[5/71] CXX ../../src/partition_alloc/partition_alloc_base/check.cc
[6/71] CXX ../../src/partition_alloc/partition_alloc_base/process/process_handle_posix.cc
[7/71] CXX ../../src/partition_alloc/partition_alloc_base/debug/stack_trace_linux.cc
[8/71] CXX ../../src/partition_alloc/partition_alloc_base/logging.cc
[9/71] CXX ../../src/partition_alloc/partition_alloc_base/rand_util.cc
[10/71] CXX ../../src/partition_alloc/partition_alloc_base/debug/stack_trace_posix.cc
[11/71] CXX ../../src/partition_alloc/partition_alloc_base/strings/safe_sprintf.cc
[12/71] CXX ../../src/partition_alloc/partition_alloc_base/log_message.cc
[13/71] CXX ../../src/partition_alloc/address_space_randomization.cc
[14/71] CXX ../../src/partition_alloc/partition_alloc_base/posix/safe_strerror.cc
[15/71] CXX ../../src/partition_alloc/allocation_guard.cc
[16/71] CXX ../../src/partition_alloc/partition_alloc_base/strings/stringprintf.cc
[17/71] CXX ../../src/partition_alloc/partition_alloc_base/strings/cstring_builder.cc
[18/71] CXX ../../src/partition_alloc/dangling_raw_ptr_checks.cc
[19/71] CXX ../../src/partition_alloc/partition_alloc_base/cpu.cc
[20/71] CXX ../../src/partition_alloc/oom.cc
[21/71] CXX ../../src/partition_alloc/partition_alloc_base/rand_util_posix.cc
[22/71] CXX ../../src/partition_alloc/compressed_pointer.cc
[23/71] CXX ../../src/partition_alloc/oom_callback.cc
[24/71] CXX ../../src/partition_alloc/partition_alloc_base/memory/ref_counted.cc
[25/71] CXX ../../src/partition_alloc/partition_alloc_base/debug/stack_trace.cc
[26/71] CXX ../../src/partition_alloc/partition_alloc_base/threading/platform_thread.cc
[27/71] CXX ../../src/partition_alloc/partition_alloc_base/time/time_override.cc
[28/71] CXX ../../src/partition_alloc/partition_alloc_base/threading/platform_thread_posix.cc
[29/71] CXX ../../src/partition_alloc/partition_oom.cc
[30/71] CXX ../../src/partition_alloc/partition_alloc_base/time/time.cc
[31/71] CXX ../../src/partition_alloc/partition_cookie.cc
[32/71] CXX ../../src/partition_alloc/partition_alloc_base/time/time_now_posix.cc
[33/71] CXX ../../src/partition_alloc/partition_alloc_base/time/time_conversion_posix.cc
[34/71] CXX ../../src/partition_alloc/address_pool_manager.cc
[35/71] LINK (static) liballocator_base.a
[36/71] CXX ../../src/partition_alloc/address_pool_manager_bitmap.cc
[37/71] CXX ../../src/partition_alloc/partition_stats.cc
[38/71] CXX ../../src/partition_alloc/page_allocator.cc
[39/71] CXX ../../src/partition_alloc/tagging.cc
[40/71] CXX ../../src/partition_alloc/spinning_mutex.cc
[41/71] CXX ../../src/partition_alloc/thread_isolation/pkey.cc
[42/71] CXX ../../src/partition_alloc/partition_alloc_hooks.cc
[43/71] CXX ../../src/partition_alloc/page_allocator_internals_posix.cc
[44/71] CXX ../../src/partition_alloc/partition_alloc.cc
In file included from ../../src/partition_alloc/partition_alloc.cc:5:
In file included from ../../src/partition_alloc/partition_alloc.h:12:
In file included from ../../src/partition_alloc/partition_root.h:69:
In file included from ../../src/partition_alloc/partition_direct_map_extent.h:11:
../../src/partition_alloc/partition_page.h:90:78: warning: default member initializer for bit-field is a C++20 extension [-Wc++20-extensions]
   90 |   MaybeConstT<kind, uint32_t> num_allocated_slots : kMaxSlotsPerSlotSpanBits =
      |                                                                              ^
../../src/partition_alloc/partition_page.h:93:34: warning: default member initializer for bit-field is a C++20 extension [-Wc++20-extensions]
   93 |       : kMaxSlotsPerSlotSpanBits = 0u;
      |                                  ^
../../src/partition_alloc/partition_page.h:97:47: warning: default member initializer for bit-field is a C++20 extension [-Wc++20-extensions]
   97 |   MaybeConstT<kind, uint32_t> marked_full : 1 = 0u;
      |                                               ^
../../src/partition_alloc/partition_page.h:100:42: warning: default member initializer for bit-field is a C++20 extension [-Wc++20-extensions]
  100 |   const uint32_t can_store_raw_size_ : 1 = 0u;
      |                                          ^
../../src/partition_alloc/partition_page.h:101:55: warning: default member initializer for bit-field is a C++20 extension [-Wc++20-extensions]
  101 |   MaybeConstT<kind, uint16_t> freelist_is_sorted_ : 1 = 1u;
      |                                                       ^
../../src/partition_alloc/partition_page.h:104:51: warning: default member initializer for bit-field is a C++20 extension [-Wc++20-extensions]
  104 |   MaybeConstT<kind, uint16_t> in_empty_cache_ : 1 = 0u;
      |                                                   ^
../../src/partition_alloc/partition_page.h:109:71: warning: default member initializer for bit-field is a C++20 extension [-Wc++20-extensions]
  109 |       : internal::base::bits::BitWidth(kMaxEmptySlotSpanRingSize - 1) = 0u;
      |                                                                       ^
7 warnings generated.
[45/71] CXX ../../src/partition_alloc/partition_freelist_entry.cc
[46/71] CXX ../../src/partition_alloc/memory_reclaimer.cc
In file included from ../../src/partition_alloc/memory_reclaimer.cc:8:
In file included from ../../src/partition_alloc/partition_alloc.h:12:
In file included from ../../src/partition_alloc/partition_root.h:69:
In file included from ../../src/partition_alloc/partition_direct_map_extent.h:11:
../../src/partition_alloc/partition_page.h:90:78: warning: default member initializer for bit-field is a C++20 extension [-Wc++20-extensions]
   90 |   MaybeConstT<kind, uint32_t> num_allocated_slots : kMaxSlotsPerSlotSpanBits =
      |                                                                              ^
../../src/partition_alloc/partition_page.h:93:34: warning: default member initializer for bit-field is a C++20 extension [-Wc++20-extensions]
   93 |       : kMaxSlotsPerSlotSpanBits = 0u;
      |                                  ^
../../src/partition_alloc/partition_page.h:97:47: warning: default member initializer for bit-field is a C++20 extension [-Wc++20-extensions]
   97 |   MaybeConstT<kind, uint32_t> marked_full : 1 = 0u;
      |                                               ^
../../src/partition_alloc/partition_page.h:100:42: warning: default member initializer for bit-field is a C++20 extension [-Wc++20-extensions]
  100 |   const uint32_t can_store_raw_size_ : 1 = 0u;
      |                                          ^
../../src/partition_alloc/partition_page.h:101:55: warning: default member initializer for bit-field is a C++20 extension [-Wc++20-extensions]
  101 |   MaybeConstT<kind, uint16_t> freelist_is_sorted_ : 1 = 1u;
      |                                                       ^
../../src/partition_alloc/partition_page.h:104:51: warning: default member initializer for bit-field is a C++20 extension [-Wc++20-extensions]
  104 |   MaybeConstT<kind, uint16_t> in_empty_cache_ : 1 = 0u;
      |                                                   ^
../../src/partition_alloc/partition_page.h:109:71: warning: default member initializer for bit-field is a C++20 extension [-Wc++20-extensions]
  109 |       : internal::base::bits::BitWidth(kMaxEmptySlotSpanRingSize - 1) = 0u;
      |                                                                       ^
7 warnings generated.
[47/71] CXX ../../src/partition_alloc/gwp_asan_support.cc
In file included from ../../src/partition_alloc/gwp_asan_support.cc:17:
../../src/partition_alloc/partition_page.h:90:78: warning: default member initializer for bit-field is a C++20 extension [-Wc++20-extensions]
   90 |   MaybeConstT<kind, uint32_t> num_allocated_slots : kMaxSlotsPerSlotSpanBits =
      |                                                                              ^
../../src/partition_alloc/partition_page.h:93:34: warning: default member initializer for bit-field is a C++20 extension [-Wc++20-extensions]
   93 |       : kMaxSlotsPerSlotSpanBits = 0u;
      |                                  ^
../../src/partition_alloc/partition_page.h:97:47: warning: default member initializer for bit-field is a C++20 extension [-Wc++20-extensions]
   97 |   MaybeConstT<kind, uint32_t> marked_full : 1 = 0u;
      |                                               ^
../../src/partition_alloc/partition_page.h:100:42: warning: default member initializer for bit-field is a C++20 extension [-Wc++20-extensions]
  100 |   const uint32_t can_store_raw_size_ : 1 = 0u;
      |                                          ^
../../src/partition_alloc/partition_page.h:101:55: warning: default member initializer for bit-field is a C++20 extension [-Wc++20-extensions]
  101 |   MaybeConstT<kind, uint16_t> freelist_is_sorted_ : 1 = 1u;
      |                                                       ^
../../src/partition_alloc/partition_page.h:104:51: warning: default member initializer for bit-field is a C++20 extension [-Wc++20-extensions]
  104 |   MaybeConstT<kind, uint16_t> in_empty_cache_ : 1 = 0u;
      |                                                   ^
../../src/partition_alloc/partition_page.h:109:71: warning: default member initializer for bit-field is a C++20 extension [-Wc++20-extensions]
  109 |       : internal::base::bits::BitWidth(kMaxEmptySlotSpanRingSize - 1) = 0u;
      |                                                                       ^
7 warnings generated.
[48/71] CXX ../../src/partition_alloc/shim/allocator_shim_dispatch_to_noop_on_free.cc
[49/71] CXX ../../src/partition_alloc/partition_address_space.cc
[50/71] CXX ../../src/partition_alloc/random.cc
[51/71] CXX ../../src/partition_alloc/partition_dcheck_helper.cc
In file included from ../../src/partition_alloc/partition_dcheck_helper.cc:11:
../../src/partition_alloc/partition_page.h:90:78: warning: default member initializer for bit-field is a C++20 extension [-Wc++20-extensions]
   90 |   MaybeConstT<kind, uint32_t> num_allocated_slots : kMaxSlotsPerSlotSpanBits =
      |                                                                              ^
../../src/partition_alloc/partition_page.h:93:34: warning: default member initializer for bit-field is a C++20 extension [-Wc++20-extensions]
   93 |       : kMaxSlotsPerSlotSpanBits = 0u;
      |                                  ^
../../src/partition_alloc/partition_page.h:97:47: warning: default member initializer for bit-field is a C++20 extension [-Wc++20-extensions]
   97 |   MaybeConstT<kind, uint32_t> marked_full : 1 = 0u;
      |                                               ^
../../src/partition_alloc/partition_page.h:100:42: warning: default member initializer for bit-field is a C++20 extension [-Wc++20-extensions]
  100 |   const uint32_t can_store_raw_size_ : 1 = 0u;
      |                                          ^
../../src/partition_alloc/partition_page.h:101:55: warning: default member initializer for bit-field is a C++20 extension [-Wc++20-extensions]
  101 |   MaybeConstT<kind, uint16_t> freelist_is_sorted_ : 1 = 1u;
      |                                                       ^
../../src/partition_alloc/partition_page.h:104:51: warning: default member initializer for bit-field is a C++20 extension [-Wc++20-extensions]
  104 |   MaybeConstT<kind, uint16_t> in_empty_cache_ : 1 = 0u;
      |                                                   ^
../../src/partition_alloc/partition_page.h:109:71: warning: default member initializer for bit-field is a C++20 extension [-Wc++20-extensions]
  109 |       : internal::base::bits::BitWidth(kMaxEmptySlotSpanRingSize - 1) = 0u;
      |                                                                       ^
7 warnings generated.
[52/71] CXX ../../src/partition_alloc/reservation_offset_table.cc
[53/71] CXX ../../src/partition_alloc/thread_isolation/thread_isolation.cc
[54/71] CXX ../../src/partition_alloc/partition_page.cc
In file included from ../../src/partition_alloc/partition_page.cc:5:
../../src/partition_alloc/partition_page.h:90:78: warning: default member initializer for bit-field is a C++20 extension [-Wc++20-extensions]
   90 |   MaybeConstT<kind, uint32_t> num_allocated_slots : kMaxSlotsPerSlotSpanBits =
      |                                                                              ^
../../src/partition_alloc/partition_page.h:93:34: warning: default member initializer for bit-field is a C++20 extension [-Wc++20-extensions]
   93 |       : kMaxSlotsPerSlotSpanBits = 0u;
      |                                  ^
../../src/partition_alloc/partition_page.h:97:47: warning: default member initializer for bit-field is a C++20 extension [-Wc++20-extensions]
   97 |   MaybeConstT<kind, uint32_t> marked_full : 1 = 0u;
      |                                               ^
../../src/partition_alloc/partition_page.h:100:42: warning: default member initializer for bit-field is a C++20 extension [-Wc++20-extensions]
  100 |   const uint32_t can_store_raw_size_ : 1 = 0u;
      |                                          ^
../../src/partition_alloc/partition_page.h:101:55: warning: default member initializer for bit-field is a C++20 extension [-Wc++20-extensions]
  101 |   MaybeConstT<kind, uint16_t> freelist_is_sorted_ : 1 = 1u;
      |                                                       ^
../../src/partition_alloc/partition_page.h:104:51: warning: default member initializer for bit-field is a C++20 extension [-Wc++20-extensions]
  104 |   MaybeConstT<kind, uint16_t> in_empty_cache_ : 1 = 0u;
      |                                                   ^
../../src/partition_alloc/partition_page.h:109:71: warning: default member initializer for bit-field is a C++20 extension [-Wc++20-extensions]
  109 |       : internal::base::bits::BitWidth(kMaxEmptySlotSpanRingSize - 1) = 0u;
      |                                                                       ^
7 warnings generated.
[55/71] CXX ../../src/partition_alloc/internal_allocator.cc
In file included from ../../src/partition_alloc/internal_allocator.cc:5:
In file included from ../../src/partition_alloc/internal_allocator.h:13:
In file included from ../../src/partition_alloc/partition_root.h:69:
In file included from ../../src/partition_alloc/partition_direct_map_extent.h:11:
../../src/partition_alloc/partition_page.h:90:78: warning: default member initializer for bit-field is a C++20 extension [-Wc++20-extensions]
   90 |   MaybeConstT<kind, uint32_t> num_allocated_slots : kMaxSlotsPerSlotSpanBits =
      |                                                                              ^
../../src/partition_alloc/partition_page.h:93:34: warning: default member initializer for bit-field is a C++20 extension [-Wc++20-extensions]
   93 |       : kMaxSlotsPerSlotSpanBits = 0u;
      |                                  ^
../../src/partition_alloc/partition_page.h:97:47: warning: default member initializer for bit-field is a C++20 extension [-Wc++20-extensions]
   97 |   MaybeConstT<kind, uint32_t> marked_full : 1 = 0u;
      |                                               ^
../../src/partition_alloc/partition_page.h:100:42: warning: default member initializer for bit-field is a C++20 extension [-Wc++20-extensions]
  100 |   const uint32_t can_store_raw_size_ : 1 = 0u;
      |                                          ^
../../src/partition_alloc/partition_page.h:101:55: warning: default member initializer for bit-field is a C++20 extension [-Wc++20-extensions]
  101 |   MaybeConstT<kind, uint16_t> freelist_is_sorted_ : 1 = 1u;
      |                                                       ^
../../src/partition_alloc/partition_page.h:104:51: warning: default member initializer for bit-field is a C++20 extension [-Wc++20-extensions]
  104 |   MaybeConstT<kind, uint16_t> in_empty_cache_ : 1 = 0u;
      |                                                   ^
../../src/partition_alloc/partition_page.h:109:71: warning: default member initializer for bit-field is a C++20 extension [-Wc++20-extensions]
  109 |       : internal::base::bits::BitWidth(kMaxEmptySlotSpanRingSize - 1) = 0u;
      |                                                                       ^
7 warnings generated.
[56/71] CXX ../../src/partition_alloc/lightweight_quarantine.cc
In file included from ../../src/partition_alloc/lightweight_quarantine.cc:7:
In file included from ../../src/partition_alloc/internal_allocator.h:13:
In file included from ../../src/partition_alloc/partition_root.h:69:
In file included from ../../src/partition_alloc/partition_direct_map_extent.h:11:
../../src/partition_alloc/partition_page.h:90:78: warning: default member initializer for bit-field is a C++20 extension [-Wc++20-extensions]
   90 |   MaybeConstT<kind, uint32_t> num_allocated_slots : kMaxSlotsPerSlotSpanBits =
      |                                                                              ^
../../src/partition_alloc/partition_page.h:93:34: warning: default member initializer for bit-field is a C++20 extension [-Wc++20-extensions]
   93 |       : kMaxSlotsPerSlotSpanBits = 0u;
      |                                  ^
../../src/partition_alloc/partition_page.h:97:47: warning: default member initializer for bit-field is a C++20 extension [-Wc++20-extensions]
   97 |   MaybeConstT<kind, uint32_t> marked_full : 1 = 0u;
      |                                               ^
../../src/partition_alloc/partition_page.h:100:42: warning: default member initializer for bit-field is a C++20 extension [-Wc++20-extensions]
  100 |   const uint32_t can_store_raw_size_ : 1 = 0u;
      |                                          ^
../../src/partition_alloc/partition_page.h:101:55: warning: default member initializer for bit-field is a C++20 extension [-Wc++20-extensions]
  101 |   MaybeConstT<kind, uint16_t> freelist_is_sorted_ : 1 = 1u;
      |                                                       ^
../../src/partition_alloc/partition_page.h:104:51: warning: default member initializer for bit-field is a C++20 extension [-Wc++20-extensions]
  104 |   MaybeConstT<kind, uint16_t> in_empty_cache_ : 1 = 0u;
      |                                                   ^
../../src/partition_alloc/partition_page.h:109:71: warning: default member initializer for bit-field is a C++20 extension [-Wc++20-extensions]
  109 |       : internal::base::bits::BitWidth(kMaxEmptySlotSpanRingSize - 1) = 0u;
      |                                                                       ^
7 warnings generated.
[57/71] CXX ../../src/partition_alloc/partition_bucket.cc
In file included from ../../src/partition_alloc/partition_bucket.cc:20:
In file included from ../../src/partition_alloc/partition_alloc.h:12:
In file included from ../../src/partition_alloc/partition_root.h:69:
In file included from ../../src/partition_alloc/partition_direct_map_extent.h:11:
../../src/partition_alloc/partition_page.h:90:78: warning: default member initializer for bit-field is a C++20 extension [-Wc++20-extensions]
   90 |   MaybeConstT<kind, uint32_t> num_allocated_slots : kMaxSlotsPerSlotSpanBits =
      |                                                                              ^
../../src/partition_alloc/partition_page.h:93:34: warning: default member initializer for bit-field is a C++20 extension [-Wc++20-extensions]
   93 |       : kMaxSlotsPerSlotSpanBits = 0u;
      |                                  ^
../../src/partition_alloc/partition_page.h:97:47: warning: default member initializer for bit-field is a C++20 extension [-Wc++20-extensions]
   97 |   MaybeConstT<kind, uint32_t> marked_full : 1 = 0u;
      |                                               ^
../../src/partition_alloc/partition_page.h:100:42: warning: default member initializer for bit-field is a C++20 extension [-Wc++20-extensions]
  100 |   const uint32_t can_store_raw_size_ : 1 = 0u;
      |                                          ^
../../src/partition_alloc/partition_page.h:101:55: warning: default member initializer for bit-field is a C++20 extension [-Wc++20-extensions]
  101 |   MaybeConstT<kind, uint16_t> freelist_is_sorted_ : 1 = 1u;
      |                                                       ^
../../src/partition_alloc/partition_page.h:104:51: warning: default member initializer for bit-field is a C++20 extension [-Wc++20-extensions]
  104 |   MaybeConstT<kind, uint16_t> in_empty_cache_ : 1 = 0u;
      |                                                   ^
../../src/partition_alloc/partition_page.h:109:71: warning: default member initializer for bit-field is a C++20 extension [-Wc++20-extensions]
  109 |       : internal::base::bits::BitWidth(kMaxEmptySlotSpanRingSize - 1) = 0u;
      |                                                                       ^
7 warnings generated.
[58/71] CXX ../../src/partition_alloc/pointers/instance_tracer.cc
In file included from ../../src/partition_alloc/pointers/instance_tracer.cc:15:
In file included from ../../src/partition_alloc/partition_root.h:69:
In file included from ../../src/partition_alloc/partition_direct_map_extent.h:11:
../../src/partition_alloc/partition_page.h:90:78: warning: default member initializer for bit-field is a C++20 extension [-Wc++20-extensions]
   90 |   MaybeConstT<kind, uint32_t> num_allocated_slots : kMaxSlotsPerSlotSpanBits =
      |                                                                              ^
../../src/partition_alloc/partition_page.h:93:34: warning: default member initializer for bit-field is a C++20 extension [-Wc++20-extensions]
   93 |       : kMaxSlotsPerSlotSpanBits = 0u;
      |                                  ^
../../src/partition_alloc/partition_page.h:97:47: warning: default member initializer for bit-field is a C++20 extension [-Wc++20-extensions]
   97 |   MaybeConstT<kind, uint32_t> marked_full : 1 = 0u;
      |                                               ^
../../src/partition_alloc/partition_page.h:100:42: warning: default member initializer for bit-field is a C++20 extension [-Wc++20-extensions]
  100 |   const uint32_t can_store_raw_size_ : 1 = 0u;
      |                                          ^
../../src/partition_alloc/partition_page.h:101:55: warning: default member initializer for bit-field is a C++20 extension [-Wc++20-extensions]
  101 |   MaybeConstT<kind, uint16_t> freelist_is_sorted_ : 1 = 1u;
      |                                                       ^
../../src/partition_alloc/partition_page.h:104:51: warning: default member initializer for bit-field is a C++20 extension [-Wc++20-extensions]
  104 |   MaybeConstT<kind, uint16_t> in_empty_cache_ : 1 = 0u;
      |                                                   ^
../../src/partition_alloc/partition_page.h:109:71: warning: default member initializer for bit-field is a C++20 extension [-Wc++20-extensions]
  109 |       : internal::base::bits::BitWidth(kMaxEmptySlotSpanRingSize - 1) = 0u;
      |                                                                       ^
7 warnings generated.
[59/71] CXX ../../src/partition_alloc/extended_api.cc
In file included from ../../src/partition_alloc/extended_api.cc:5:
In file included from ../../src/partition_alloc/extended_api.h:9:
In file included from ../../src/partition_alloc/partition_root.h:69:
In file included from ../../src/partition_alloc/partition_direct_map_extent.h:11:
../../src/partition_alloc/partition_page.h:90:78: warning: default member initializer for bit-field is a C++20 extension [-Wc++20-extensions]
   90 |   MaybeConstT<kind, uint32_t> num_allocated_slots : kMaxSlotsPerSlotSpanBits =
      |                                                                              ^
../../src/partition_alloc/partition_page.h:93:34: warning: default member initializer for bit-field is a C++20 extension [-Wc++20-extensions]
   93 |       : kMaxSlotsPerSlotSpanBits = 0u;
      |                                  ^
../../src/partition_alloc/partition_page.h:97:47: warning: default member initializer for bit-field is a C++20 extension [-Wc++20-extensions]
   97 |   MaybeConstT<kind, uint32_t> marked_full : 1 = 0u;
      |                                               ^
../../src/partition_alloc/partition_page.h:100:42: warning: default member initializer for bit-field is a C++20 extension [-Wc++20-extensions]
  100 |   const uint32_t can_store_raw_size_ : 1 = 0u;
      |                                          ^
../../src/partition_alloc/partition_page.h:101:55: warning: default member initializer for bit-field is a C++20 extension [-Wc++20-extensions]
  101 |   MaybeConstT<kind, uint16_t> freelist_is_sorted_ : 1 = 1u;
      |                                                       ^
../../src/partition_alloc/partition_page.h:104:51: warning: default member initializer for bit-field is a C++20 extension [-Wc++20-extensions]
  104 |   MaybeConstT<kind, uint16_t> in_empty_cache_ : 1 = 0u;
      |                                                   ^
../../src/partition_alloc/partition_page.h:109:71: warning: default member initializer for bit-field is a C++20 extension [-Wc++20-extensions]
  109 |       : internal::base::bits::BitWidth(kMaxEmptySlotSpanRingSize - 1) = 0u;
      |                                                                       ^
7 warnings generated.
[60/71] CXX ../../src/partition_alloc/partition_alloc_base/threading/platform_thread_linux_for_testing.cc
[61/71] CXX ../../src/partition_alloc/thread_cache.cc
In file included from ../../src/partition_alloc/thread_cache.cc:15:
In file included from ../../src/partition_alloc/internal_allocator.h:13:
In file included from ../../src/partition_alloc/partition_root.h:69:
In file included from ../../src/partition_alloc/partition_direct_map_extent.h:11:
../../src/partition_alloc/partition_page.h:90:78: warning: default member initializer for bit-field is a C++20 extension [-Wc++20-extensions]
   90 |   MaybeConstT<kind, uint32_t> num_allocated_slots : kMaxSlotsPerSlotSpanBits =
      |                                                                              ^
../../src/partition_alloc/partition_page.h:93:34: warning: default member initializer for bit-field is a C++20 extension [-Wc++20-extensions]
   93 |       : kMaxSlotsPerSlotSpanBits = 0u;
      |                                  ^
../../src/partition_alloc/partition_page.h:97:47: warning: default member initializer for bit-field is a C++20 extension [-Wc++20-extensions]
   97 |   MaybeConstT<kind, uint32_t> marked_full : 1 = 0u;
      |                                               ^
../../src/partition_alloc/partition_page.h:100:42: warning: default member initializer for bit-field is a C++20 extension [-Wc++20-extensions]
  100 |   const uint32_t can_store_raw_size_ : 1 = 0u;
      |                                          ^
../../src/partition_alloc/partition_page.h:101:55: warning: default member initializer for bit-field is a C++20 extension [-Wc++20-extensions]
  101 |   MaybeConstT<kind, uint16_t> freelist_is_sorted_ : 1 = 1u;
      |                                                       ^
../../src/partition_alloc/partition_page.h:104:51: warning: default member initializer for bit-field is a C++20 extension [-Wc++20-extensions]
  104 |   MaybeConstT<kind, uint16_t> in_empty_cache_ : 1 = 0u;
      |                                                   ^
../../src/partition_alloc/partition_page.h:109:71: warning: default member initializer for bit-field is a C++20 extension [-Wc++20-extensions]
  109 |       : internal::base::bits::BitWidth(kMaxEmptySlotSpanRingSize - 1) = 0u;
      |                                                                       ^
7 warnings generated.
[62/71] CXX ../../src/partition_alloc/shim/allocator_shim.cc
In file included from ../../src/partition_alloc/shim/allocator_shim.cc:13:
In file included from ../../src/partition_alloc/shim/allocator_shim_default_dispatch_to_partition_alloc.h:11:
In file included from ../../src/partition_alloc/partition_alloc.h:12:
In file included from ../../src/partition_alloc/partition_root.h:69:
In file included from ../../src/partition_alloc/partition_direct_map_extent.h:11:
../../src/partition_alloc/partition_page.h:90:78: warning: default member initializer for bit-field is a C++20 extension [-Wc++20-extensions]
   90 |   MaybeConstT<kind, uint32_t> num_allocated_slots : kMaxSlotsPerSlotSpanBits =
      |                                                                              ^
../../src/partition_alloc/partition_page.h:93:34: warning: default member initializer for bit-field is a C++20 extension [-Wc++20-extensions]
   93 |       : kMaxSlotsPerSlotSpanBits = 0u;
      |                                  ^
../../src/partition_alloc/partition_page.h:97:47: warning: default member initializer for bit-field is a C++20 extension [-Wc++20-extensions]
   97 |   MaybeConstT<kind, uint32_t> marked_full : 1 = 0u;
      |                                               ^
../../src/partition_alloc/partition_page.h:100:42: warning: default member initializer for bit-field is a C++20 extension [-Wc++20-extensions]
  100 |   const uint32_t can_store_raw_size_ : 1 = 0u;
      |                                          ^
../../src/partition_alloc/partition_page.h:101:55: warning: default member initializer for bit-field is a C++20 extension [-Wc++20-extensions]
  101 |   MaybeConstT<kind, uint16_t> freelist_is_sorted_ : 1 = 1u;
      |                                                       ^
../../src/partition_alloc/partition_page.h:104:51: warning: default member initializer for bit-field is a C++20 extension [-Wc++20-extensions]
  104 |   MaybeConstT<kind, uint16_t> in_empty_cache_ : 1 = 0u;
      |                                                   ^
../../src/partition_alloc/partition_page.h:109:71: warning: default member initializer for bit-field is a C++20 extension [-Wc++20-extensions]
  109 |       : internal::base::bits::BitWidth(kMaxEmptySlotSpanRingSize - 1) = 0u;
      |                                                                       ^
7 warnings generated.
[63/71] CXX ../../src/partition_alloc/shim/allocator_shim_default_dispatch_to_partition_alloc_with_advanced_checks.cc
In file included from ../../src/partition_alloc/shim/allocator_shim_default_dispatch_to_partition_alloc_with_advanced_checks.cc:12:
In file included from ../../src/partition_alloc/shim/allocator_shim_default_dispatch_to_partition_alloc_internal.h:11:
In file included from ../../src/partition_alloc/shim/allocator_shim_default_dispatch_to_partition_alloc.h:11:
In file included from ../../src/partition_alloc/partition_alloc.h:12:
In file included from ../../src/partition_alloc/partition_root.h:69:
In file included from ../../src/partition_alloc/partition_direct_map_extent.h:11:
../../src/partition_alloc/partition_page.h:90:78: warning: default member initializer for bit-field is a C++20 extension [-Wc++20-extensions]
   90 |   MaybeConstT<kind, uint32_t> num_allocated_slots : kMaxSlotsPerSlotSpanBits =
      |                                                                              ^
../../src/partition_alloc/partition_page.h:93:34: warning: default member initializer for bit-field is a C++20 extension [-Wc++20-extensions]
   93 |       : kMaxSlotsPerSlotSpanBits = 0u;
      |                                  ^
../../src/partition_alloc/partition_page.h:97:47: warning: default member initializer for bit-field is a C++20 extension [-Wc++20-extensions]
   97 |   MaybeConstT<kind, uint32_t> marked_full : 1 = 0u;
      |                                               ^
../../src/partition_alloc/partition_page.h:100:42: warning: default member initializer for bit-field is a C++20 extension [-Wc++20-extensions]
  100 |   const uint32_t can_store_raw_size_ : 1 = 0u;
      |                                          ^
../../src/partition_alloc/partition_page.h:101:55: warning: default member initializer for bit-field is a C++20 extension [-Wc++20-extensions]
  101 |   MaybeConstT<kind, uint16_t> freelist_is_sorted_ : 1 = 1u;
      |                                                       ^
../../src/partition_alloc/partition_page.h:104:51: warning: default member initializer for bit-field is a C++20 extension [-Wc++20-extensions]
  104 |   MaybeConstT<kind, uint16_t> in_empty_cache_ : 1 = 0u;
      |                                                   ^
../../src/partition_alloc/partition_page.h:109:71: warning: default member initializer for bit-field is a C++20 extension [-Wc++20-extensions]
  109 |       : internal::base::bits::BitWidth(kMaxEmptySlotSpanRingSize - 1) = 0u;
      |                                                                       ^
7 warnings generated.
[64/71] CXX ../../src/partition_alloc/partition_alloc_base/threading/platform_thread_posix_for_testing.cc
In file included from ../../src/partition_alloc/partition_alloc_base/threading/platform_thread_posix_for_testing.cc:30:
In file included from ../../src/partition_alloc/stack/stack.h:14:
In file included from ../../src/partition_alloc/internal_allocator.h:13:
In file included from ../../src/partition_alloc/partition_root.h:69:
In file included from ../../src/partition_alloc/partition_direct_map_extent.h:11:
../../src/partition_alloc/partition_page.h:90:78: warning: default member initializer for bit-field is a C++20 extension [-Wc++20-extensions]
   90 |   MaybeConstT<kind, uint32_t> num_allocated_slots : kMaxSlotsPerSlotSpanBits =
      |                                                                              ^
../../src/partition_alloc/partition_page.h:93:34: warning: default member initializer for bit-field is a C++20 extension [-Wc++20-extensions]
   93 |       : kMaxSlotsPerSlotSpanBits = 0u;
      |                                  ^
../../src/partition_alloc/partition_page.h:97:47: warning: default member initializer for bit-field is a C++20 extension [-Wc++20-extensions]
   97 |   MaybeConstT<kind, uint32_t> marked_full : 1 = 0u;
      |                                               ^
../../src/partition_alloc/partition_page.h:100:42: warning: default member initializer for bit-field is a C++20 extension [-Wc++20-extensions]
  100 |   const uint32_t can_store_raw_size_ : 1 = 0u;
      |                                          ^
../../src/partition_alloc/partition_page.h:101:55: warning: default member initializer for bit-field is a C++20 extension [-Wc++20-extensions]
  101 |   MaybeConstT<kind, uint16_t> freelist_is_sorted_ : 1 = 1u;
      |                                                       ^
../../src/partition_alloc/partition_page.h:104:51: warning: default member initializer for bit-field is a C++20 extension [-Wc++20-extensions]
  104 |   MaybeConstT<kind, uint16_t> in_empty_cache_ : 1 = 0u;
      |                                                   ^
../../src/partition_alloc/partition_page.h:109:71: warning: default member initializer for bit-field is a C++20 extension [-Wc++20-extensions]
  109 |       : internal::base::bits::BitWidth(kMaxEmptySlotSpanRingSize - 1) = 0u;
      |                                                                       ^
7 warnings generated.
[65/71] CXX ../../src/partition_alloc/stack/stack.cc
In file included from ../../src/partition_alloc/stack/stack.cc:5:
In file included from ../../src/partition_alloc/stack/stack.h:14:
In file included from ../../src/partition_alloc/internal_allocator.h:13:
In file included from ../../src/partition_alloc/partition_root.h:69:
In file included from ../../src/partition_alloc/partition_direct_map_extent.h:11:
../../src/partition_alloc/partition_page.h:90:78: warning: default member initializer for bit-field is a C++20 extension [-Wc++20-extensions]
   90 |   MaybeConstT<kind, uint32_t> num_allocated_slots : kMaxSlotsPerSlotSpanBits =
      |                                                                              ^
../../src/partition_alloc/partition_page.h:93:34: warning: default member initializer for bit-field is a C++20 extension [-Wc++20-extensions]
   93 |       : kMaxSlotsPerSlotSpanBits = 0u;
      |                                  ^
../../src/partition_alloc/partition_page.h:97:47: warning: default member initializer for bit-field is a C++20 extension [-Wc++20-extensions]
   97 |   MaybeConstT<kind, uint32_t> marked_full : 1 = 0u;
      |                                               ^
../../src/partition_alloc/partition_page.h:100:42: warning: default member initializer for bit-field is a C++20 extension [-Wc++20-extensions]
  100 |   const uint32_t can_store_raw_size_ : 1 = 0u;
      |                                          ^
../../src/partition_alloc/partition_page.h:101:55: warning: default member initializer for bit-field is a C++20 extension [-Wc++20-extensions]
  101 |   MaybeConstT<kind, uint16_t> freelist_is_sorted_ : 1 = 1u;
      |                                                       ^
../../src/partition_alloc/partition_page.h:104:51: warning: default member initializer for bit-field is a C++20 extension [-Wc++20-extensions]
  104 |   MaybeConstT<kind, uint16_t> in_empty_cache_ : 1 = 0u;
      |                                                   ^
../../src/partition_alloc/partition_page.h:109:71: warning: default member initializer for bit-field is a C++20 extension [-Wc++20-extensions]
  109 |       : internal::base::bits::BitWidth(kMaxEmptySlotSpanRingSize - 1) = 0u;
      |                                                                       ^
7 warnings generated.
[66/71] CXX ../../src/partition_alloc/pointers/raw_ptr_backup_ref_impl.cc
In file included from ../../src/partition_alloc/pointers/raw_ptr_backup_ref_impl.cc:12:
In file included from ../../src/partition_alloc/partition_alloc.h:12:
In file included from ../../src/partition_alloc/partition_root.h:69:
In file included from ../../src/partition_alloc/partition_direct_map_extent.h:11:
../../src/partition_alloc/partition_page.h:90:78: warning: default member initializer for bit-field is a C++20 extension [-Wc++20-extensions]
   90 |   MaybeConstT<kind, uint32_t> num_allocated_slots : kMaxSlotsPerSlotSpanBits =
      |                                                                              ^
../../src/partition_alloc/partition_page.h:93:34: warning: default member initializer for bit-field is a C++20 extension [-Wc++20-extensions]
   93 |       : kMaxSlotsPerSlotSpanBits = 0u;
      |                                  ^
../../src/partition_alloc/partition_page.h:97:47: warning: default member initializer for bit-field is a C++20 extension [-Wc++20-extensions]
   97 |   MaybeConstT<kind, uint32_t> marked_full : 1 = 0u;
      |                                               ^
../../src/partition_alloc/partition_page.h:100:42: warning: default member initializer for bit-field is a C++20 extension [-Wc++20-extensions]
  100 |   const uint32_t can_store_raw_size_ : 1 = 0u;
      |                                          ^
../../src/partition_alloc/partition_page.h:101:55: warning: default member initializer for bit-field is a C++20 extension [-Wc++20-extensions]
  101 |   MaybeConstT<kind, uint16_t> freelist_is_sorted_ : 1 = 1u;
      |                                                       ^
../../src/partition_alloc/partition_page.h:104:51: warning: default member initializer for bit-field is a C++20 extension [-Wc++20-extensions]
  104 |   MaybeConstT<kind, uint16_t> in_empty_cache_ : 1 = 0u;
      |                                                   ^
../../src/partition_alloc/partition_page.h:109:71: warning: default member initializer for bit-field is a C++20 extension [-Wc++20-extensions]
  109 |       : internal::base::bits::BitWidth(kMaxEmptySlotSpanRingSize - 1) = 0u;
      |                                                                       ^
7 warnings generated.
[67/71] CXX ../../src/partition_alloc/partition_root.cc
In file included from ../../src/partition_alloc/partition_root.cc:5:
In file included from ../../src/partition_alloc/partition_root.h:69:
In file included from ../../src/partition_alloc/partition_direct_map_extent.h:11:
../../src/partition_alloc/partition_page.h:90:78: warning: default member initializer for bit-field is a C++20 extension [-Wc++20-extensions]
   90 |   MaybeConstT<kind, uint32_t> num_allocated_slots : kMaxSlotsPerSlotSpanBits =
      |                                                                              ^
../../src/partition_alloc/partition_page.h:93:34: warning: default member initializer for bit-field is a C++20 extension [-Wc++20-extensions]
   93 |       : kMaxSlotsPerSlotSpanBits = 0u;
      |                                  ^
../../src/partition_alloc/partition_page.h:97:47: warning: default member initializer for bit-field is a C++20 extension [-Wc++20-extensions]
   97 |   MaybeConstT<kind, uint32_t> marked_full : 1 = 0u;
      |                                               ^
../../src/partition_alloc/partition_page.h:100:42: warning: default member initializer for bit-field is a C++20 extension [-Wc++20-extensions]
  100 |   const uint32_t can_store_raw_size_ : 1 = 0u;
      |                                          ^
../../src/partition_alloc/partition_page.h:101:55: warning: default member initializer for bit-field is a C++20 extension [-Wc++20-extensions]
  101 |   MaybeConstT<kind, uint16_t> freelist_is_sorted_ : 1 = 1u;
      |                                                       ^
../../src/partition_alloc/partition_page.h:104:51: warning: default member initializer for bit-field is a C++20 extension [-Wc++20-extensions]
  104 |   MaybeConstT<kind, uint16_t> in_empty_cache_ : 1 = 0u;
      |                                                   ^
../../src/partition_alloc/partition_page.h:109:71: warning: default member initializer for bit-field is a C++20 extension [-Wc++20-extensions]
  109 |       : internal::base::bits::BitWidth(kMaxEmptySlotSpanRingSize - 1) = 0u;
      |                                                                       ^
7 warnings generated.
[68/71] LINK (static) liballocator_core.a
[69/71] CXX ../../src/partition_alloc/shim/allocator_shim_default_dispatch_to_partition_alloc.cc
In file included from ../../src/partition_alloc/shim/allocator_shim_default_dispatch_to_partition_alloc.cc:5:
In file included from ../../src/partition_alloc/shim/allocator_shim_default_dispatch_to_partition_alloc.h:11:
In file included from ../../src/partition_alloc/partition_alloc.h:12:
In file included from ../../src/partition_alloc/partition_root.h:69:
In file included from ../../src/partition_alloc/partition_direct_map_extent.h:11:
../../src/partition_alloc/partition_page.h:90:78: warning: default member initializer for bit-field is a C++20 extension [-Wc++20-extensions]
   90 |   MaybeConstT<kind, uint32_t> num_allocated_slots : kMaxSlotsPerSlotSpanBits =
      |                                                                              ^
../../src/partition_alloc/partition_page.h:93:34: warning: default member initializer for bit-field is a C++20 extension [-Wc++20-extensions]
   93 |       : kMaxSlotsPerSlotSpanBits = 0u;
      |                                  ^
../../src/partition_alloc/partition_page.h:97:47: warning: default member initializer for bit-field is a C++20 extension [-Wc++20-extensions]
   97 |   MaybeConstT<kind, uint32_t> marked_full : 1 = 0u;
      |                                               ^
../../src/partition_alloc/partition_page.h:100:42: warning: default member initializer for bit-field is a C++20 extension [-Wc++20-extensions]
  100 |   const uint32_t can_store_raw_size_ : 1 = 0u;
      |                                          ^
../../src/partition_alloc/partition_page.h:101:55: warning: default member initializer for bit-field is a C++20 extension [-Wc++20-extensions]
  101 |   MaybeConstT<kind, uint16_t> freelist_is_sorted_ : 1 = 1u;
      |                                                       ^
../../src/partition_alloc/partition_page.h:104:51: warning: default member initializer for bit-field is a C++20 extension [-Wc++20-extensions]
  104 |   MaybeConstT<kind, uint16_t> in_empty_cache_ : 1 = 0u;
      |                                                   ^
../../src/partition_alloc/partition_page.h:109:71: warning: default member initializer for bit-field is a C++20 extension [-Wc++20-extensions]
  109 |       : internal::base::bits::BitWidth(kMaxEmptySlotSpanRingSize - 1) = 0u;
      |                                                                       ^
7 warnings generated.
[70/71] LINK (static) liballocator_shim.a
[71/71] LINK (static) libraw_ptr.a
