HEAD is now at 4e256afb Enable use_checked_span on Linux.
WARNING at the command-line "--args":1:250: Build argument has no effect.
is_debug=false use_partition_alloc_as_malloc=true use_allocator_shim=true shim_supports_sized_dealloc=true enable_backup_ref_ptr_support=true enable_backup_ref_ptr_slow_checks=true enable_dangling_raw_ptr_checks=true enable_ios_corruption_hardening=true raw_ptr_zero_on_construct=true raw_ptr_zero_on_move=true raw_ptr_zero_on_destruct=true
                                                                                                                                                                                                                                                         ^---
The variable "enable_ios_corruption_hardening" was set as a build argument
but never appeared in a declare_args() block in any buildfile.

To view all possible args, run "gn args --list <out_dir>"

The build continued as if that argument was unspecified.

Done. Made 15 targets from 8 files in 4ms
ninja: Entering directory `out/release'
[1/80] ACTION //src/partition_alloc:buildflags(//gn/toolchain:clang)
[2/80] CXX ../../src/partition_alloc/partition_alloc_base/debug/alias.cc
[3/80] CXX ../../src/partition_alloc/partition_alloc_base/check.cc
[4/80] CXX ../../src/partition_alloc/partition_alloc_base/rand_util.cc
[5/80] CXX ../../src/partition_alloc/partition_alloc_base/log_message.cc
[6/80] CXX ../../src/partition_alloc/partition_alloc_base/logging.cc
[7/80] CXX ../../src/partition_alloc/partition_alloc_base/strings/string_util.cc
[8/80] CXX ../../src/partition_alloc/partition_alloc_base/strings/cstring_builder.cc
[9/80] CXX ../../src/partition_alloc/partition_alloc_base/strings/safe_sprintf.cc
[10/80] CXX ../../src/partition_alloc/partition_alloc_base/memory/ref_counted.cc
[11/80] CXX ../../src/partition_alloc/partition_alloc_base/cpu.cc
[12/80] CXX ../../src/partition_alloc/partition_alloc_base/debug/stack_trace.cc
[13/80] CXX ../../src/partition_alloc/partition_alloc_base/strings/stringprintf.cc
[14/80] CXX ../../src/partition_alloc/partition_alloc_base/memory/page_size_posix.cc
[15/80] CXX ../../src/partition_alloc/partition_alloc_base/files/file_util_posix.cc
[16/80] CXX ../../src/partition_alloc/partition_alloc_base/process/process_handle_posix.cc
[17/80] CXX ../../src/partition_alloc/partition_alloc_base/debug/stack_trace_posix.cc
[18/80] CXX ../../src/partition_alloc/partition_alloc_base/threading/platform_thread.cc
[19/80] CXX ../../src/partition_alloc/partition_alloc_base/time/time_override.cc
[20/80] CXX ../../src/partition_alloc/partition_alloc_base/debug/stack_trace_linux.cc
[21/80] CXX ../../src/partition_alloc/partition_alloc_base/time/time_conversion_posix.cc
[22/80] CXX ../../src/partition_alloc/partition_alloc_base/posix/safe_strerror.cc
[23/80] CXX ../../src/partition_alloc/partition_alloc_base/time/time.cc
[24/80] CXX ../../src/partition_alloc/address_space_randomization.cc
[25/80] CXX ../../src/partition_alloc/partition_alloc_base/threading/platform_thread_posix.cc
[26/80] CXX ../../src/partition_alloc/allocation_guard.cc
[27/80] CXX ../../src/partition_alloc/allocator_config.cc
[28/80] CXX ../../src/partition_alloc/partition_alloc_base/rand_util_posix.cc
[29/80] CXX ../../src/partition_alloc/dangling_raw_ptr_checks.cc
[30/80] CXX ../../src/partition_alloc/partition_alloc_base/time/time_now_posix.cc
[31/80] CXX ../../src/partition_alloc/compressed_pointer.cc
[32/80] LINK (static) liballocator_base.a
[33/80] CXX ../../src/partition_alloc/address_pool_manager.cc
[34/80] CXX ../../src/partition_alloc/address_pool_manager_bitmap.cc
[35/80] CXX ../../src/partition_alloc/oom.cc
[36/80] CXX ../../src/partition_alloc/bounds_checks.cc
[37/80] CXX ../../src/partition_alloc/oom_callback.cc
[38/80] CXX ../../src/partition_alloc/internal_allocator.cc
[39/80] CXX ../../src/partition_alloc/gwp_asan_support.cc
[40/80] CXX ../../src/partition_alloc/in_slot_metadata.cc
[41/80] CXX ../../src/partition_alloc/page_allocator.cc
[42/80] CXX ../../src/partition_alloc/partition_cookie.cc
[43/80] CXX ../../src/partition_alloc/partition_alloc_hooks.cc
[44/80] CXX ../../src/partition_alloc/partition_address_space.cc
[45/80] CXX ../../src/partition_alloc/memory_reclaimer.cc
[46/80] CXX ../../src/partition_alloc/partition_oom.cc
[47/80] CXX ../../src/partition_alloc/partition_alloc.cc
[48/80] CXX ../../src/partition_alloc/partition_dcheck_helper.cc
[49/80] CXX ../../src/partition_alloc/partition_freelist_entry.cc
[50/80] CXX ../../src/partition_alloc/partition_stats.cc
[51/80] CXX ../../src/partition_alloc/partition_bucket.cc
[52/80] CXX ../../src/partition_alloc/random.cc
[53/80] CXX ../../src/partition_alloc/partition_page.cc
[54/80] CXX ../../src/partition_alloc/reservation_offset_table.cc
[55/80] CXX ../../src/partition_alloc/scheduler_loop_quarantine_support.cc
[56/80] CXX ../../src/partition_alloc/scheduler_loop_quarantine.cc
[57/80] CXX ../../src/partition_alloc/tagging.cc
[58/80] CXX ../../src/partition_alloc/spinning_mutex.cc
[59/80] CXX ../../src/partition_alloc/slot_start.cc
[60/80] CXX ../../src/partition_alloc/slot_address_and_size.cc
[61/80] CXX ../../src/partition_alloc/page_allocator_internals_posix.cc
[62/80] CXX ../../src/partition_alloc/stack/asm/x64/push_registers_asm.cc
[63/80] CXX ../../src/partition_alloc/thread_isolation/pkey.cc
[64/80] CXX ../../src/partition_alloc/stack/stack.cc
[65/80] CXX ../../src/partition_alloc/thread_isolation/thread_isolation.cc
[66/80] CXX ../../src/partition_alloc/shim/allocator_shim.cc
[67/80] CXX ../../src/partition_alloc/thread_cache.cc
[68/80] CXX ../../src/partition_alloc/shim/allocator_shim_dispatch_to_noop_on_free.cc
[69/80] CXX ../../src/partition_alloc/shim/allocator_shim_default_dispatch_to_partition_alloc.cc
[70/80] CXX ../../src/partition_alloc/pointers/realloc_protected_iterator.cc
[71/80] CXX ../../src/partition_alloc/extended_api.cc
[72/80] CXX ../../src/partition_alloc/pointers/instance_tracer.cc
[73/80] CXX ../../src/partition_alloc/pointers/raw_ptr_backup_ref_impl.cc
[74/80] CXX ../../src/partition_alloc/pointers/raw_ptr_counting_impl_for_test.cc
[75/80] CXX ../../src/partition_alloc/partition_alloc_base/threading/platform_thread_linux_for_testing.cc
[76/80] CXX ../../src/partition_alloc/partition_alloc_base/threading/platform_thread_posix_for_testing.cc
[77/80] CXX ../../src/partition_alloc/partition_root.cc
[78/80] LINK (static) liballocator_core.a
[79/80] LINK (static) liballocator_shim.a
[80/80] LINK (static) libraw_ptr.a
