HEAD is now at 5d735856 partition_alloc: Define is_lsan and is_msan for standalone build
WARNING at the command-line "--args":1:250: Build argument has no effect.
is_debug=false use_partition_alloc_as_malloc=true use_allocator_shim=true shim_supports_sized_dealloc=true enable_backup_ref_ptr_support=true enable_backup_ref_ptr_slow_checks=true enable_dangling_raw_ptr_checks=true enable_ios_corruption_hardening=true raw_ptr_zero_on_construct=true raw_ptr_zero_on_move=true raw_ptr_zero_on_destruct=true
                                                                                                                                                                                                                                                         ^---
The variable "enable_ios_corruption_hardening" was set as a build argument
but never appeared in a declare_args() block in any buildfile.

To view all possible args, run "gn args --list <out_dir>"

The build continued as if that argument was unspecified.

Done. Made 15 targets from 8 files in 4ms
ninja: Entering directory `out/release'
[1/81] ACTION //src/partition_alloc:buildflags(//gn/toolchain:clang)
[2/81] CXX ../../src/partition_alloc/partition_alloc_base/check.cc
[3/81] CXX ../../src/partition_alloc/partition_alloc_base/debug/alias.cc
[4/81] CXX ../../src/partition_alloc/partition_alloc_base/log_message.cc
[5/81] CXX ../../src/partition_alloc/partition_alloc_base/logging.cc
[6/81] CXX ../../src/partition_alloc/partition_alloc_base/rand_util.cc
[7/81] CXX ../../src/partition_alloc/partition_alloc_base/strings/string_util.cc
[8/81] CXX ../../src/partition_alloc/partition_alloc_base/memory/ref_counted.cc
[9/81] CXX ../../src/partition_alloc/partition_alloc_base/debug/stack_trace.cc
[10/81] CXX ../../src/partition_alloc/partition_alloc_base/strings/safe_sprintf.cc
[11/81] CXX ../../src/partition_alloc/partition_alloc_base/strings/stringprintf.cc
[12/81] CXX ../../src/partition_alloc/partition_alloc_base/cpu.cc
[13/81] CXX ../../src/partition_alloc/partition_alloc_base/strings/cstring_builder.cc
[14/81] CXX ../../src/partition_alloc/partition_alloc_base/memory/page_size_posix.cc
[15/81] CXX ../../src/partition_alloc/partition_alloc_base/debug/stack_trace_posix.cc
[16/81] CXX ../../src/partition_alloc/partition_alloc_base/process/process_handle_posix.cc
[17/81] CXX ../../src/partition_alloc/partition_alloc_base/files/file_util_posix.cc
[18/81] CXX ../../src/partition_alloc/partition_alloc_base/time/time_override.cc
[19/81] CXX ../../src/partition_alloc/partition_alloc_base/posix/safe_strerror.cc
[20/81] CXX ../../src/partition_alloc/partition_alloc_base/time/time.cc
[21/81] CXX ../../src/partition_alloc/partition_alloc_base/debug/stack_trace_linux.cc
[22/81] CXX ../../src/partition_alloc/partition_alloc_base/threading/platform_thread_posix.cc
[23/81] CXX ../../src/partition_alloc/partition_alloc_base/threading/platform_thread.cc
[24/81] CXX ../../src/partition_alloc/address_space_randomization.cc
[25/81] CXX ../../src/partition_alloc/allocation_guard.cc
[26/81] CXX ../../src/partition_alloc/allocator_config.cc
[27/81] CXX ../../src/partition_alloc/partition_alloc_base/rand_util_posix.cc
[28/81] CXX ../../src/partition_alloc/partition_alloc_base/time/time_now_posix.cc
[29/81] CXX ../../src/partition_alloc/dangling_raw_ptr_checks.cc
[30/81] CXX ../../src/partition_alloc/partition_alloc_base/time/time_conversion_posix.cc
[31/81] LINK (static) liballocator_base.a
[32/81] CXX ../../src/partition_alloc/address_pool_manager_bitmap.cc
[33/81] CXX ../../src/partition_alloc/compressed_pointer.cc
[34/81] CXX ../../src/partition_alloc/gwp_asan_support.cc
[35/81] CXX ../../src/partition_alloc/address_pool_manager.cc
[36/81] CXX ../../src/partition_alloc/oom.cc
[37/81] CXX ../../src/partition_alloc/oom_callback.cc
[38/81] CXX ../../src/partition_alloc/intended_leak.cc
[39/81] CXX ../../src/partition_alloc/bounds_checks.cc
[40/81] CXX ../../src/partition_alloc/memory_reclaimer.cc
[41/81] CXX ../../src/partition_alloc/in_slot_metadata.cc
[42/81] CXX ../../src/partition_alloc/partition_address_space.cc
[43/81] CXX ../../src/partition_alloc/partition_cookie.cc
[44/81] CXX ../../src/partition_alloc/internal_allocator.cc
[45/81] CXX ../../src/partition_alloc/page_allocator.cc
[46/81] CXX ../../src/partition_alloc/partition_oom.cc
[47/81] CXX ../../src/partition_alloc/partition_alloc_hooks.cc
[48/81] CXX ../../src/partition_alloc/partition_freelist_entry.cc
[49/81] CXX ../../src/partition_alloc/partition_dcheck_helper.cc
[50/81] CXX ../../src/partition_alloc/partition_stats.cc
[51/81] CXX ../../src/partition_alloc/partition_alloc.cc
[52/81] CXX ../../src/partition_alloc/random.cc
[53/81] CXX ../../src/partition_alloc/partition_page.cc
[54/81] CXX ../../src/partition_alloc/scheduler_loop_quarantine_support.cc
[55/81] CXX ../../src/partition_alloc/reservation_offset_table.cc
[56/81] CXX ../../src/partition_alloc/partition_bucket.cc
[57/81] CXX ../../src/partition_alloc/slot_address_and_size.cc
[58/81] CXX ../../src/partition_alloc/tagging.cc
[59/81] CXX ../../src/partition_alloc/spinning_mutex.cc
[60/81] CXX ../../src/partition_alloc/scheduler_loop_quarantine.cc
[61/81] CXX ../../src/partition_alloc/thread_isolation/pkey.cc
[62/81] CXX ../../src/partition_alloc/page_allocator_internals_posix.cc
[63/81] CXX ../../src/partition_alloc/stack/asm/x64/push_registers_asm.cc
[64/81] CXX ../../src/partition_alloc/slot_start.cc
[65/81] CXX ../../src/partition_alloc/stack/stack.cc
[66/81] CXX ../../src/partition_alloc/thread_isolation/thread_isolation.cc
[67/81] CXX ../../src/partition_alloc/shim/allocator_shim_dispatch_to_noop_on_free.cc
[68/81] CXX ../../src/partition_alloc/pointers/instance_tracer.cc
[69/81] CXX ../../src/partition_alloc/shim/allocator_shim.cc
[70/81] CXX ../../src/partition_alloc/thread_cache.cc
[71/81] CXX ../../src/partition_alloc/pointers/realloc_protected_iterator.cc
[72/81] CXX ../../src/partition_alloc/shim/allocator_shim_default_dispatch_to_partition_alloc.cc
[73/81] CXX ../../src/partition_alloc/extended_api.cc
[74/81] CXX ../../src/partition_alloc/partition_alloc_base/threading/platform_thread_linux_for_testing.cc
[75/81] CXX ../../src/partition_alloc/pointers/raw_ptr_counting_impl_for_test.cc
[76/81] CXX ../../src/partition_alloc/pointers/raw_ptr_backup_ref_impl.cc
[77/81] CXX ../../src/partition_alloc/partition_alloc_base/threading/platform_thread_posix_for_testing.cc
[78/81] CXX ../../src/partition_alloc/partition_root.cc
[79/81] LINK (static) liballocator_core.a
[80/81] LINK (static) liballocator_shim.a
[81/81] LINK (static) libraw_ptr.a
