HEAD is now at 75037eb5 Rename Time::kTimeTToMicrosecondsOffset to kMicrosecondsFromWindowsToUnixEpoch
WARNING at the command-line "--args":1:250: Build argument has no effect.
is_debug=false use_partition_alloc_as_malloc=true use_allocator_shim=true shim_supports_sized_dealloc=true enable_backup_ref_ptr_support=true enable_backup_ref_ptr_slow_checks=true enable_dangling_raw_ptr_checks=true enable_ios_corruption_hardening=true raw_ptr_zero_on_construct=true raw_ptr_zero_on_move=true raw_ptr_zero_on_destruct=true
                                                                                                                                                                                                                                                         ^---
The variable "enable_ios_corruption_hardening" was set as a build argument
but never appeared in a declare_args() block in any buildfile.

To view all possible args, run "gn args --list <out_dir>"

The build continued as if that argument was unspecified.

Done. Made 15 targets from 8 files in 4ms
ninja: Entering directory `out/release'
[1/46] CXX ../../src/partition_alloc/partition_alloc_base/time/time_conversion_posix.cc
[2/46] CXX ../../src/partition_alloc/partition_alloc_base/time/time_override.cc
[3/46] CXX ../../src/partition_alloc/partition_alloc_base/threading/platform_thread.cc
[4/46] CXX ../../src/partition_alloc/partition_alloc_base/debug/stack_trace.cc
[5/46] CXX ../../src/partition_alloc/partition_alloc_base/threading/platform_thread_posix.cc
[6/46] CXX ../../src/partition_alloc/partition_alloc_base/time/time_now_posix.cc
[7/46] CXX ../../src/partition_alloc/partition_alloc_base/time/time.cc
[8/46] LINK (static) liballocator_base.a
[9/46] CXX ../../src/partition_alloc/address_pool_manager_bitmap.cc
[10/46] CXX ../../src/partition_alloc/address_pool_manager.cc
[11/46] CXX ../../src/partition_alloc/gwp_asan_support.cc
[12/46] CXX ../../src/partition_alloc/bounds_checks.cc
[13/46] CXX ../../src/partition_alloc/in_slot_metadata.cc
[14/46] CXX ../../src/partition_alloc/intended_leak.cc
[15/46] CXX ../../src/partition_alloc/page_allocator.cc
[16/46] CXX ../../src/partition_alloc/internal_allocator.cc
[17/46] CXX ../../src/partition_alloc/memory_reclaimer.cc
[18/46] CXX ../../src/partition_alloc/partition_address_space.cc
[19/46] CXX ../../src/partition_alloc/partition_alloc.cc
[20/46] CXX ../../src/partition_alloc/partition_alloc_hooks.cc
[21/46] CXX ../../src/partition_alloc/partition_bucket.cc
[22/46] CXX ../../src/partition_alloc/random.cc
[23/46] CXX ../../src/partition_alloc/partition_dcheck_helper.cc
[24/46] CXX ../../src/partition_alloc/partition_page.cc
[25/46] CXX ../../src/partition_alloc/reservation_offset_table.cc
[26/46] CXX ../../src/partition_alloc/scheduler_loop_quarantine_support.cc
[27/46] CXX ../../src/partition_alloc/slot_address_and_size.cc
[28/46] CXX ../../src/partition_alloc/scheduler_loop_quarantine.cc
[29/46] CXX ../../src/partition_alloc/spinning_mutex.cc
[30/46] CXX ../../src/partition_alloc/slot_start.cc
[31/46] CXX ../../src/partition_alloc/stack/stack.cc
[32/46] CXX ../../src/partition_alloc/thread_isolation/thread_isolation.cc
[33/46] CXX ../../src/partition_alloc/shim/allocator_shim.cc
[34/46] CXX ../../src/partition_alloc/shim/allocator_shim_dispatch_to_noop_on_free.cc
[35/46] CXX ../../src/partition_alloc/thread_cache.cc
[36/46] CXX ../../src/partition_alloc/shim/allocator_shim_default_dispatch_to_partition_alloc.cc
[37/46] CXX ../../src/partition_alloc/pointers/instance_tracer.cc
[38/46] CXX ../../src/partition_alloc/pointers/realloc_protected_iterator.cc
[39/46] CXX ../../src/partition_alloc/pointers/raw_ptr_backup_ref_impl.cc
[40/46] CXX ../../src/partition_alloc/partition_alloc_base/threading/platform_thread_linux_for_testing.cc
[41/46] CXX ../../src/partition_alloc/extended_api.cc
[42/46] CXX ../../src/partition_alloc/partition_alloc_base/threading/platform_thread_posix_for_testing.cc
[43/46] CXX ../../src/partition_alloc/partition_root.cc
[44/46] LINK (static) liballocator_core.a
[45/46] LINK (static) liballocator_shim.a
[46/46] LINK (static) libraw_ptr.a
