HEAD is now at ae870b57 Partition Alloc: Cutting the Cord!
WARNING at the command-line "--args":1:250: Build argument has no effect.
is_debug=false use_partition_alloc_as_malloc=true use_allocator_shim=true shim_supports_sized_dealloc=true enable_backup_ref_ptr_support=true enable_backup_ref_ptr_slow_checks=true enable_dangling_raw_ptr_checks=true enable_ios_corruption_hardening=true raw_ptr_zero_on_construct=true raw_ptr_zero_on_move=true raw_ptr_zero_on_destruct=true
                                                                                                                                                                                                                                                         ^---
The variable "enable_ios_corruption_hardening" was set as a build argument
but never appeared in a declare_args() block in any buildfile.

To view all possible args, run "gn args --list <out_dir>"

The build continued as if that argument was unspecified.

Done. Made 15 targets from 9 files in 17ms
ninja: Entering directory `out/release'
[1/72] ACTION //src/partition_alloc:chromecast_buildflags(//gn/toolchain:clang)
[2/72] ACTION //src/partition_alloc:chromeos_buildflags(//gn/toolchain:clang)
[3/72] ACTION //src/partition_alloc:partition_alloc_buildflags(//gn/toolchain:clang)
[4/72] ACTION //src/partition_alloc:raw_ptr_buildflags(//gn/toolchain:clang)
[5/72] ACTION //src/partition_alloc:debugging_buildflags(//gn/toolchain:clang)
[6/72] CXX ../../src/partition_alloc/partition_alloc_base/check.cc
[7/72] CXX ../../src/partition_alloc/partition_alloc_base/debug/alias.cc
[8/72] CXX ../../src/partition_alloc/partition_alloc_base/strings/string_util.cc
[9/72] CXX ../../src/partition_alloc/partition_alloc_base/process/process_handle_posix.cc
[10/72] CXX ../../src/partition_alloc/partition_alloc_base/debug/stack_trace_linux.cc
[11/72] CXX ../../src/partition_alloc/allocation_guard.cc
[12/72] CXX ../../src/partition_alloc/partition_oom.cc
[13/72] CXX ../../src/partition_alloc/dangling_raw_ptr_checks.cc
[14/72] CXX ../../src/partition_alloc/oom.cc
[15/72] CXX ../../src/partition_alloc/oom_callback.cc
[16/72] CXX ../../src/partition_alloc/partition_alloc_base/memory/page_size_posix.cc
[17/72] CXX ../../src/partition_alloc/page_allocator_internals_posix.cc
[18/72] CXX ../../src/partition_alloc/address_space_randomization.cc
[19/72] CXX ../../src/partition_alloc/tagging.cc
[20/72] CXX ../../src/partition_alloc/thread_isolation/pkey.cc
[21/72] CXX ../../src/partition_alloc/partition_alloc_base/files/file_util_posix.cc
[22/72] CXX ../../src/partition_alloc/partition_alloc_base/debug/stack_trace_posix.cc
[23/72] CXX ../../src/partition_alloc/partition_alloc_base/logging.cc
[24/72] CXX ../../src/partition_alloc/partition_alloc_base/strings/cstring_builder.cc
[25/72] CXX ../../src/partition_alloc/partition_stats.cc
[26/72] CXX ../../src/partition_alloc/compressed_pointer.cc
[27/72] CXX ../../src/partition_alloc/partition_alloc_base/rand_util.cc
[28/72] CXX ../../src/partition_alloc/partition_alloc_base/strings/safe_sprintf.cc
[29/72] CXX ../../src/partition_alloc/partition_alloc_base/posix/safe_strerror.cc
[30/72] CXX ../../src/partition_alloc/partition_alloc_base/strings/stringprintf.cc
[31/72] CXX ../../src/partition_alloc/partition_alloc_base/log_message.cc
[32/72] CXX ../../src/partition_alloc/spinning_mutex.cc
[33/72] CXX ../../src/partition_alloc/shim/allocator_shim_dispatch_to_noop_on_free.cc
[34/72] CXX ../../src/partition_alloc/partition_alloc_base/rand_util_posix.cc
[35/72] CXX ../../src/partition_alloc/partition_alloc_base/cpu.cc
[36/72] CXX ../../src/partition_alloc/partition_alloc_base/memory/ref_counted.cc
[37/72] CXX ../../src/partition_alloc/partition_alloc_base/debug/stack_trace.cc
[38/72] CXX ../../src/partition_alloc/partition_alloc_base/time/time_conversion_posix.cc
[39/72] CXX ../../src/partition_alloc/partition_alloc_base/time/time.cc
[40/72] CXX ../../src/partition_alloc/partition_alloc_base/time/time_now_posix.cc
[41/72] CXX ../../src/partition_alloc/partition_alloc_base/threading/platform_thread_posix.cc
[42/72] CXX ../../src/partition_alloc/partition_address_space.cc
[43/72] CXX ../../src/partition_alloc/partition_alloc_base/threading/platform_thread.cc
[44/72] CXX ../../src/partition_alloc/random.cc
[45/72] CXX ../../src/partition_alloc/partition_alloc_base/time/time_override.cc
[46/72] CXX ../../src/partition_alloc/reservation_offset_table.cc
[47/72] CXX ../../src/partition_alloc/partition_freelist_entry.cc
[48/72] CXX ../../src/partition_alloc/partition_alloc_hooks.cc
[49/72] LINK (static) liballocator_base.a
[50/72] CXX ../../src/partition_alloc/address_pool_manager_bitmap.cc
[51/72] CXX ../../src/partition_alloc/page_allocator.cc
[52/72] CXX ../../src/partition_alloc/address_pool_manager.cc
[53/72] CXX ../../src/partition_alloc/thread_isolation/thread_isolation.cc
[54/72] CXX ../../src/partition_alloc/partition_dcheck_helper.cc
[55/72] CXX ../../src/partition_alloc/pointers/instance_tracer.cc
[56/72] CXX ../../src/partition_alloc/partition_page.cc
[57/72] CXX ../../src/partition_alloc/partition_alloc.cc
[58/72] CXX ../../src/partition_alloc/memory_reclaimer.cc
[59/72] CXX ../../src/partition_alloc/gwp_asan_support.cc
[60/72] CXX ../../src/partition_alloc/shim/allocator_shim.cc
[61/72] CXX ../../src/partition_alloc/internal_allocator.cc
[62/72] CXX ../../src/partition_alloc/lightweight_quarantine.cc
[63/72] CXX ../../src/partition_alloc/stack/stack.cc
[64/72] CXX ../../src/partition_alloc/shim/nonscannable_allocator.cc
[65/72] CXX ../../src/partition_alloc/thread_cache.cc
[66/72] CXX ../../src/partition_alloc/partition_bucket.cc
[67/72] CXX ../../src/partition_alloc/pointers/raw_ptr_backup_ref_impl.cc
[68/72] CXX ../../src/partition_alloc/partition_root.cc
[69/72] LINK (static) liballocator_core.a
[70/72] CXX ../../src/partition_alloc/shim/allocator_shim_default_dispatch_to_partition_alloc.cc
[71/72] LINK (static) liballocator_shim.a
[72/72] LINK (static) libraw_ptr.a
