HEAD is now at b12f7b4f [PA] Separate Scheduler-Loop quarantine branch for AMSC
Done. Made 15 targets from 8 files in 4ms
ninja: Entering directory `out/release'
[1/35] CXX ../../src/partition_alloc/compressed_pointer.cc
[2/35] CXX ../../src/partition_alloc/address_pool_manager_bitmap.cc
[3/35] CXX ../../src/partition_alloc/address_pool_manager.cc
[4/35] CXX ../../src/partition_alloc/in_slot_metadata.cc
[5/35] CXX ../../src/partition_alloc/gwp_asan_support.cc
[6/35] CXX ../../src/partition_alloc/memory_reclaimer.cc
[7/35] CXX ../../src/partition_alloc/internal_allocator.cc
[8/35] CXX ../../src/partition_alloc/partition_cookie.cc
[9/35] CXX ../../src/partition_alloc/partition_address_space.cc
[10/35] CXX ../../src/partition_alloc/partition_freelist_entry.cc
[11/35] CXX ../../src/partition_alloc/partition_alloc_hooks.cc
[12/35] CXX ../../src/partition_alloc/partition_alloc.cc
[13/35] CXX ../../src/partition_alloc/partition_stats.cc
[14/35] CXX ../../src/partition_alloc/partition_bucket.cc
[15/35] CXX ../../src/partition_alloc/partition_dcheck_helper.cc
[16/35] CXX ../../src/partition_alloc/reservation_offset_table.cc
[17/35] CXX ../../src/partition_alloc/partition_page.cc
[18/35] CXX ../../src/partition_alloc/thread_isolation/thread_isolation.cc
[19/35] CXX ../../src/partition_alloc/scheduler_loop_quarantine_support.cc
[20/35] CXX ../../src/partition_alloc/thread_cache.cc
[21/35] CXX ../../src/partition_alloc/stack/stack.cc
[22/35] CXX ../../src/partition_alloc/shim/allocator_shim_dispatch_to_noop_on_free.cc
[23/35] CXX ../../src/partition_alloc/scheduler_loop_quarantine.cc
[24/35] CXX ../../src/partition_alloc/shim/allocator_shim.cc
[25/35] CXX ../../src/partition_alloc/partition_root.cc
[26/35] LINK (static) liballocator_core.a
[27/35] CXX ../../src/partition_alloc/shim/allocator_shim_default_dispatch_to_partition_alloc_with_advanced_checks.cc
[28/35] CXX ../../src/partition_alloc/pointers/instance_tracer.cc
[29/35] CXX ../../src/partition_alloc/pointers/raw_ptr_counting_impl_for_test.cc
[30/35] CXX ../../src/partition_alloc/extended_api.cc
[31/35] CXX ../../src/partition_alloc/partition_alloc_base/threading/platform_thread_posix_for_testing.cc
[32/35] CXX ../../src/partition_alloc/pointers/raw_ptr_backup_ref_impl.cc
[33/35] CXX ../../src/partition_alloc/shim/allocator_shim_default_dispatch_to_partition_alloc.cc
[34/35] LINK (static) liballocator_shim.a
[35/35] LINK (static) libraw_ptr.a
