HEAD is now at b5258e20 [partition_alloc] Rename IS_CAST_ANDROID to ENABLE_SYSTEM_FREE_FALLBACK
WARNING at the command-line "--args":1:250: Build argument has no effect.
is_debug=false use_partition_alloc_as_malloc=true use_allocator_shim=true shim_supports_sized_dealloc=true enable_backup_ref_ptr_support=true enable_backup_ref_ptr_slow_checks=true enable_dangling_raw_ptr_checks=true enable_ios_corruption_hardening=true raw_ptr_zero_on_construct=true raw_ptr_zero_on_move=true raw_ptr_zero_on_destruct=true
                                                                                                                                                                                                                                                         ^---
The variable "enable_ios_corruption_hardening" was set as a build argument
but never appeared in a declare_args() block in any buildfile.

To view all possible args, run "gn args --list <out_dir>"

The build continued as if that argument was unspecified.

Done. Made 14 targets from 8 files in 4ms
ninja: Entering directory `out/release'
[1/79] ACTION //src/partition_alloc:buildflags(//gn/toolchain:clang)
[2/79] CXX ../../src/partition_alloc/partition_alloc_base/debug/alias.cc
[3/79] CXX ../../src/partition_alloc/partition_alloc_base/check.cc
[4/79] CXX ../../src/partition_alloc/partition_alloc_base/logging.cc
[5/79] CXX ../../src/partition_alloc/partition_alloc_base/rand_util.cc
[6/79] CXX ../../src/partition_alloc/partition_alloc_base/log_message.cc
[7/79] CXX ../../src/partition_alloc/partition_alloc_base/strings/string_util.cc
[8/79] CXX ../../src/partition_alloc/partition_alloc_base/cpu.cc
[9/79] CXX ../../src/partition_alloc/partition_alloc_base/memory/ref_counted.cc
[10/79] CXX ../../src/partition_alloc/partition_alloc_base/debug/stack_trace.cc
[11/79] CXX ../../src/partition_alloc/partition_alloc_base/strings/safe_sprintf.cc
[12/79] CXX ../../src/partition_alloc/partition_alloc_base/strings/cstring_builder.cc
[13/79] CXX ../../src/partition_alloc/partition_alloc_base/strings/stringprintf.cc
[14/79] CXX ../../src/partition_alloc/partition_alloc_base/memory/page_size_posix.cc
[15/79] CXX ../../src/partition_alloc/partition_alloc_base/debug/stack_trace_posix.cc
[16/79] CXX ../../src/partition_alloc/partition_alloc_base/process/process_handle_posix.cc
[17/79] CXX ../../src/partition_alloc/partition_alloc_base/files/file_util_posix.cc
[18/79] CXX ../../src/partition_alloc/partition_alloc_base/time/time_override.cc
[19/79] CXX ../../src/partition_alloc/partition_alloc_base/posix/safe_strerror.cc
[20/79] CXX ../../src/partition_alloc/partition_alloc_base/debug/stack_trace_linux.cc
[21/79] CXX ../../src/partition_alloc/partition_alloc_base/threading/platform_thread.cc
[22/79] CXX ../../src/partition_alloc/partition_alloc_base/rand_util_posix.cc
[23/79] CXX ../../src/partition_alloc/partition_alloc_base/time/time_conversion_posix.cc
[24/79] CXX ../../src/partition_alloc/address_space_randomization.cc
[25/79] CXX ../../src/partition_alloc/partition_alloc_base/time/time.cc
[26/79] CXX ../../src/partition_alloc/allocation_guard.cc
[27/79] CXX ../../src/partition_alloc/partition_alloc_base/threading/platform_thread_posix.cc
[28/79] CXX ../../src/partition_alloc/allocator_config.cc
[29/79] CXX ../../src/partition_alloc/dangling_raw_ptr_checks.cc
[30/79] CXX ../../src/partition_alloc/partition_alloc_base/time/time_now_posix.cc
[31/79] LINK (static) liballocator_base.a
[32/79] CXX ../../src/partition_alloc/compressed_pointer.cc
[33/79] CXX ../../src/partition_alloc/address_pool_manager_bitmap.cc
[34/79] CXX ../../src/partition_alloc/address_pool_manager.cc
[35/79] CXX ../../src/partition_alloc/oom.cc
[36/79] CXX ../../src/partition_alloc/oom_callback.cc
[37/79] CXX ../../src/partition_alloc/bounds_checks.cc
[38/79] CXX ../../src/partition_alloc/gwp_asan_support.cc
[39/79] CXX ../../src/partition_alloc/in_slot_metadata.cc
[40/79] CXX ../../src/partition_alloc/page_allocator.cc
[41/79] CXX ../../src/partition_alloc/memory_reclaimer.cc
[42/79] CXX ../../src/partition_alloc/internal_allocator.cc
[43/79] CXX ../../src/partition_alloc/partition_cookie.cc
[44/79] CXX ../../src/partition_alloc/partition_address_space.cc
[45/79] CXX ../../src/partition_alloc/partition_oom.cc
[46/79] CXX ../../src/partition_alloc/partition_freelist_entry.cc
[47/79] CXX ../../src/partition_alloc/partition_alloc_hooks.cc
[48/79] CXX ../../src/partition_alloc/partition_alloc.cc
[49/79] CXX ../../src/partition_alloc/partition_stats.cc
[50/79] CXX ../../src/partition_alloc/partition_dcheck_helper.cc
[51/79] CXX ../../src/partition_alloc/random.cc
[52/79] CXX ../../src/partition_alloc/partition_bucket.cc
[53/79] CXX ../../src/partition_alloc/partition_page.cc
[54/79] CXX ../../src/partition_alloc/reservation_offset_table.cc
[55/79] CXX ../../src/partition_alloc/scheduler_loop_quarantine_support.cc
[56/79] CXX ../../src/partition_alloc/spinning_mutex.cc
[57/79] CXX ../../src/partition_alloc/tagging.cc
[58/79] CXX ../../src/partition_alloc/slot_address_and_size.cc
[59/79] CXX ../../src/partition_alloc/thread_isolation/pkey.cc
[60/79] CXX ../../src/partition_alloc/slot_start.cc
[61/79] CXX ../../src/partition_alloc/page_allocator_internals_posix.cc
[62/79] CXX ../../src/partition_alloc/stack/asm/x64/push_registers_asm.cc
[63/79] CXX ../../src/partition_alloc/partition_root.cc
[64/79] CXX ../../src/partition_alloc/thread_isolation/thread_isolation.cc
[65/79] CXX ../../src/partition_alloc/stack/stack.cc
[66/79] CXX ../../src/partition_alloc/shim/allocator_shim.cc
[67/79] CXX ../../src/partition_alloc/scheduler_loop_quarantine.cc
[68/79] CXX ../../src/partition_alloc/thread_cache.cc
[69/79] LINK (static) liballocator_core.a
[70/79] CXX ../../src/partition_alloc/shim/allocator_shim_dispatch_to_noop_on_free.cc
[71/79] CXX ../../src/partition_alloc/pointers/raw_ptr_counting_impl_for_test.cc
[72/79] CXX ../../src/partition_alloc/pointers/instance_tracer.cc
[73/79] CXX ../../src/partition_alloc/extended_api.cc
[74/79] CXX ../../src/partition_alloc/pointers/raw_ptr_backup_ref_impl.cc
[75/79] CXX ../../src/partition_alloc/partition_alloc_base/threading/platform_thread_linux_for_testing.cc
[76/79] CXX ../../src/partition_alloc/partition_alloc_base/threading/platform_thread_posix_for_testing.cc
[77/79] CXX ../../src/partition_alloc/shim/allocator_shim_default_dispatch_to_partition_alloc.cc
[78/79] LINK (static) liballocator_shim.a
[79/79] LINK (static) libraw_ptr.a
