HEAD is now at f093cfa3 Checked Span: Prevent wraparound spans
WARNING at the command-line "--args":1:250: Build argument has no effect.
is_debug=false use_partition_alloc_as_malloc=true use_allocator_shim=true shim_supports_sized_dealloc=true enable_backup_ref_ptr_support=true enable_backup_ref_ptr_slow_checks=true enable_dangling_raw_ptr_checks=true enable_ios_corruption_hardening=true raw_ptr_zero_on_construct=true raw_ptr_zero_on_move=true raw_ptr_zero_on_destruct=true
                                                                                                                                                                                                                                                         ^---
The variable "enable_ios_corruption_hardening" was set as a build argument
but never appeared in a declare_args() block in any buildfile.

To view all possible args, run "gn args --list <out_dir>"

The build continued as if that argument was unspecified.

Done. Made 15 targets from 8 files in 3ms
ninja: Entering directory `out/release'
[1/34] CXX ../../src/partition_alloc/compressed_pointer.cc
[2/34] CXX ../../src/partition_alloc/bounds_checks.cc
[3/34] CXX ../../src/partition_alloc/in_slot_metadata.cc
[4/34] CXX ../../src/partition_alloc/address_pool_manager.cc
[5/34] CXX ../../src/partition_alloc/memory_reclaimer.cc
[6/34] CXX ../../src/partition_alloc/internal_allocator.cc
[7/34] CXX ../../src/partition_alloc/gwp_asan_support.cc
[8/34] CXX ../../src/partition_alloc/partition_alloc.cc
[9/34] CXX ../../src/partition_alloc/partition_freelist_entry.cc
[10/34] CXX ../../src/partition_alloc/partition_address_space.cc
[11/34] CXX ../../src/partition_alloc/reservation_offset_table.cc
[12/34] CXX ../../src/partition_alloc/partition_page.cc
[13/34] CXX ../../src/partition_alloc/partition_dcheck_helper.cc
[14/34] CXX ../../src/partition_alloc/partition_bucket.cc
[15/34] CXX ../../src/partition_alloc/scheduler_loop_quarantine_support.cc
[16/34] CXX ../../src/partition_alloc/slot_address_and_size.cc
[17/34] CXX ../../src/partition_alloc/scheduler_loop_quarantine.cc
[18/34] CXX ../../src/partition_alloc/slot_start.cc
[19/34] CXX ../../src/partition_alloc/thread_isolation/pkey.cc
[20/34] CXX ../../src/partition_alloc/stack/stack.cc
[21/34] CXX ../../src/partition_alloc/pointers/instance_tracer.cc
[22/34] CXX ../../src/partition_alloc/thread_isolation/thread_isolation.cc
[23/34] CXX ../../src/partition_alloc/thread_cache.cc
[24/34] CXX ../../src/partition_alloc/shim/allocator_shim.cc
[25/34] CXX ../../src/partition_alloc/pointers/realloc_protected_iterator.cc
[26/34] CXX ../../src/partition_alloc/shim/allocator_shim_default_dispatch_to_partition_alloc.cc
[27/34] CXX ../../src/partition_alloc/pointers/raw_ptr_counting_impl_for_test.cc
[28/34] CXX ../../src/partition_alloc/pointers/raw_ptr_backup_ref_impl.cc
[29/34] CXX ../../src/partition_alloc/extended_api.cc
[30/34] CXX ../../src/partition_alloc/partition_alloc_base/threading/platform_thread_posix_for_testing.cc
[31/34] CXX ../../src/partition_alloc/partition_root.cc
[32/34] LINK (static) liballocator_core.a
[33/34] LINK (static) liballocator_shim.a
[34/34] LINK (static) libraw_ptr.a
